# JRE version: OpenJDK Runtime Environment (8.0_262-b10) (build 1.8.0_262-b10)
# Java VM: OpenJDK 64-Bit Server VM (25.262-b10 mixed mode linux-amd64 compressed oops)
Heap:
 PSYoungGen      total 291328K, used 236032K [0x00000000eab00000, 0x0000000100000000, 0x0000000100000000)
  eden space 236032K, 100% used [0x00000000eab00000,0x00000000f9180000,0x00000000f9180000)
  from space 55296K, 0% used [0x00000000f9180000,0x00000000f9180000,0x00000000fc780000)
  to   space 56320K, 0% used [0x00000000fc900000,0x00000000fc900000,0x0000000100000000)
 ParOldGen       total 699392K, used 699271K [0x00000000c0000000, 0x00000000eab00000, 0x00000000eab00000)
  object space 699392K, 99% used [0x00000000c0000000,0x00000000eaae1d48,0x00000000eab00000)
 Metaspace       used 15752K, capacity 16346K, committed 16768K, reserved 1062912K
  class space    used 2138K, capacity 2284K, committed 2432K, reserved 1048576K
GC Heap History (250 events):
Event: 66510.441 GC heap after
Heap after GC invocations=5597 (full 3708):
 PSYoungGen      total 291328K, used 40979K [0x00000000eab00000, 0x0000000100000000, 0x0000000100000000)
  eden space 236032K, 17% used [0x00000000eab00000,0x00000000ed304cd8,0x00000000f9180000)
  from space 55296K, 0% used [0x00000000f9180000,0x00000000f9180000,0x00000000fc780000)
  to   space 56320K, 0% used [0x00000000fc900000,0x00000000fc900000,0x0000000100000000)
 ParOldGen       total 699392K, used 699271K [0x00000000c0000000, 0x00000000eab00000, 0x00000000eab00000)
  object space 699392K, 99% used [0x00000000c0000000,0x00000000eaae1d48,0x00000000eab00000)
 Metaspace       used 15752K, capacity 16346K, committed 16768K, reserved 1062912K
  class space    used 2138K, capacity 2284K, committed 2432K, reserved 1048576K
}
Event: 66510.529 GC heap before
{Heap before GC invocations=5598 (full 3709):
 PSYoungGen      total 291328K, used 236032K [0x00000000eab00000, 0x0000000100000000, 0x0000000100000000)
  eden space 236032K, 100% used [0x00000000eab00000,0x00000000f9180000,0x00000000f9180000)
  from space 55296K, 0% used [0x00000000f9180000,0x00000000f9180000,0x00000000fc780000)
  to   space 56320K, 0% used [0x00000000fc900000,0x00000000fc900000,0x0000000100000000)
 ParOldGen       total 699392K, used 699271K [0x00000000c0000000, 0x00000000eab00000, 0x00000000eab00000)
  object space 699392K, 99% used [0x00000000c0000000,0x00000000eaae1d48,0x00000000eab00000)
 Metaspace       used 15752K, capacity 16346K, committed 16768K, reserved 1062912K
  class space    used 2138K, capacity 2284K, committed 2432K, reserved 1048576K
Event: 66510.736 GC heap after
Heap after GC invocations=5598 (full 3709):
 PSYoungGen      total 291328K, used 41204K [0x00000000eab00000, 0x0000000100000000, 0x0000000100000000)
  eden space 236032K, 17% used [0x00000000eab00000,0x00000000ed33d1d8,0x00000000f9180000)
  from space 55296K, 0% used [0x00000000f9180000,0x00000000f9180000,0x00000000fc780000)
  to   space 56320K, 0% used [0x00000000fc900000,0x00000000fc900000,0x0000000100000000)
 ParOldGen       total 699392K, used 699271K [0x00000000c0000000, 0x00000000eab00000, 0x00000000eab00000)
  object space 699392K, 99% used [0x00000000c0000000,0x00000000eaae1d48,0x00000000eab00000)
 Metaspace       used 15752K, capacity 16346K, committed 16768K, reserved 1062912K
  class space    used 2138K, capacity 2284K, committed 2432K, reserved 1048576K
}
Event: 66510.824 GC heap before
{Heap before GC invocations=5599 (full 3710):
 PSYoungGen      total 291328K, used 236032K [0x00000000eab00000, 0x0000000100000000, 0x0000000100000000)
  eden space 236032K, 100% used [0x00000000eab00000,0x00000000f9180000,0x00000000f9180000)
  from space 55296K, 0% used [0x00000000f9180000,0x00000000f9180000,0x00000000fc780000)
  to   space 56320K, 0% used [0x00000000fc900000,0x00000000fc900000,0x0000000100000000)
 ParOldGen       total 699392K, used 699271K [0x00000000c0000000, 0x00000000eab00000, 0x00000000eab00000)
  object space 699392K, 99% used [0x00000000c0000000,0x00000000eaae1d48,0x00000000eab00000)
 Metaspace       used 15752K, capacity 16346K, committed 16768K, reserved 1062912K
  class space    used 2138K, capacity 2284K, committed 2432K, reserved 1048576K
Event: 66511.036 GC heap after
Heap after GC invocations=5599 (full 3710):
 PSYoungGen      total 291328K, used 41423K [0x00000000eab00000, 0x0000000100000000, 0x0000000100000000)
  eden space 236032K, 17% used [0x00000000eab00000,0x00000000ed373f90,0x00000000f9180000)
  from space 55296K, 0% used [0x00000000f9180000,0x00000000f9180000,0x00000000fc780000)
  to   space 56320K, 0% used [0x00000000fc900000,0x00000000fc900000,0x0000000100000000)
 ParOldGen       total 699392K, used 699271K [0x00000000c0000000, 0x00000000eab00000, 0x00000000eab00000)
  object space 699392K, 99% used [0x00000000c0000000,0x00000000eaae1d48,0x00000000eab00000)
 Metaspace       used 15752K, capacity 16346K, committed 16768K, reserved 1062912K
  class space    used 2138K, capacity 2284K, committed 2432K, reserved 1048576K
}
Event: 66511.162 GC heap before
{Heap before GC invocations=5600 (full 3711):
 PSYoungGen      total 291328K, used 236032K [0x00000000eab00000, 0x0000000100000000, 0x0000000100000000)
  eden space 236032K, 100% used [0x00000000eab00000,0x00000000f9180000,0x00000000f9180000)
  from space 55296K, 0% used [0x00000000f9180000,0x00000000f9180000,0x00000000fc780000)
  to   space 56320K, 0% used [0x00000000fc900000,0x00000000fc900000,0x0000000100000000)
 ParOldGen       total 699392K, used 699271K [0x00000000c0000000, 0x00000000eab00000, 0x00000000eab00000)
  object space 699392K, 99% used [0x00000000c0000000,0x00000000eaae1d48,0x00000000eab00000)
 Metaspace       used 15752K, capacity 16346K, committed 16768K, reserved 1062912K
  class space    used 2138K, capacity 2284K, committed 2432K, reserved 1048576K
Event: 66511.369 GC heap after
Heap after GC invocations=5600 (full 3711):
 PSYoungGen      total 291328K, used 39874K [0x00000000eab00000, 0x0000000100000000, 0x0000000100000000)
  eden space 236032K, 16% used [0x00000000eab00000,0x00000000ed1f0bc0,0x00000000f9180000)
  from space 55296K, 0% used [0x00000000f9180000,0x00000000f9180000,0x00000000fc780000)
  to   space 56320K, 0% used [0x00000000fc900000,0x00000000fc900000,0x0000000100000000)
 ParOldGen       total 699392K, used 699271K [0x00000000c0000000, 0x00000000eab00000, 0x00000000eab00000)
  object space 699392K, 99% used [0x00000000c0000000,0x00000000eaae1d48,0x00000000eab00000)
 Metaspace       used 15752K, capacity 16346K, committed 16768K, reserved 1062912K
  class space    used 2138K, capacity 2284K, committed 2432K, reserved 1048576K
}
Event: 66511.459 GC heap before
{Heap before GC invocations=5601 (full 3712):
 PSYoungGen      total 291328K, used 236032K [0x00000000eab00000, 0x0000000100000000, 0x0000000100000000)
  eden space 236032K, 100% used [0x00000000eab00000,0x00000000f9180000,0x00000000f9180000)
  from space 55296K, 0% used [0x00000000f9180000,0x00000000f9180000,0x00000000fc780000)
  to   space 56320K, 0% used [0x00000000fc900000,0x00000000fc900000,0x0000000100000000)
 ParOldGen       total 699392K, used 699271K [0x00000000c0000000, 0x00000000eab00000, 0x00000000eab00000)
  object space 699392K, 99% used [0x00000000c0000000,0x00000000eaae1d48,0x00000000eab00000)
 Metaspace       used 15752K, capacity 16346K, committed 16768K, reserved 1062912K
  class space    used 2138K, capacity 2284K, committed 2432K, reserved 1048576K
Event: 66511.673 GC heap after
Heap after GC invocations=5601 (full 3712):
 PSYoungGen      total 291328K, used 40144K [0x00000000eab00000, 0x0000000100000000, 0x0000000100000000)
  eden space 236032K, 17% used [0x00000000eab00000,0x00000000ed2340b0,0x00000000f9180000)
  from space 55296K, 0% used [0x00000000f9180000,0x00000000f9180000,0x00000000fc780000)
  to   space 56320K, 0% used [0x00000000fc900000,0x00000000fc900000,0x0000000100000000)
 ParOldGen       total 699392K, used 699271K [0x00000000c0000000, 0x00000000eab00000, 0x00000000eab00000)
  object space 699392K, 99% used [0x00000000c0000000,0x00000000eaae1d48,0x00000000eab00000)
 Metaspace       used 15752K, capacity 16346K, committed 16768K, reserved 1062912K
  class space    used 2138K, capacity 2284K, committed 2432K, reserved 1048576K
}
Event: 66511.766 GC heap before
{Heap before GC invocations=5602 (full 3713):
 PSYoungGen      total 291328K, used 236032K [0x00000000eab00000, 0x0000000100000000, 0x0000000100000000)
  eden space 236032K, 100% used [0x00000000eab00000,0x00000000f9180000,0x00000000f9180000)
  from space 55296K, 0% used [0x00000000f9180000,0x00000000f9180000,0x00000000fc780000)
  to   space 56320K, 0% used [0x00000000fc900000,0x00000000fc900000,0x0000000100000000)
 ParOldGen       total 699392K, used 699271K [0x00000000c0000000, 0x00000000eab00000, 0x00000000eab00000)
  object space 699392K, 99% used [0x00000000c0000000,0x00000000eaae1d48,0x00000000eab00000)
 Metaspace       used 15752K, capacity 16346K, committed 16768K, reserved 1062912K
  class space    used 2138K, capacity 2284K, committed 2432K, reserved 1048576K
Event: 66511.984 GC heap after
Heap after GC invocations=5602 (full 3713):
 PSYoungGen      total 291328K, used 40355K [0x00000000eab00000, 0x0000000100000000, 0x0000000100000000)
  eden space 236032K, 17% used [0x00000000eab00000,0x00000000ed268e58,0x00000000f9180000)
  from space 55296K, 0% used [0x00000000f9180000,0x00000000f9180000,0x00000000fc780000)
  to   space 56320K, 0% used [0x00000000fc900000,0x00000000fc900000,0x0000000100000000)
 ParOldGen       total 699392K, used 699271K [0x00000000c0000000, 0x00000000eab00000, 0x00000000eab00000)
  object space 699392K, 99% used [0x00000000c0000000,0x00000000eaae1d48,0x00000000eab00000)
 Metaspace       used 15752K, capacity 16346K, committed 16768K, reserved 1062912K
  class space    used 2138K, capacity 2284K, committed 2432K, reserved 1048576K
}
Event: 66512.074 GC heap before
{Heap before GC invocations=5603 (full 3714):
 PSYoungGen      total 291328K, used 236032K [0x00000000eab00000, 0x0000000100000000, 0x0000000100000000)
  eden space 236032K, 100% used [0x00000000eab00000,0x00000000f9180000,0x00000000f9180000)
  from space 55296K, 0% used [0x00000000f9180000,0x00000000f9180000,0x00000000fc780000)
  to   space 56320K, 0% used [0x00000000fc900000,0x00000000fc900000,0x0000000100000000)
 ParOldGen       total 699392K, used 699271K [0x00000000c0000000, 0x00000000eab00000, 0x00000000eab00000)
  object space 699392K, 99% used [0x00000000c0000000,0x00000000eaae1d48,0x00000000eab00000)
 Metaspace       used 15752K, capacity 16346K, committed 16768K, reserved 1062912K
  class space    used 2138K, capacity 2284K, committed 2432K, reserved 1048576K
Event: 66512.290 GC heap after
Heap after GC invocations=5603 (full 3714):
 PSYoungGen      total 291328K, used 40692K [0x00000000eab00000, 0x0000000100000000, 0x0000000100000000)
  eden space 236032K, 17% used [0x00000000eab00000,0x00000000ed2bd1b0,0x00000000f9180000)
  from space 55296K, 0% used [0x00000000f9180000,0x00000000f9180000,0x00000000fc780000)
  to   space 56320K, 0% used [0x00000000fc900000,0x00000000fc900000,0x0000000100000000)
 ParOldGen       total 699392K, used 699271K [0x00000000c0000000, 0x00000000eab00000, 0x00000000eab00000)
  object space 699392K, 99% used [0x00000000c0000000,0x00000000eaae1d48,0x00000000eab00000)
 Metaspace       used 15752K, capacity 16346K, committed 16768K, reserved 1062912K
  class space    used 2138K, capacity 2284K, committed 2432K, reserved 1048576K
}
Event: 66512.380 GC heap before
{Heap before GC invocations=5604 (full 3715):
 PSYoungGen      total 291328K, used 236032K [0x00000000eab00000, 0x0000000100000000, 0x0000000100000000)
  eden space 236032K, 100% used [0x00000000eab00000,0x00000000f9180000,0x00000000f9180000)
  from space 55296K, 0% used [0x00000000f9180000,0x00000000f9180000,0x00000000fc780000)
  to   space 56320K, 0% used [0x00000000fc900000,0x00000000fc900000,0x0000000100000000)
 ParOldGen       total 699392K, used 699271K [0x00000000c0000000, 0x00000000eab00000, 0x00000000eab00000)
  object space 699392K, 99% used [0x00000000c0000000,0x00000000eaae1d48,0x00000000eab00000)
 Metaspace       used 15752K, capacity 16346K, committed 16768K, reserved 1062912K
  class space    used 2138K, capacity 2284K, committed 2432K, reserved 1048576K
Event: 66512.593 GC heap after
Heap after GC invocations=5604 (full 3715):
 PSYoungGen      total 291328K, used 41038K [0x00000000eab00000, 0x0000000100000000, 0x0000000100000000)
  eden space 236032K, 17% used [0x00000000eab00000,0x00000000ed313a90,0x00000000f9180000)
  from space 55296K, 0% used [0x00000000f9180000,0x00000000f9180000,0x00000000fc780000)
  to   space 56320K, 0% used [0x00000000fc900000,0x00000000fc900000,0x0000000100000000)
 ParOldGen       total 699392K, used 699271K [0x00000000c0000000, 0x00000000eab00000, 0x00000000eab00000)
  object space 699392K, 99% used [0x00000000c0000000,0x00000000eaae1d48,0x00000000eab00000)
 Metaspace       used 15752K, capacity 16346K, committed 16768K, reserved 1062912K
  class space    used 2138K, capacity 2284K, committed 2432K, reserved 1048576K
}
Event: 66512.683 GC heap before
{Heap before GC invocations=5605 (full 3716):
 PSYoungGen      total 291328K, used 236032K [0x00000000eab00000, 0x0000000100000000, 0x0000000100000000)
  eden space 236032K, 100% used [0x00000000eab00000,0x00000000f9180000,0x00000000f9180000)
  from space 55296K, 0% used [0x00000000f9180000,0x00000000f9180000,0x00000000fc780000)
  to   space 56320K, 0% used [0x00000000fc900000,0x00000000fc900000,0x0000000100000000)
 ParOldGen       total 699392K, used 699271K [0x00000000c0000000, 0x00000000eab00000, 0x00000000eab00000)
  object space 699392K, 99% used [0x00000000c0000000,0x00000000eaae1d48,0x00000000eab00000)
 Metaspace       used 15752K, capacity 16346K, committed 16768K, reserved 1062912K
  class space    used 2138K, capacity 2284K, committed 2432K, reserved 1048576K
Event: 66512.896 GC heap after
Heap after GC invocations=5605 (full 3716):
 PSYoungGen      total 291328K, used 41328K [0x00000000eab00000, 0x0000000100000000, 0x0000000100000000)
  eden space 236032K, 17% used [0x00000000eab00000,0x00000000ed35c120,0x00000000f9180000)
  from space 55296K, 0% used [0x00000000f9180000,0x00000000f9180000,0x00000000fc780000)
  to   space 56320K, 0% used [0x00000000fc900000,0x00000000fc900000,0x0000000100000000)
 ParOldGen       total 699392K, used 699271K [0x00000000c0000000, 0x00000000eab00000, 0x00000000eab00000)
  object space 699392K, 99% used [0x00000000c0000000,0x00000000eaae1d48,0x00000000eab00000)
 Metaspace       used 15752K, capacity 16346K, committed 16768K, reserved 1062912K
  class space    used 2138K, capacity 2284K, committed 2432K, reserved 1048576K
}
Event: 66512.983 GC heap before
{Heap before GC invocations=5606 (full 3717):
 PSYoungGen      total 291328K, used 236032K [0x00000000eab00000, 0x0000000100000000, 0x0000000100000000)
  eden space 236032K, 100% used [0x00000000eab00000,0x00000000f9180000,0x00000000f9180000)
  from space 55296K, 0% used [0x00000000f9180000,0x00000000f9180000,0x00000000fc780000)
  to   space 56320K, 0% used [0x00000000fc900000,0x00000000fc900000,0x0000000100000000)
 ParOldGen       total 699392K, used 699271K [0x00000000c0000000, 0x00000000eab00000, 0x00000000eab00000)
  object space 699392K, 99% used [0x00000000c0000000,0x00000000eaae1d48,0x00000000eab00000)
 Metaspace       used 15752K, capacity 16346K, committed 16768K, reserved 1062912K
  class space    used 2138K, capacity 2284K, committed 2432K, reserved 1048576K
Event: 66513.200 GC heap after
Heap after GC invocations=5606 (full 3717):
 PSYoungGen      total 291328K, used 41611K [0x00000000eab00000, 0x0000000100000000, 0x0000000100000000)
  eden space 236032K, 17% used [0x00000000eab00000,0x00000000ed3a2de8,0x00000000f9180000)
  from space 55296K, 0% used [0x00000000f9180000,0x00000000f9180000,0x00000000fc780000)
  to   space 56320K, 0% used [0x00000000fc900000,0x00000000fc900000,0x0000000100000000)
 ParOldGen       total 699392K, used 699271K [0x00000000c0000000, 0x00000000eab00000, 0x00000000eab00000)
  object space 699392K, 99% used [0x00000000c0000000,0x00000000eaae1d48,0x00000000eab00000)
 Metaspace       used 15752K, capacity 16346K, committed 16768K, reserved 1062912K
  class space    used 2138K, capacity 2284K, committed 2432K, reserved 1048576K
}
Event: 66513.327 GC heap before
{Heap before GC invocations=5607 (full 3718):
 PSYoungGen      total 291328K, used 236032K [0x00000000eab00000, 0x0000000100000000, 0x0000000100000000)
  eden space 236032K, 100% used [0x00000000eab00000,0x00000000f9180000,0x00000000f9180000)
  from space 55296K, 0% used [0x00000000f9180000,0x00000000f9180000,0x00000000fc780000)
  to   space 56320K, 0% used [0x00000000fc900000,0x00000000fc900000,0x0000000100000000)
 ParOldGen       total 699392K, used 699271K [0x00000000c0000000, 0x00000000eab00000, 0x00000000eab00000)
  object space 699392K, 99% used [0x00000000c0000000,0x00000000eaae1d48,0x00000000eab00000)
 Metaspace       used 15752K, capacity 16346K, committed 16768K, reserved 1062912K
  class space    used 2138K, capacity 2284K, committed 2432K, reserved 1048576K
Event: 66513.542 GC heap after
Heap after GC invocations=5607 (full 3718):
 PSYoungGen      total 291328K, used 39851K [0x00000000eab00000, 0x0000000100000000, 0x0000000100000000)
  eden space 236032K, 16% used [0x00000000eab00000,0x00000000ed1ead98,0x00000000f9180000)
  from space 55296K, 0% used [0x00000000f9180000,0x00000000f9180000,0x00000000fc780000)
  to   space 56320K, 0% used [0x00000000fc900000,0x00000000fc900000,0x0000000100000000)
 ParOldGen       total 699392K, used 699271K [0x00000000c0000000, 0x00000000eab00000, 0x00000000eab00000)
  object space 699392K, 99% used [0x00000000c0000000,0x00000000eaae1d48,0x00000000eab00000)
 Metaspace       used 15752K, capacity 16346K, committed 16768K, reserved 1062912K
  class space    used 2138K, capacity 2284K, committed 2432K, reserved 1048576K
}
Event: 66513.628 GC heap before
{Heap before GC invocations=5608 (full 3719):
 PSYoungGen      total 291328K, used 236032K [0x00000000eab00000, 0x0000000100000000, 0x0000000100000000)
  eden space 236032K, 100% used [0x00000000eab00000,0x00000000f9180000,0x00000000f9180000)
  from space 55296K, 0% used [0x00000000f9180000,0x00000000f9180000,0x00000000fc780000)
  to   space 56320K, 0% used [0x00000000fc900000,0x00000000fc900000,0x0000000100000000)
 ParOldGen       total 699392K, used 699271K [0x00000000c0000000, 0x00000000eab00000, 0x00000000eab00000)
  object space 699392K, 99% used [0x00000000c0000000,0x00000000eaae1d48,0x00000000eab00000)
 Metaspace       used 15752K, capacity 16346K, committed 16768K, reserved 1062912K
  class space    used 2138K, capacity 2284K, committed 2432K, reserved 1048576K
Event: 66513.845 GC heap after
Heap after GC invocations=5608 (full 3719):
 PSYoungGen      total 291328K, used 40152K [0x00000000eab00000, 0x0000000100000000, 0x0000000100000000)
  eden space 236032K, 17% used [0x00000000eab00000,0x00000000ed236048,0x00000000f9180000)
  from space 55296K, 0% used [0x00000000f9180000,0x00000000f9180000,0x00000000fc780000)
  to   space 56320K, 0% used [0x00000000fc900000,0x00000000fc900000,0x0000000100000000)
 ParOldGen       total 699392K, used 699271K [0x00000000c0000000, 0x00000000eab00000, 0x00000000eab00000)
  object space 699392K, 99% used [0x00000000c0000000,0x00000000eaae1d48,0x00000000eab00000)
 Metaspace       used 15752K, capacity 16346K, committed 16768K, reserved 1062912K
  class space    used 2138K, capacity 2284K, committed 2432K, reserved 1048576K
}
Event: 66513.933 GC heap before
{Heap before GC invocations=5609 (full 3720):
 PSYoungGen      total 291328K, used 236032K [0x00000000eab00000, 0x0000000100000000, 0x0000000100000000)
  eden space 236032K, 100% used [0x00000000eab00000,0x00000000f9180000,0x00000000f9180000)
  from space 55296K, 0% used [0x00000000f9180000,0x00000000f9180000,0x00000000fc780000)
  to   space 56320K, 0% used [0x00000000fc900000,0x00000000fc900000,0x0000000100000000)
 ParOldGen       total 699392K, used 699271K [0x00000000c0000000, 0x00000000eab00000, 0x00000000eab00000)
  object space 699392K, 99% used [0x00000000c0000000,0x00000000eaae1d48,0x00000000eab00000)
 Metaspace       used 15752K, capacity 16346K, committed 16768K, reserved 1062912K
  class space    used 2138K, capacity 2284K, committed 2432K, reserved 1048576K
Event: 66514.148 GC heap after
Heap after GC invocations=5609 (full 3720):
 PSYoungGen      total 291328K, used 40305K [0x00000000eab00000, 0x0000000100000000, 0x0000000100000000)
  eden space 236032K, 17% used [0x00000000eab00000,0x00000000ed25c478,0x00000000f9180000)
  from space 55296K, 0% used [0x00000000f9180000,0x00000000f9180000,0x00000000fc780000)
  to   space 56320K, 0% used [0x00000000fc900000,0x00000000fc900000,0x0000000100000000)
 ParOldGen       total 699392K, used 699271K [0x00000000c0000000, 0x00000000eab00000, 0x00000000eab00000)
  object space 699392K, 99% used [0x00000000c0000000,0x00000000eaae1d48,0x00000000eab00000)
 Metaspace       used 15752K, capacity 16346K, committed 16768K, reserved 1062912K
  class space    used 2138K, capacity 2284K, committed 2432K, reserved 1048576K
}
Event: 66514.236 GC heap before
{Heap before GC invocations=5610 (full 3721):
 PSYoungGen      total 291328K, used 236032K [0x00000000eab00000, 0x0000000100000000, 0x0000000100000000)
  eden space 236032K, 100% used [0x00000000eab00000,0x00000000f9180000,0x00000000f9180000)
  from space 55296K, 0% used [0x00000000f9180000,0x00000000f9180000,0x00000000fc780000)
  to   space 56320K, 0% used [0x00000000fc900000,0x00000000fc900000,0x0000000100000000)
 ParOldGen       total 699392K, used 699271K [0x00000000c0000000, 0x00000000eab00000, 0x00000000eab00000)
  object space 699392K, 99% used [0x00000000c0000000,0x00000000eaae1d48,0x00000000eab00000)
 Metaspace       used 15752K, capacity 16346K, committed 16768K, reserved 1062912K
  class space    used 2138K, capacity 2284K, committed 2432K, reserved 1048576K
Event: 66514.453 GC heap after
Heap after GC invocations=5610 (full 3721):
 PSYoungGen      total 291328K, used 40428K [0x00000000eab00000, 0x0000000100000000, 0x0000000100000000)
  eden space 236032K, 17% used [0x00000000eab00000,0x00000000ed27b1c0,0x00000000f9180000)
  from space 55296K, 0% used [0x00000000f9180000,0x00000000f9180000,0x00000000fc780000)
  to   space 56320K, 0% used [0x00000000fc900000,0x00000000fc900000,0x0000000100000000)
 ParOldGen       total 699392K, used 699271K [0x00000000c0000000, 0x00000000eab00000, 0x00000000eab00000)
  object space 699392K, 99% used [0x00000000c0000000,0x00000000eaae1d48,0x00000000eab00000)
 Metaspace       used 15752K, capacity 16346K, committed 16768K, reserved 1062912K
  class space    used 2138K, capacity 2284K, committed 2432K, reserved 1048576K
}
Event: 66514.543 GC heap before
{Heap before GC invocations=5611 (full 3722):
 PSYoungGen      total 291328K, used 236032K [0x00000000eab00000, 0x0000000100000000, 0x0000000100000000)
  eden space 236032K, 100% used [0x00000000eab00000,0x00000000f9180000,0x00000000f9180000)
  from space 55296K, 0% used [0x00000000f9180000,0x00000000f9180000,0x00000000fc780000)
  to   space 56320K, 0% used [0x00000000fc900000,0x00000000fc900000,0x0000000100000000)
 ParOldGen       total 699392K, used 699271K [0x00000000c0000000, 0x00000000eab00000, 0x00000000eab00000)
  object space 699392K, 99% used [0x00000000c0000000,0x00000000eaae1d48,0x00000000eab00000)
 Metaspace       used 15752K, capacity 16346K, committed 16768K, reserved 1062912K
  class space    used 2138K, capacity 2284K, committed 2432K, reserved 1048576K
Event: 66514.760 GC heap after
Heap after GC invocations=5611 (full 3722):
 PSYoungGen      total 291328K, used 40716K [0x00000000eab00000, 0x0000000100000000, 0x0000000100000000)
  eden space 236032K, 17% used [0x00000000eab00000,0x00000000ed2c30e0,0x00000000f9180000)
  from space 55296K, 0% used [0x00000000f9180000,0x00000000f9180000,0x00000000fc780000)
  to   space 56320K, 0% used [0x00000000fc900000,0x00000000fc900000,0x0000000100000000)
 ParOldGen       total 699392K, used 699271K [0x00000000c0000000, 0x00000000eab00000, 0x00000000eab00000)
  object space 699392K, 99% used [0x00000000c0000000,0x00000000eaae1d48,0x00000000eab00000)
 Metaspace       used 15752K, capacity 16346K, committed 16768K, reserved 1062912K
  class space    used 2138K, capacity 2284K, committed 2432K, reserved 1048576K
}
Event: 66514.847 GC heap before
{Heap before GC invocations=5612 (full 3723):
 PSYoungGen      total 291328K, used 236032K [0x00000000eab00000, 0x0000000100000000, 0x0000000100000000)
  eden space 236032K, 100% used [0x00000000eab00000,0x00000000f9180000,0x00000000f9180000)
  from space 55296K, 0% used [0x00000000f9180000,0x00000000f9180000,0x00000000fc780000)
  to   space 56320K, 0% used [0x00000000fc900000,0x00000000fc900000,0x0000000100000000)
 ParOldGen       total 699392K, used 699271K [0x00000000c0000000, 0x00000000eab00000, 0x00000000eab00000)
  object space 699392K, 99% used [0x00000000c0000000,0x00000000eaae1d48,0x00000000eab00000)
 Metaspace       used 15752K, capacity 16346K, committed 16768K, reserved 1062912K
  class space    used 2138K, capacity 2284K, committed 2432K, reserved 1048576K
Event: 66515.053 GC heap after
Heap after GC invocations=5612 (full 3723):
 PSYoungGen      total 291328K, used 41009K [0x00000000eab00000, 0x0000000100000000, 0x0000000100000000)
  eden space 236032K, 17% used [0x00000000eab00000,0x00000000ed30c5c8,0x00000000f9180000)
  from space 55296K, 0% used [0x00000000f9180000,0x00000000f9180000,0x00000000fc780000)
  to   space 56320K, 0% used [0x00000000fc900000,0x00000000fc900000,0x0000000100000000)
 ParOldGen       total 699392K, used 699271K [0x00000000c0000000, 0x00000000eab00000, 0x00000000eab00000)
  object space 699392K, 99% used [0x00000000c0000000,0x00000000eaae1d48,0x00000000eab00000)
 Metaspace       used 15752K, capacity 16346K, committed 16768K, reserved 1062912K
  class space    used 2138K, capacity 2284K, committed 2432K, reserved 1048576K
}
Event: 66515.141 GC heap before
{Heap before GC invocations=5613 (full 3724):
 PSYoungGen      total 291328K, used 236032K [0x00000000eab00000, 0x0000000100000000, 0x0000000100000000)
  eden space 236032K, 100% used [0x00000000eab00000,0x00000000f9180000,0x00000000f9180000)
  from space 55296K, 0% used [0x00000000f9180000,0x00000000f9180000,0x00000000fc780000)
  to   space 56320K, 0% used [0x00000000fc900000,0x00000000fc900000,0x0000000100000000)
 ParOldGen       total 699392K, used 699271K [0x00000000c0000000, 0x00000000eab00000, 0x00000000eab00000)
  object space 699392K, 99% used [0x00000000c0000000,0x00000000eaae1d48,0x00000000eab00000)
 Metaspace       used 15752K, capacity 16346K, committed 16768K, reserved 1062912K
  class space    used 2138K, capacity 2284K, committed 2432K, reserved 1048576K
Event: 66515.355 GC heap after
Heap after GC invocations=5613 (full 3724):
 PSYoungGen      total 291328K, used 41185K [0x00000000eab00000, 0x0000000100000000, 0x0000000100000000)
  eden space 236032K, 17% used [0x00000000eab00000,0x00000000ed338538,0x00000000f9180000)
  from space 55296K, 0% used [0x00000000f9180000,0x00000000f9180000,0x00000000fc780000)
  to   space 56320K, 0% used [0x00000000fc900000,0x00000000fc900000,0x0000000100000000)
 ParOldGen       total 699392K, used 699271K [0x00000000c0000000, 0x00000000eab00000, 0x00000000eab00000)
  object space 699392K, 99% used [0x00000000c0000000,0x00000000eaae1d48,0x00000000eab00000)
 Metaspace       used 15752K, capacity 16346K, committed 16768K, reserved 1062912K
  class space    used 2138K, capacity 2284K, committed 2432K, reserved 1048576K
}
Event: 66515.444 GC heap before
{Heap before GC invocations=5614 (full 3725):
 PSYoungGen      total 291328K, used 236032K [0x00000000eab00000, 0x0000000100000000, 0x0000000100000000)
  eden space 236032K, 100% used [0x00000000eab00000,0x00000000f9180000,0x00000000f9180000)
  from space 55296K, 0% used [0x00000000f9180000,0x00000000f9180000,0x00000000fc780000)
  to   space 56320K, 0% used [0x00000000fc900000,0x00000000fc900000,0x0000000100000000)
 ParOldGen       total 699392K, used 699271K [0x00000000c0000000, 0x00000000eab00000, 0x00000000eab00000)
  object space 699392K, 99% used [0x00000000c0000000,0x00000000eaae1d48,0x00000000eab00000)
 Metaspace       used 15752K, capacity 16346K, committed 16768K, reserved 1062912K
  class space    used 2138K, capacity 2284K, committed 2432K, reserved 1048576K
Event: 66515.660 GC heap after
Heap after GC invocations=5614 (full 3725):
 PSYoungGen      total 291328K, used 41518K [0x00000000eab00000, 0x0000000100000000, 0x0000000100000000)
  eden space 236032K, 17% used [0x00000000eab00000,0x00000000ed38b9a8,0x00000000f9180000)
  from space 55296K, 0% used [0x00000000f9180000,0x00000000f9180000,0x00000000fc780000)
  to   space 56320K, 0% used [0x00000000fc900000,0x00000000fc900000,0x0000000100000000)
 ParOldGen       total 699392K, used 699271K [0x00000000c0000000, 0x00000000eab00000, 0x00000000eab00000)
  object space 699392K, 99% used [0x00000000c0000000,0x00000000eaae1d48,0x00000000eab00000)
 Metaspace       used 15752K, capacity 16346K, committed 16768K, reserved 1062912K
  class space    used 2138K, capacity 2284K, committed 2432K, reserved 1048576K
}
Event: 66515.748 GC heap before
{Heap before GC invocations=5615 (full 3726):
 PSYoungGen      total 291328K, used 236032K [0x00000000eab00000, 0x0000000100000000, 0x0000000100000000)
  eden space 236032K, 100% used [0x00000000eab00000,0x00000000f9180000,0x00000000f9180000)
  from space 55296K, 0% used [0x00000000f9180000,0x00000000f9180000,0x00000000fc780000)
  to   space 56320K, 0% used [0x00000000fc900000,0x00000000fc900000,0x0000000100000000)
 ParOldGen       total 699392K, used 699271K [0x00000000c0000000, 0x00000000eab00000, 0x00000000eab00000)
  object space 699392K, 99% used [0x00000000c0000000,0x00000000eaae1d48,0x00000000eab00000)
 Metaspace       used 15752K, capacity 16346K, committed 16768K, reserved 1062912K
  class space    used 2138K, capacity 2284K, committed 2432K, reserved 1048576K
Event: 66515.956 GC heap after
Heap after GC invocations=5615 (full 3726):
 PSYoungGen      total 291328K, used 41738K [0x00000000eab00000, 0x0000000100000000, 0x0000000100000000)
  eden space 236032K, 17% used [0x00000000eab00000,0x00000000ed3c2ab8,0x00000000f9180000)
  from space 55296K, 0% used [0x00000000f9180000,0x00000000f9180000,0x00000000fc780000)
  to   space 56320K, 0% used [0x00000000fc900000,0x00000000fc900000,0x0000000100000000)
 ParOldGen       total 699392K, used 699271K [0x00000000c0000000, 0x00000000eab00000, 0x00000000eab00000)
  object space 699392K, 99% used [0x00000000c0000000,0x00000000eaae1d48,0x00000000eab00000)
 Metaspace       used 15752K, capacity 16346K, committed 16768K, reserved 1062912K
  class space    used 2138K, capacity 2284K, committed 2432K, reserved 1048576K
}
Event: 66516.043 GC heap before
{Heap before GC invocations=5616 (full 3727):
 PSYoungGen      total 291328K, used 236032K [0x00000000eab00000, 0x0000000100000000, 0x0000000100000000)
  eden space 236032K, 100% used [0x00000000eab00000,0x00000000f9180000,0x00000000f9180000)
  from space 55296K, 0% used [0x00000000f9180000,0x00000000f9180000,0x00000000fc780000)
  to   space 56320K, 0% used [0x00000000fc900000,0x00000000fc900000,0x0000000100000000)
 ParOldGen       total 699392K, used 699271K [0x00000000c0000000, 0x00000000eab00000, 0x00000000eab00000)
  object space 699392K, 99% used [0x00000000c0000000,0x00000000eaae1d48,0x00000000eab00000)
 Metaspace       used 15752K, capacity 16346K, committed 16768K, reserved 1062912K
  class space    used 2138K, capacity 2284K, committed 2432K, reserved 1048576K
Event: 66516.249 GC heap after
Heap after GC invocations=5616 (full 3727):
 PSYoungGen      total 291328K, used 41964K [0x00000000eab00000, 0x0000000100000000, 0x0000000100000000)
  eden space 236032K, 17% used [0x00000000eab00000,0x00000000ed3fb328,0x00000000f9180000)
  from space 55296K, 0% used [0x00000000f9180000,0x00000000f9180000,0x00000000fc780000)
  to   space 56320K, 0% used [0x00000000fc900000,0x00000000fc900000,0x0000000100000000)
 ParOldGen       total 699392K, used 699271K [0x00000000c0000000, 0x00000000eab00000, 0x00000000eab00000)
  object space 699392K, 99% used [0x00000000c0000000,0x00000000eaae1d48,0x00000000eab00000)
 Metaspace       used 15752K, capacity 16346K, committed 16768K, reserved 1062912K
  class space    used 2138K, capacity 2284K, committed 2432K, reserved 1048576K
}
Event: 66516.429 GC heap before
{Heap before GC invocations=5617 (full 3728):
 PSYoungGen      total 291328K, used 236032K [0x00000000eab00000, 0x0000000100000000, 0x0000000100000000)
  eden space 236032K, 100% used [0x00000000eab00000,0x00000000f9180000,0x00000000f9180000)
  from space 55296K, 0% used [0x00000000f9180000,0x00000000f9180000,0x00000000fc780000)
  to   space 56320K, 0% used [0x00000000fc900000,0x00000000fc900000,0x0000000100000000)
 ParOldGen       total 699392K, used 699271K [0x00000000c0000000, 0x00000000eab00000, 0x00000000eab00000)
  object space 699392K, 99% used [0x00000000c0000000,0x00000000eaae1d48,0x00000000eab00000)
 Metaspace       used 15752K, capacity 16346K, committed 16768K, reserved 1062912K
  class space    used 2138K, capacity 2284K, committed 2432K, reserved 1048576K
Event: 66516.641 GC heap after
Heap after GC invocations=5617 (full 3728):
 PSYoungGen      total 291328K, used 39936K [0x00000000eab00000, 0x0000000100000000, 0x0000000100000000)
  eden space 236032K, 16% used [0x00000000eab00000,0x00000000ed200248,0x00000000f9180000)
  from space 55296K, 0% used [0x00000000f9180000,0x00000000f9180000,0x00000000fc780000)
  to   space 56320K, 0% used [0x00000000fc900000,0x00000000fc900000,0x0000000100000000)
 ParOldGen       total 699392K, used 699271K [0x00000000c0000000, 0x00000000eab00000, 0x00000000eab00000)
  object space 699392K, 99% used [0x00000000c0000000,0x00000000eaae1d48,0x00000000eab00000)
 Metaspace       used 15752K, capacity 16346K, committed 16768K, reserved 1062912K
  class space    used 2138K, capacity 2284K, committed 2432K, reserved 1048576K
}
Event: 66516.733 GC heap before
{Heap before GC invocations=5618 (full 3729):
 PSYoungGen      total 291328K, used 236032K [0x00000000eab00000, 0x0000000100000000, 0x0000000100000000)
  eden space 236032K, 100% used [0x00000000eab00000,0x00000000f9180000,0x00000000f9180000)
  from space 55296K, 0% used [0x00000000f9180000,0x00000000f9180000,0x00000000fc780000)
  to   space 56320K, 0% used [0x00000000fc900000,0x00000000fc900000,0x0000000100000000)
 ParOldGen       total 699392K, used 699271K [0x00000000c0000000, 0x00000000eab00000, 0x00000000eab00000)
  object space 699392K, 99% used [0x00000000c0000000,0x00000000eaae1d48,0x00000000eab00000)
 Metaspace       used 15752K, capacity 16346K, committed 16768K, reserved 1062912K
  class space    used 2138K, capacity 2284K, committed 2432K, reserved 1048576K
Event: 66516.939 GC heap after
Heap after GC invocations=5618 (full 3729):
 PSYoungGen      total 291328K, used 40188K [0x00000000eab00000, 0x0000000100000000, 0x0000000100000000)
  eden space 236032K, 17% used [0x00000000eab00000,0x00000000ed23f398,0x00000000f9180000)
  from space 55296K, 0% used [0x00000000f9180000,0x00000000f9180000,0x00000000fc780000)
  to   space 56320K, 0% used [0x00000000fc900000,0x00000000fc900000,0x0000000100000000)
 ParOldGen       total 699392K, used 699271K [0x00000000c0000000, 0x00000000eab00000, 0x00000000eab00000)
  object space 699392K, 99% used [0x00000000c0000000,0x00000000eaae1d48,0x00000000eab00000)
 Metaspace       used 15752K, capacity 16346K, committed 16768K, reserved 1062912K
  class space    used 2138K, capacity 2284K, committed 2432K, reserved 1048576K
}
Event: 66517.029 GC heap before
{Heap before GC invocations=5619 (full 3730):
 PSYoungGen      total 291328K, used 236032K [0x00000000eab00000, 0x0000000100000000, 0x0000000100000000)
  eden space 236032K, 100% used [0x00000000eab00000,0x00000000f9180000,0x00000000f9180000)
  from space 55296K, 0% used [0x00000000f9180000,0x00000000f9180000,0x00000000fc780000)
  to   space 56320K, 0% used [0x00000000fc900000,0x00000000fc900000,0x0000000100000000)
 ParOldGen       total 699392K, used 699271K [0x00000000c0000000, 0x00000000eab00000, 0x00000000eab00000)
  object space 699392K, 99% used [0x00000000c0000000,0x00000000eaae1d48,0x00000000eab00000)
 Metaspace       used 15752K, capacity 16346K, committed 16768K, reserved 1062912K
  class space    used 2138K, capacity 2284K, committed 2432K, reserved 1048576K
Event: 66517.238 GC heap after
Heap after GC invocations=5619 (full 3730):
 PSYoungGen      total 291328K, used 40459K [0x00000000eab00000, 0x0000000100000000, 0x0000000100000000)
  eden space 236032K, 17% used [0x00000000eab00000,0x00000000ed282c00,0x00000000f9180000)
  from space 55296K, 0% used [0x00000000f9180000,0x00000000f9180000,0x00000000fc780000)
  to   space 56320K, 0% used [0x00000000fc900000,0x00000000fc900000,0x0000000100000000)
 ParOldGen       total 699392K, used 699271K [0x00000000c0000000, 0x00000000eab00000, 0x00000000eab00000)
  object space 699392K, 99% used [0x00000000c0000000,0x00000000eaae1d48,0x00000000eab00000)
 Metaspace       used 15752K, capacity 16346K, committed 16768K, reserved 1062912K
  class space    used 2138K, capacity 2284K, committed 2432K, reserved 1048576K
}
Event: 66517.328 GC heap before
{Heap before GC invocations=5620 (full 3731):
 PSYoungGen      total 291328K, used 236032K [0x00000000eab00000, 0x0000000100000000, 0x0000000100000000)
  eden space 236032K, 100% used [0x00000000eab00000,0x00000000f9180000,0x00000000f9180000)
  from space 55296K, 0% used [0x00000000f9180000,0x00000000f9180000,0x00000000fc780000)
  to   space 56320K, 0% used [0x00000000fc900000,0x00000000fc900000,0x0000000100000000)
 ParOldGen       total 699392K, used 699271K [0x00000000c0000000, 0x00000000eab00000, 0x00000000eab00000)
  object space 699392K, 99% used [0x00000000c0000000,0x00000000eaae1d48,0x00000000eab00000)
 Metaspace       used 15752K, capacity 16346K, committed 16768K, reserved 1062912K
  class space    used 2138K, capacity 2284K, committed 2432K, reserved 1048576K
Event: 66517.536 GC heap after
Heap after GC invocations=5620 (full 3731):
 PSYoungGen      total 291328K, used 40731K [0x00000000eab00000, 0x0000000100000000, 0x0000000100000000)
  eden space 236032K, 17% used [0x00000000eab00000,0x00000000ed2c6db0,0x00000000f9180000)
  from space 55296K, 0% used [0x00000000f9180000,0x00000000f9180000,0x00000000fc780000)
  to   space 56320K, 0% used [0x00000000fc900000,0x00000000fc900000,0x0000000100000000)
 ParOldGen       total 699392K, used 699271K [0x00000000c0000000, 0x00000000eab00000, 0x00000000eab00000)
  object space 699392K, 99% used [0x00000000c0000000,0x00000000eaae1d48,0x00000000eab00000)
 Metaspace       used 15752K, capacity 16346K, committed 16768K, reserved 1062912K
  class space    used 2138K, capacity 2284K, committed 2432K, reserved 1048576K
}
Event: 66517.626 GC heap before
{Heap before GC invocations=5621 (full 3732):
 PSYoungGen      total 291328K, used 236032K [0x00000000eab00000, 0x0000000100000000, 0x0000000100000000)
  eden space 236032K, 100% used [0x00000000eab00000,0x00000000f9180000,0x00000000f9180000)
  from space 55296K, 0% used [0x00000000f9180000,0x00000000f9180000,0x00000000fc780000)
  to   space 56320K, 0% used [0x00000000fc900000,0x00000000fc900000,0x0000000100000000)
 ParOldGen       total 699392K, used 699271K [0x00000000c0000000, 0x00000000eab00000, 0x00000000eab00000)
  object space 699392K, 99% used [0x00000000c0000000,0x00000000eaae1d48,0x00000000eab00000)
 Metaspace       used 15752K, capacity 16346K, committed 16768K, reserved 1062912K
  class space    used 2138K, capacity 2284K, committed 2432K, reserved 1048576K
Event: 66517.834 GC heap after
Heap after GC invocations=5621 (full 3732):
 PSYoungGen      total 291328K, used 40941K [0x00000000eab00000, 0x0000000100000000, 0x0000000100000000)
  eden space 236032K, 17% used [0x00000000eab00000,0x00000000ed2fb5f0,0x00000000f9180000)
  from space 55296K, 0% used [0x00000000f9180000,0x00000000f9180000,0x00000000fc780000)
  to   space 56320K, 0% used [0x00000000fc900000,0x00000000fc900000,0x0000000100000000)
 ParOldGen       total 699392K, used 699271K [0x00000000c0000000, 0x00000000eab00000, 0x00000000eab00000)
  object space 699392K, 99% used [0x00000000c0000000,0x00000000eaae1d48,0x00000000eab00000)
 Metaspace       used 15752K, capacity 16346K, committed 16768K, reserved 1062912K
  class space    used 2138K, capacity 2284K, committed 2432K, reserved 1048576K
}
Event: 66517.923 GC heap before
{Heap before GC invocations=5622 (full 3733):
 PSYoungGen      total 291328K, used 236032K [0x00000000eab00000, 0x0000000100000000, 0x0000000100000000)
  eden space 236032K, 100% used [0x00000000eab00000,0x00000000f9180000,0x00000000f9180000)
  from space 55296K, 0% used [0x00000000f9180000,0x00000000f9180000,0x00000000fc780000)
  to   space 56320K, 0% used [0x00000000fc900000,0x00000000fc900000,0x0000000100000000)
 ParOldGen       total 699392K, used 699271K [0x00000000c0000000, 0x00000000eab00000, 0x00000000eab00000)
  object space 699392K, 99% used [0x00000000c0000000,0x00000000eaae1d48,0x00000000eab00000)
 Metaspace       used 15752K, capacity 16346K, committed 16768K, reserved 1062912K
  class space    used 2138K, capacity 2284K, committed 2432K, reserved 1048576K
Event: 66518.133 GC heap after
Heap after GC invocations=5622 (full 3733):
 PSYoungGen      total 291328K, used 41111K [0x00000000eab00000, 0x0000000100000000, 0x0000000100000000)
  eden space 236032K, 17% used [0x00000000eab00000,0x00000000ed325d38,0x00000000f9180000)
  from space 55296K, 0% used [0x00000000f9180000,0x00000000f9180000,0x00000000fc780000)
  to   space 56320K, 0% used [0x00000000fc900000,0x00000000fc900000,0x0000000100000000)
 ParOldGen       total 699392K, used 699271K [0x00000000c0000000, 0x00000000eab00000, 0x00000000eab00000)
  object space 699392K, 99% used [0x00000000c0000000,0x00000000eaae1d48,0x00000000eab00000)
 Metaspace       used 15752K, capacity 16346K, committed 16768K, reserved 1062912K
  class space    used 2138K, capacity 2284K, committed 2432K, reserved 1048576K
}
Event: 66518.221 GC heap before
{Heap before GC invocations=5623 (full 3734):
 PSYoungGen      total 291328K, used 236032K [0x00000000eab00000, 0x0000000100000000, 0x0000000100000000)
  eden space 236032K, 100% used [0x00000000eab00000,0x00000000f9180000,0x00000000f9180000)
  from space 55296K, 0% used [0x00000000f9180000,0x00000000f9180000,0x00000000fc780000)
  to   space 56320K, 0% used [0x00000000fc900000,0x00000000fc900000,0x0000000100000000)
 ParOldGen       total 699392K, used 699271K [0x00000000c0000000, 0x00000000eab00000, 0x00000000eab00000)
  object space 699392K, 99% used [0x00000000c0000000,0x00000000eaae1d48,0x00000000eab00000)
 Metaspace       used 15752K, capacity 16346K, committed 16768K, reserved 1062912K
  class space    used 2138K, capacity 2284K, committed 2432K, reserved 1048576K
Event: 66518.428 GC heap after
Heap after GC invocations=5623 (full 3734):
 PSYoungGen      total 291328K, used 41272K [0x00000000eab00000, 0x0000000100000000, 0x0000000100000000)
  eden space 236032K, 17% used [0x00000000eab00000,0x00000000ed34e100,0x00000000f9180000)
  from space 55296K, 0% used [0x00000000f9180000,0x00000000f9180000,0x00000000fc780000)
  to   space 56320K, 0% used [0x00000000fc900000,0x00000000fc900000,0x0000000100000000)
 ParOldGen       total 699392K, used 699271K [0x00000000c0000000, 0x00000000eab00000, 0x00000000eab00000)
  object space 699392K, 99% used [0x00000000c0000000,0x00000000eaae1d48,0x00000000eab00000)
 Metaspace       used 15752K, capacity 16346K, committed 16768K, reserved 1062912K
  class space    used 2138K, capacity 2284K, committed 2432K, reserved 1048576K
}
Event: 66518.616 GC heap before
{Heap before GC invocations=5624 (full 3735):
 PSYoungGen      total 291328K, used 236032K [0x00000000eab00000, 0x0000000100000000, 0x0000000100000000)
  eden space 236032K, 100% used [0x00000000eab00000,0x00000000f9180000,0x00000000f9180000)
  from space 55296K, 0% used [0x00000000f9180000,0x00000000f9180000,0x00000000fc780000)
  to   space 56320K, 0% used [0x00000000fc900000,0x00000000fc900000,0x0000000100000000)
 ParOldGen       total 699392K, used 699271K [0x00000000c0000000, 0x00000000eab00000, 0x00000000eab00000)
  object space 699392K, 99% used [0x00000000c0000000,0x00000000eaae1d48,0x00000000eab00000)
 Metaspace       used 15752K, capacity 16346K, committed 16768K, reserved 1062912K
  class space    used 2138K, capacity 2284K, committed 2432K, reserved 1048576K
Event: 66518.830 GC heap after
Heap after GC invocations=5624 (full 3735):
 PSYoungGen      total 291328K, used 39899K [0x00000000eab00000, 0x0000000100000000, 0x0000000100000000)
  eden space 236032K, 16% used [0x00000000eab00000,0x00000000ed1f6db8,0x00000000f9180000)
  from space 55296K, 0% used [0x00000000f9180000,0x00000000f9180000,0x00000000fc780000)
  to   space 56320K, 0% used [0x00000000fc900000,0x00000000fc900000,0x0000000100000000)
 ParOldGen       total 699392K, used 699271K [0x00000000c0000000, 0x00000000eab00000, 0x00000000eab00000)
  object space 699392K, 99% used [0x00000000c0000000,0x00000000eaae1d48,0x00000000eab00000)
 Metaspace       used 15752K, capacity 16346K, committed 16768K, reserved 1062912K
  class space    used 2138K, capacity 2284K, committed 2432K, reserved 1048576K
}
Event: 66518.917 GC heap before
{Heap before GC invocations=5625 (full 3736):
 PSYoungGen      total 291328K, used 236032K [0x00000000eab00000, 0x0000000100000000, 0x0000000100000000)
  eden space 236032K, 100% used [0x00000000eab00000,0x00000000f9180000,0x00000000f9180000)
  from space 55296K, 0% used [0x00000000f9180000,0x00000000f9180000,0x00000000fc780000)
  to   space 56320K, 0% used [0x00000000fc900000,0x00000000fc900000,0x0000000100000000)
 ParOldGen       total 699392K, used 699271K [0x00000000c0000000, 0x00000000eab00000, 0x00000000eab00000)
  object space 699392K, 99% used [0x00000000c0000000,0x00000000eaae1d48,0x00000000eab00000)
 Metaspace       used 15752K, capacity 16346K, committed 16768K, reserved 1062912K
  class space    used 2138K, capacity 2284K, committed 2432K, reserved 1048576K
Event: 66519.124 GC heap after
Heap after GC invocations=5625 (full 3736):
 PSYoungGen      total 291328K, used 40061K [0x00000000eab00000, 0x0000000100000000, 0x0000000100000000)
  eden space 236032K, 16% used [0x00000000eab00000,0x00000000ed21f7a0,0x00000000f9180000)
  from space 55296K, 0% used [0x00000000f9180000,0x00000000f9180000,0x00000000fc780000)
  to   space 56320K, 0% used [0x00000000fc900000,0x00000000fc900000,0x0000000100000000)
 ParOldGen       total 699392K, used 699271K [0x00000000c0000000, 0x00000000eab00000, 0x00000000eab00000)
  object space 699392K, 99% used [0x00000000c0000000,0x00000000eaae1d48,0x00000000eab00000)
 Metaspace       used 15752K, capacity 16346K, committed 16768K, reserved 1062912K
  class space    used 2138K, capacity 2284K, committed 2432K, reserved 1048576K
}
Event: 66519.213 GC heap before
{Heap before GC invocations=5626 (full 3737):
 PSYoungGen      total 291328K, used 236032K [0x00000000eab00000, 0x0000000100000000, 0x0000000100000000)
  eden space 236032K, 100% used [0x00000000eab00000,0x00000000f9180000,0x00000000f9180000)
  from space 55296K, 0% used [0x00000000f9180000,0x00000000f9180000,0x00000000fc780000)
  to   space 56320K, 0% used [0x00000000fc900000,0x00000000fc900000,0x0000000100000000)
 ParOldGen       total 699392K, used 699271K [0x00000000c0000000, 0x00000000eab00000, 0x00000000eab00000)
  object space 699392K, 99% used [0x00000000c0000000,0x00000000eaae1d48,0x00000000eab00000)
 Metaspace       used 15752K, capacity 16346K, committed 16768K, reserved 1062912K
  class space    used 2138K, capacity 2284K, committed 2432K, reserved 1048576K
Event: 66519.422 GC heap after
Heap after GC invocations=5626 (full 3737):
 PSYoungGen      total 291328K, used 40253K [0x00000000eab00000, 0x0000000100000000, 0x0000000100000000)
  eden space 236032K, 17% used [0x00000000eab00000,0x00000000ed24f470,0x00000000f9180000)
  from space 55296K, 0% used [0x00000000f9180000,0x00000000f9180000,0x00000000fc780000)
  to   space 56320K, 0% used [0x00000000fc900000,0x00000000fc900000,0x0000000100000000)
 ParOldGen       total 699392K, used 699271K [0x00000000c0000000, 0x00000000eab00000, 0x00000000eab00000)
  object space 699392K, 99% used [0x00000000c0000000,0x00000000eaae1d48,0x00000000eab00000)
 Metaspace       used 15752K, capacity 16346K, committed 16768K, reserved 1062912K
  class space    used 2138K, capacity 2284K, committed 2432K, reserved 1048576K
}
Event: 66519.512 GC heap before
{Heap before GC invocations=5627 (full 3738):
 PSYoungGen      total 291328K, used 236032K [0x00000000eab00000, 0x0000000100000000, 0x0000000100000000)
  eden space 236032K, 100% used [0x00000000eab00000,0x00000000f9180000,0x00000000f9180000)
  from space 55296K, 0% used [0x00000000f9180000,0x00000000f9180000,0x00000000fc780000)
  to   space 56320K, 0% used [0x00000000fc900000,0x00000000fc900000,0x0000000100000000)
 ParOldGen       total 699392K, used 699271K [0x00000000c0000000, 0x00000000eab00000, 0x00000000eab00000)
  object space 699392K, 99% used [0x00000000c0000000,0x00000000eaae1d48,0x00000000eab00000)
 Metaspace       used 15752K, capacity 16346K, committed 16768K, reserved 1062912K
  class space    used 2138K, capacity 2284K, committed 2432K, reserved 1048576K
Event: 66519.722 GC heap after
Heap after GC invocations=5627 (full 3738):
 PSYoungGen      total 291328K, used 40487K [0x00000000eab00000, 0x0000000100000000, 0x0000000100000000)
  eden space 236032K, 17% used [0x00000000eab00000,0x00000000ed289c00,0x00000000f9180000)
  from space 55296K, 0% used [0x00000000f9180000,0x00000000f9180000,0x00000000fc780000)
  to   space 56320K, 0% used [0x00000000fc900000,0x00000000fc900000,0x0000000100000000)
 ParOldGen       total 699392K, used 699271K [0x00000000c0000000, 0x00000000eab00000, 0x00000000eab00000)
  object space 699392K, 99% used [0x00000000c0000000,0x00000000eaae1d48,0x00000000eab00000)
 Metaspace       used 15752K, capacity 16346K, committed 16768K, reserved 1062912K
  class space    used 2138K, capacity 2284K, committed 2432K, reserved 1048576K
}
Event: 66519.810 GC heap before
{Heap before GC invocations=5628 (full 3739):
 PSYoungGen      total 291328K, used 236032K [0x00000000eab00000, 0x0000000100000000, 0x0000000100000000)
  eden space 236032K, 100% used [0x00000000eab00000,0x00000000f9180000,0x00000000f9180000)
  from space 55296K, 0% used [0x00000000f9180000,0x00000000f9180000,0x00000000fc780000)
  to   space 56320K, 0% used [0x00000000fc900000,0x00000000fc900000,0x0000000100000000)
 ParOldGen       total 699392K, used 699271K [0x00000000c0000000, 0x00000000eab00000, 0x00000000eab00000)
  object space 699392K, 99% used [0x00000000c0000000,0x00000000eaae1d48,0x00000000eab00000)
 Metaspace       used 15752K, capacity 16346K, committed 16768K, reserved 1062912K
  class space    used 2138K, capacity 2284K, committed 2432K, reserved 1048576K
Event: 66520.026 GC heap after
Heap after GC invocations=5628 (full 3739):
 PSYoungGen      total 291328K, used 40612K [0x00000000eab00000, 0x0000000100000000, 0x0000000100000000)
  eden space 236032K, 17% used [0x00000000eab00000,0x00000000ed2a93d8,0x00000000f9180000)
  from space 55296K, 0% used [0x00000000f9180000,0x00000000f9180000,0x00000000fc780000)
  to   space 56320K, 0% used [0x00000000fc900000,0x00000000fc900000,0x0000000100000000)
 ParOldGen       total 699392K, used 699271K [0x00000000c0000000, 0x00000000eab00000, 0x00000000eab00000)
  object space 699392K, 99% used [0x00000000c0000000,0x00000000eaae1d48,0x00000000eab00000)
 Metaspace       used 15752K, capacity 16346K, committed 16768K, reserved 1062912K
  class space    used 2138K, capacity 2284K, committed 2432K, reserved 1048576K
}
Event: 66520.114 GC heap before
{Heap before GC invocations=5629 (full 3740):
 PSYoungGen      total 291328K, used 236032K [0x00000000eab00000, 0x0000000100000000, 0x0000000100000000)
  eden space 236032K, 100% used [0x00000000eab00000,0x00000000f9180000,0x00000000f9180000)
  from space 55296K, 0% used [0x00000000f9180000,0x00000000f9180000,0x00000000fc780000)
  to   space 56320K, 0% used [0x00000000fc900000,0x00000000fc900000,0x0000000100000000)
 ParOldGen       total 699392K, used 699271K [0x00000000c0000000, 0x00000000eab00000, 0x00000000eab00000)
  object space 699392K, 99% used [0x00000000c0000000,0x00000000eaae1d48,0x00000000eab00000)
 Metaspace       used 15752K, capacity 16346K, committed 16768K, reserved 1062912K
  class space    used 2138K, capacity 2284K, committed 2432K, reserved 1048576K
Event: 66520.324 GC heap after
Heap after GC invocations=5629 (full 3740):
 PSYoungGen      total 291328K, used 40843K [0x00000000eab00000, 0x0000000100000000, 0x0000000100000000)
  eden space 236032K, 17% used [0x00000000eab00000,0x00000000ed2e2f10,0x00000000f9180000)
  from space 55296K, 0% used [0x00000000f9180000,0x00000000f9180000,0x00000000fc780000)
  to   space 56320K, 0% used [0x00000000fc900000,0x00000000fc900000,0x0000000100000000)
 ParOldGen       total 699392K, used 699271K [0x00000000c0000000, 0x00000000eab00000, 0x00000000eab00000)
  object space 699392K, 99% used [0x00000000c0000000,0x00000000eaae1d48,0x00000000eab00000)
 Metaspace       used 15752K, capacity 16346K, committed 16768K, reserved 1062912K
  class space    used 2138K, capacity 2284K, committed 2432K, reserved 1048576K
}
Event: 66520.415 GC heap before
{Heap before GC invocations=5630 (full 3741):
 PSYoungGen      total 291328K, used 236032K [0x00000000eab00000, 0x0000000100000000, 0x0000000100000000)
  eden space 236032K, 100% used [0x00000000eab00000,0x00000000f9180000,0x00000000f9180000)
  from space 55296K, 0% used [0x00000000f9180000,0x00000000f9180000,0x00000000fc780000)
  to   space 56320K, 0% used [0x00000000fc900000,0x00000000fc900000,0x0000000100000000)
 ParOldGen       total 699392K, used 699271K [0x00000000c0000000, 0x00000000eab00000, 0x00000000eab00000)
  object space 699392K, 99% used [0x00000000c0000000,0x00000000eaae1d48,0x00000000eab00000)
 Metaspace       used 15752K, capacity 16346K, committed 16768K, reserved 1062912K
  class space    used 2138K, capacity 2284K, committed 2432K, reserved 1048576K
Event: 66520.629 GC heap after
Heap after GC invocations=5630 (full 3741):
 PSYoungGen      total 291328K, used 40951K [0x00000000eab00000, 0x0000000100000000, 0x0000000100000000)
  eden space 236032K, 17% used [0x00000000eab00000,0x00000000ed2fdeb8,0x00000000f9180000)
  from space 55296K, 0% used [0x00000000f9180000,0x00000000f9180000,0x00000000fc780000)
  to   space 56320K, 0% used [0x00000000fc900000,0x00000000fc900000,0x0000000100000000)
 ParOldGen       total 699392K, used 699271K [0x00000000c0000000, 0x00000000eab00000, 0x00000000eab00000)
  object space 699392K, 99% used [0x00000000c0000000,0x00000000eaae1d48,0x00000000eab00000)
 Metaspace       used 15752K, capacity 16346K, committed 16768K, reserved 1062912K
  class space    used 2138K, capacity 2284K, committed 2432K, reserved 1048576K
}
Event: 66520.718 GC heap before
{Heap before GC invocations=5631 (full 3742):
 PSYoungGen      total 291328K, used 236032K [0x00000000eab00000, 0x0000000100000000, 0x0000000100000000)
  eden space 236032K, 100% used [0x00000000eab00000,0x00000000f9180000,0x00000000f9180000)
  from space 55296K, 0% used [0x00000000f9180000,0x00000000f9180000,0x00000000fc780000)
  to   space 56320K, 0% used [0x00000000fc900000,0x00000000fc900000,0x0000000100000000)
 ParOldGen       total 699392K, used 699271K [0x00000000c0000000, 0x00000000eab00000, 0x00000000eab00000)
  object space 699392K, 99% used [0x00000000c0000000,0x00000000eaae1d48,0x00000000eab00000)
 Metaspace       used 15752K, capacity 16346K, committed 16768K, reserved 1062912K
  class space    used 2138K, capacity 2284K, committed 2432K, reserved 1048576K
Event: 66520.928 GC heap after
Heap after GC invocations=5631 (full 3742):
 PSYoungGen      total 291328K, used 41118K [0x00000000eab00000, 0x0000000100000000, 0x0000000100000000)
  eden space 236032K, 17% used [0x00000000eab00000,0x00000000ed327ae8,0x00000000f9180000)
  from space 55296K, 0% used [0x00000000f9180000,0x00000000f9180000,0x00000000fc780000)
  to   space 56320K, 0% used [0x00000000fc900000,0x00000000fc900000,0x0000000100000000)
 ParOldGen       total 699392K, used 699271K [0x00000000c0000000, 0x00000000eab00000, 0x00000000eab00000)
  object space 699392K, 99% used [0x00000000c0000000,0x00000000eaae1d48,0x00000000eab00000)
 Metaspace       used 15752K, capacity 16346K, committed 16768K, reserved 1062912K
  class space    used 2138K, capacity 2284K, committed 2432K, reserved 1048576K
}
Event: 66521.017 GC heap before
{Heap before GC invocations=5632 (full 3743):
 PSYoungGen      total 291328K, used 236032K [0x00000000eab00000, 0x0000000100000000, 0x0000000100000000)
  eden space 236032K, 100% used [0x00000000eab00000,0x00000000f9180000,0x00000000f9180000)
  from space 55296K, 0% used [0x00000000f9180000,0x00000000f9180000,0x00000000fc780000)
  to   space 56320K, 0% used [0x00000000fc900000,0x00000000fc900000,0x0000000100000000)
 ParOldGen       total 699392K, used 699271K [0x00000000c0000000, 0x00000000eab00000, 0x00000000eab00000)
  object space 699392K, 99% used [0x00000000c0000000,0x00000000eaae1d48,0x00000000eab00000)
 Metaspace       used 15752K, capacity 16346K, committed 16768K, reserved 1062912K
  class space    used 2138K, capacity 2284K, committed 2432K, reserved 1048576K
Event: 66521.229 GC heap after
Heap after GC invocations=5632 (full 3743):
 PSYoungGen      total 291328K, used 41334K [0x00000000eab00000, 0x0000000100000000, 0x0000000100000000)
  eden space 236032K, 17% used [0x00000000eab00000,0x00000000ed35d860,0x00000000f9180000)
  from space 55296K, 0% used [0x00000000f9180000,0x00000000f9180000,0x00000000fc780000)
  to   space 56320K, 0% used [0x00000000fc900000,0x00000000fc900000,0x0000000100000000)
 ParOldGen       total 699392K, used 699271K [0x00000000c0000000, 0x00000000eab00000, 0x00000000eab00000)
  object space 699392K, 99% used [0x00000000c0000000,0x00000000eaae1d48,0x00000000eab00000)
 Metaspace       used 15752K, capacity 16346K, committed 16768K, reserved 1062912K
  class space    used 2138K, capacity 2284K, committed 2432K, reserved 1048576K
}
Event: 66521.373 GC heap before
{Heap before GC invocations=5633 (full 3744):
 PSYoungGen      total 291328K, used 236032K [0x00000000eab00000, 0x0000000100000000, 0x0000000100000000)
  eden space 236032K, 100% used [0x00000000eab00000,0x00000000f9180000,0x00000000f9180000)
  from space 55296K, 0% used [0x00000000f9180000,0x00000000f9180000,0x00000000fc780000)
  to   space 56320K, 0% used [0x00000000fc900000,0x00000000fc900000,0x0000000100000000)
 ParOldGen       total 699392K, used 699271K [0x00000000c0000000, 0x00000000eab00000, 0x00000000eab00000)
  object space 699392K, 99% used [0x00000000c0000000,0x00000000eaae1d48,0x00000000eab00000)
 Metaspace       used 15752K, capacity 16346K, committed 16768K, reserved 1062912K
  class space    used 2138K, capacity 2284K, committed 2432K, reserved 1048576K
Event: 66521.584 GC heap after
Heap after GC invocations=5633 (full 3744):
 PSYoungGen      total 291328K, used 39906K [0x00000000eab00000, 0x0000000100000000, 0x0000000100000000)
  eden space 236032K, 16% used [0x00000000eab00000,0x00000000ed1f8830,0x00000000f9180000)
  from space 55296K, 0% used [0x00000000f9180000,0x00000000f9180000,0x00000000fc780000)
  to   space 56320K, 0% used [0x00000000fc900000,0x00000000fc900000,0x0000000100000000)
 ParOldGen       total 699392K, used 699271K [0x00000000c0000000, 0x00000000eab00000, 0x00000000eab00000)
  object space 699392K, 99% used [0x00000000c0000000,0x00000000eaae1d48,0x00000000eab00000)
 Metaspace       used 15752K, capacity 16346K, committed 16768K, reserved 1062912K
  class space    used 2138K, capacity 2284K, committed 2432K, reserved 1048576K
}
Event: 66521.674 GC heap before
{Heap before GC invocations=5634 (full 3745):
 PSYoungGen      total 291328K, used 236032K [0x00000000eab00000, 0x0000000100000000, 0x0000000100000000)
  eden space 236032K, 100% used [0x00000000eab00000,0x00000000f9180000,0x00000000f9180000)
  from space 55296K, 0% used [0x00000000f9180000,0x00000000f9180000,0x00000000fc780000)
  to   space 56320K, 0% used [0x00000000fc900000,0x00000000fc900000,0x0000000100000000)
 ParOldGen       total 699392K, used 699271K [0x00000000c0000000, 0x00000000eab00000, 0x00000000eab00000)
  object space 699392K, 99% used [0x00000000c0000000,0x00000000eaae1d48,0x00000000eab00000)
 Metaspace       used 15752K, capacity 16346K, committed 16768K, reserved 1062912K
  class space    used 2138K, capacity 2284K, committed 2432K, reserved 1048576K
Event: 66521.886 GC heap after
Heap after GC invocations=5634 (full 3745):
 PSYoungGen      total 291328K, used 40117K [0x00000000eab00000, 0x0000000100000000, 0x0000000100000000)
  eden space 236032K, 16% used [0x00000000eab00000,0x00000000ed22d778,0x00000000f9180000)
  from space 55296K, 0% used [0x00000000f9180000,0x00000000f9180000,0x00000000fc780000)
  to   space 56320K, 0% used [0x00000000fc900000,0x00000000fc900000,0x0000000100000000)
 ParOldGen       total 699392K, used 699271K [0x00000000c0000000, 0x00000000eab00000, 0x00000000eab00000)
  object space 699392K, 99% used [0x00000000c0000000,0x00000000eaae1d48,0x00000000eab00000)
 Metaspace       used 15752K, capacity 16346K, committed 16768K, reserved 1062912K
  class space    used 2138K, capacity 2284K, committed 2432K, reserved 1048576K
}
Event: 66521.976 GC heap before
{Heap before GC invocations=5635 (full 3746):
 PSYoungGen      total 291328K, used 236032K [0x00000000eab00000, 0x0000000100000000, 0x0000000100000000)
  eden space 236032K, 100% used [0x00000000eab00000,0x00000000f9180000,0x00000000f9180000)
  from space 55296K, 0% used [0x00000000f9180000,0x00000000f9180000,0x00000000fc780000)
  to   space 56320K, 0% used [0x00000000fc900000,0x00000000fc900000,0x0000000100000000)
 ParOldGen       total 699392K, used 699271K [0x00000000c0000000, 0x00000000eab00000, 0x00000000eab00000)
  object space 699392K, 99% used [0x00000000c0000000,0x00000000eaae1d48,0x00000000eab00000)
 Metaspace       used 15752K, capacity 16346K, committed 16768K, reserved 1062912K
  class space    used 2138K, capacity 2284K, committed 2432K, reserved 1048576K
Event: 66522.188 GC heap after
Heap after GC invocations=5635 (full 3746):
 PSYoungGen      total 291328K, used 40337K [0x00000000eab00000, 0x0000000100000000, 0x0000000100000000)
  eden space 236032K, 17% used [0x00000000eab00000,0x00000000ed264710,0x00000000f9180000)
  from space 55296K, 0% used [0x00000000f9180000,0x00000000f9180000,0x00000000fc780000)
  to   space 56320K, 0% used [0x00000000fc900000,0x00000000fc900000,0x0000000100000000)
 ParOldGen       total 699392K, used 699271K [0x00000000c0000000, 0x00000000eab00000, 0x00000000eab00000)
  object space 699392K, 99% used [0x00000000c0000000,0x00000000eaae1d48,0x00000000eab00000)
 Metaspace       used 15752K, capacity 16346K, committed 16768K, reserved 1062912K
  class space    used 2138K, capacity 2284K, committed 2432K, reserved 1048576K
}
Event: 66522.278 GC heap before
{Heap before GC invocations=5636 (full 3747):
 PSYoungGen      total 291328K, used 236032K [0x00000000eab00000, 0x0000000100000000, 0x0000000100000000)
  eden space 236032K, 100% used [0x00000000eab00000,0x00000000f9180000,0x00000000f9180000)
  from space 55296K, 0% used [0x00000000f9180000,0x00000000f9180000,0x00000000fc780000)
  to   space 56320K, 0% used [0x00000000fc900000,0x00000000fc900000,0x0000000100000000)
 ParOldGen       total 699392K, used 699271K [0x00000000c0000000, 0x00000000eab00000, 0x00000000eab00000)
  object space 699392K, 99% used [0x00000000c0000000,0x00000000eaae1d48,0x00000000eab00000)
 Metaspace       used 15752K, capacity 16346K, committed 16768K, reserved 1062912K
  class space    used 2138K, capacity 2284K, committed 2432K, reserved 1048576K
Event: 66522.488 GC heap after
Heap after GC invocations=5636 (full 3747):
 PSYoungGen      total 291328K, used 40577K [0x00000000eab00000, 0x0000000100000000, 0x0000000100000000)
  eden space 236032K, 17% used [0x00000000eab00000,0x00000000ed2a0750,0x00000000f9180000)
  from space 55296K, 0% used [0x00000000f9180000,0x00000000f9180000,0x00000000fc780000)
  to   space 56320K, 0% used [0x00000000fc900000,0x00000000fc900000,0x0000000100000000)
 ParOldGen       total 699392K, used 699271K [0x00000000c0000000, 0x00000000eab00000, 0x00000000eab00000)
  object space 699392K, 99% used [0x00000000c0000000,0x00000000eaae1d48,0x00000000eab00000)
 Metaspace       used 15752K, capacity 16346K, committed 16768K, reserved 1062912K
  class space    used 2138K, capacity 2284K, committed 2432K, reserved 1048576K
}
Event: 66522.577 GC heap before
{Heap before GC invocations=5637 (full 3748):
 PSYoungGen      total 291328K, used 236032K [0x00000000eab00000, 0x0000000100000000, 0x0000000100000000)
  eden space 236032K, 100% used [0x00000000eab00000,0x00000000f9180000,0x00000000f9180000)
  from space 55296K, 0% used [0x00000000f9180000,0x00000000f9180000,0x00000000fc780000)
  to   space 56320K, 0% used [0x00000000fc900000,0x00000000fc900000,0x0000000100000000)
 ParOldGen       total 699392K, used 699271K [0x00000000c0000000, 0x00000000eab00000, 0x00000000eab00000)
  object space 699392K, 99% used [0x00000000c0000000,0x00000000eaae1d48,0x00000000eab00000)
 Metaspace       used 15752K, capacity 16346K, committed 16768K, reserved 1062912K
  class space    used 2138K, capacity 2284K, committed 2432K, reserved 1048576K
Event: 66522.794 GC heap after
Heap after GC invocations=5637 (full 3748):
 PSYoungGen      total 291328K, used 40734K [0x00000000eab00000, 0x0000000100000000, 0x0000000100000000)
  eden space 236032K, 17% used [0x00000000eab00000,0x00000000ed2c78a0,0x00000000f9180000)
  from space 55296K, 0% used [0x00000000f9180000,0x00000000f9180000,0x00000000fc780000)
  to   space 56320K, 0% used [0x00000000fc900000,0x00000000fc900000,0x0000000100000000)
 ParOldGen       total 699392K, used 699271K [0x00000000c0000000, 0x00000000eab00000, 0x00000000eab00000)
  object space 699392K, 99% used [0x00000000c0000000,0x00000000eaae1d48,0x00000000eab00000)
 Metaspace       used 15752K, capacity 16346K, committed 16768K, reserved 1062912K
  class space    used 2138K, capacity 2284K, committed 2432K, reserved 1048576K
}
Event: 66522.883 GC heap before
{Heap before GC invocations=5638 (full 3749):
 PSYoungGen      total 291328K, used 236032K [0x00000000eab00000, 0x0000000100000000, 0x0000000100000000)
  eden space 236032K, 100% used [0x00000000eab00000,0x00000000f9180000,0x00000000f9180000)
  from space 55296K, 0% used [0x00000000f9180000,0x00000000f9180000,0x00000000fc780000)
  to   space 56320K, 0% used [0x00000000fc900000,0x00000000fc900000,0x0000000100000000)
 ParOldGen       total 699392K, used 699271K [0x00000000c0000000, 0x00000000eab00000, 0x00000000eab00000)
  object space 699392K, 99% used [0x00000000c0000000,0x00000000eaae1d48,0x00000000eab00000)
 Metaspace       used 15752K, capacity 16346K, committed 16768K, reserved 1062912K
  class space    used 2138K, capacity 2284K, committed 2432K, reserved 1048576K
Event: 66523.092 GC heap after
Heap after GC invocations=5638 (full 3749):
 PSYoungGen      total 291328K, used 40957K [0x00000000eab00000, 0x0000000100000000, 0x0000000100000000)
  eden space 236032K, 17% used [0x00000000eab00000,0x00000000ed2ff628,0x00000000f9180000)
  from space 55296K, 0% used [0x00000000f9180000,0x00000000f9180000,0x00000000fc780000)
  to   space 56320K, 0% used [0x00000000fc900000,0x00000000fc900000,0x0000000100000000)
 ParOldGen       total 699392K, used 699271K [0x00000000c0000000, 0x00000000eab00000, 0x00000000eab00000)
  object space 699392K, 99% used [0x00000000c0000000,0x00000000eaae1d48,0x00000000eab00000)
 Metaspace       used 15752K, capacity 16346K, committed 16768K, reserved 1062912K
  class space    used 2138K, capacity 2284K, committed 2432K, reserved 1048576K
}
Event: 66523.181 GC heap before
{Heap before GC invocations=5639 (full 3750):
 PSYoungGen      total 291328K, used 236032K [0x00000000eab00000, 0x0000000100000000, 0x0000000100000000)
  eden space 236032K, 100% used [0x00000000eab00000,0x00000000f9180000,0x00000000f9180000)
  from space 55296K, 0% used [0x00000000f9180000,0x00000000f9180000,0x00000000fc780000)
  to   space 56320K, 0% used [0x00000000fc900000,0x00000000fc900000,0x0000000100000000)
 ParOldGen       total 699392K, used 699271K [0x00000000c0000000, 0x00000000eab00000, 0x00000000eab00000)
  object space 699392K, 99% used [0x00000000c0000000,0x00000000eaae1d48,0x00000000eab00000)
 Metaspace       used 15752K, capacity 16346K, committed 16768K, reserved 1062912K
  class space    used 2138K, capacity 2284K, committed 2432K, reserved 1048576K
Event: 66523.394 GC heap after
Heap after GC invocations=5639 (full 3750):
 PSYoungGen      total 291328K, used 41170K [0x00000000eab00000, 0x0000000100000000, 0x0000000100000000)
  eden space 236032K, 17% used [0x00000000eab00000,0x00000000ed3348b8,0x00000000f9180000)
  from space 55296K, 0% used [0x00000000f9180000,0x00000000f9180000,0x00000000fc780000)
  to   space 56320K, 0% used [0x00000000fc900000,0x00000000fc900000,0x0000000100000000)
 ParOldGen       total 699392K, used 699271K [0x00000000c0000000, 0x00000000eab00000, 0x00000000eab00000)
  object space 699392K, 99% used [0x00000000c0000000,0x00000000eaae1d48,0x00000000eab00000)
 Metaspace       used 15752K, capacity 16346K, committed 16768K, reserved 1062912K
  class space    used 2138K, capacity 2284K, committed 2432K, reserved 1048576K
}
Event: 66523.484 GC heap before
{Heap before GC invocations=5640 (full 3751):
 PSYoungGen      total 291328K, used 236032K [0x00000000eab00000, 0x0000000100000000, 0x0000000100000000)
  eden space 236032K, 100% used [0x00000000eab00000,0x00000000f9180000,0x00000000f9180000)
  from space 55296K, 0% used [0x00000000f9180000,0x00000000f9180000,0x00000000fc780000)
  to   space 56320K, 0% used [0x00000000fc900000,0x00000000fc900000,0x0000000100000000)
 ParOldGen       total 699392K, used 699271K [0x00000000c0000000, 0x00000000eab00000, 0x00000000eab00000)
  object space 699392K, 99% used [0x00000000c0000000,0x00000000eaae1d48,0x00000000eab00000)
 Metaspace       used 15752K, capacity 16346K, committed 16768K, reserved 1062912K
  class space    used 2138K, capacity 2284K, committed 2432K, reserved 1048576K
Event: 66523.699 GC heap after
Heap after GC invocations=5640 (full 3751):
 PSYoungGen      total 291328K, used 41374K [0x00000000eab00000, 0x0000000100000000, 0x0000000100000000)
  eden space 236032K, 17% used [0x00000000eab00000,0x00000000ed367b70,0x00000000f9180000)
  from space 55296K, 0% used [0x00000000f9180000,0x00000000f9180000,0x00000000fc780000)
  to   space 56320K, 0% used [0x00000000fc900000,0x00000000fc900000,0x0000000100000000)
 ParOldGen       total 699392K, used 699271K [0x00000000c0000000, 0x00000000eab00000, 0x00000000eab00000)
  object space 699392K, 99% used [0x00000000c0000000,0x00000000eaae1d48,0x00000000eab00000)
 Metaspace       used 15752K, capacity 16346K, committed 16768K, reserved 1062912K
  class space    used 2138K, capacity 2284K, committed 2432K, reserved 1048576K
}
Event: 66523.788 GC heap before
{Heap before GC invocations=5641 (full 3752):
 PSYoungGen      total 291328K, used 236032K [0x00000000eab00000, 0x0000000100000000, 0x0000000100000000)
  eden space 236032K, 100% used [0x00000000eab00000,0x00000000f9180000,0x00000000f9180000)
  from space 55296K, 0% used [0x00000000f9180000,0x00000000f9180000,0x00000000fc780000)
  to   space 56320K, 0% used [0x00000000fc900000,0x00000000fc900000,0x0000000100000000)
 ParOldGen       total 699392K, used 699271K [0x00000000c0000000, 0x00000000eab00000, 0x00000000eab00000)
  object space 699392K, 99% used [0x00000000c0000000,0x00000000eaae1d48,0x00000000eab00000)
 Metaspace       used 15752K, capacity 16346K, committed 16768K, reserved 1062912K
  class space    used 2138K, capacity 2284K, committed 2432K, reserved 1048576K
Event: 66524.003 GC heap after
Heap after GC invocations=5641 (full 3752):
 PSYoungGen      total 291328K, used 41669K [0x00000000eab00000, 0x0000000100000000, 0x0000000100000000)
  eden space 236032K, 17% used [0x00000000eab00000,0x00000000ed3b1620,0x00000000f9180000)
  from space 55296K, 0% used [0x00000000f9180000,0x00000000f9180000,0x00000000fc780000)
  to   space 56320K, 0% used [0x00000000fc900000,0x00000000fc900000,0x0000000100000000)
 ParOldGen       total 699392K, used 699271K [0x00000000c0000000, 0x00000000eab00000, 0x00000000eab00000)
  object space 699392K, 99% used [0x00000000c0000000,0x00000000eaae1d48,0x00000000eab00000)
 Metaspace       used 15752K, capacity 16346K, committed 16768K, reserved 1062912K
  class space    used 2138K, capacity 2284K, committed 2432K, reserved 1048576K
}
Event: 66524.159 GC heap before
{Heap before GC invocations=5642 (full 3753):
 PSYoungGen      total 291328K, used 236032K [0x00000000eab00000, 0x0000000100000000, 0x0000000100000000)
  eden space 236032K, 100% used [0x00000000eab00000,0x00000000f9180000,0x00000000f9180000)
  from space 55296K, 0% used [0x00000000f9180000,0x00000000f9180000,0x00000000fc780000)
  to   space 56320K, 0% used [0x00000000fc900000,0x00000000fc900000,0x0000000100000000)
 ParOldGen       total 699392K, used 699271K [0x00000000c0000000, 0x00000000eab00000, 0x00000000eab00000)
  object space 699392K, 99% used [0x00000000c0000000,0x00000000eaae1d48,0x00000000eab00000)
 Metaspace       used 15752K, capacity 16346K, committed 16768K, reserved 1062912K
  class space    used 2138K, capacity 2284K, committed 2432K, reserved 1048576K
Event: 66524.373 GC heap after
Heap after GC invocations=5642 (full 3753):
 PSYoungGen      total 291328K, used 39994K [0x00000000eab00000, 0x0000000100000000, 0x0000000100000000)
  eden space 236032K, 16% used [0x00000000eab00000,0x00000000ed20eb70,0x00000000f9180000)
  from space 55296K, 0% used [0x00000000f9180000,0x00000000f9180000,0x00000000fc780000)
  to   space 56320K, 0% used [0x00000000fc900000,0x00000000fc900000,0x0000000100000000)
 ParOldGen       total 699392K, used 699271K [0x00000000c0000000, 0x00000000eab00000, 0x00000000eab00000)
  object space 699392K, 99% used [0x00000000c0000000,0x00000000eaae1d48,0x00000000eab00000)
 Metaspace       used 15752K, capacity 16346K, committed 16768K, reserved 1062912K
  class space    used 2138K, capacity 2284K, committed 2432K, reserved 1048576K
}
Event: 66524.463 GC heap before
{Heap before GC invocations=5643 (full 3754):
 PSYoungGen      total 291328K, used 236032K [0x00000000eab00000, 0x0000000100000000, 0x0000000100000000)
  eden space 236032K, 100% used [0x00000000eab00000,0x00000000f9180000,0x00000000f9180000)
  from space 55296K, 0% used [0x00000000f9180000,0x00000000f9180000,0x00000000fc780000)
  to   space 56320K, 0% used [0x00000000fc900000,0x00000000fc900000,0x0000000100000000)
 ParOldGen       total 699392K, used 699271K [0x00000000c0000000, 0x00000000eab00000, 0x00000000eab00000)
  object space 699392K, 99% used [0x00000000c0000000,0x00000000eaae1d48,0x00000000eab00000)
 Metaspace       used 15752K, capacity 16346K, committed 16768K, reserved 1062912K
  class space    used 2138K, capacity 2284K, committed 2432K, reserved 1048576K
Event: 66524.678 GC heap after
Heap after GC invocations=5643 (full 3754):
 PSYoungGen      total 291328K, used 40218K [0x00000000eab00000, 0x0000000100000000, 0x0000000100000000)
  eden space 236032K, 17% used [0x00000000eab00000,0x00000000ed246810,0x00000000f9180000)
  from space 55296K, 0% used [0x00000000f9180000,0x00000000f9180000,0x00000000fc780000)
  to   space 56320K, 0% used [0x00000000fc900000,0x00000000fc900000,0x0000000100000000)
 ParOldGen       total 699392K, used 699271K [0x00000000c0000000, 0x00000000eab00000, 0x00000000eab00000)
  object space 699392K, 99% used [0x00000000c0000000,0x00000000eaae1d48,0x00000000eab00000)
 Metaspace       used 15752K, capacity 16346K, committed 16768K, reserved 1062912K
  class space    used 2138K, capacity 2284K, committed 2432K, reserved 1048576K
}
Event: 66524.768 GC heap before
{Heap before GC invocations=5644 (full 3755):
 PSYoungGen      total 291328K, used 236032K [0x00000000eab00000, 0x0000000100000000, 0x0000000100000000)
  eden space 236032K, 100% used [0x00000000eab00000,0x00000000f9180000,0x00000000f9180000)
  from space 55296K, 0% used [0x00000000f9180000,0x00000000f9180000,0x00000000fc780000)
  to   space 56320K, 0% used [0x00000000fc900000,0x00000000fc900000,0x0000000100000000)
 ParOldGen       total 699392K, used 699271K [0x00000000c0000000, 0x00000000eab00000, 0x00000000eab00000)
  object space 699392K, 99% used [0x00000000c0000000,0x00000000eaae1d48,0x00000000eab00000)
 Metaspace       used 15752K, capacity 16346K, committed 16768K, reserved 1062912K
  class space    used 2138K, capacity 2284K, committed 2432K, reserved 1048576K
Event: 66524.978 GC heap after
Heap after GC invocations=5644 (full 3755):
 PSYoungGen      total 291328K, used 40529K [0x00000000eab00000, 0x0000000100000000, 0x0000000100000000)
  eden space 236032K, 17% used [0x00000000eab00000,0x00000000ed2947a0,0x00000000f9180000)
  from space 55296K, 0% used [0x00000000f9180000,0x00000000f9180000,0x00000000fc780000)
  to   space 56320K, 0% used [0x00000000fc900000,0x00000000fc900000,0x0000000100000000)
 ParOldGen       total 699392K, used 699271K [0x00000000c0000000, 0x00000000eab00000, 0x00000000eab00000)
  object space 699392K, 99% used [0x00000000c0000000,0x00000000eaae1d48,0x00000000eab00000)
 Metaspace       used 15752K, capacity 16346K, committed 16768K, reserved 1062912K
  class space    used 2138K, capacity 2284K, committed 2432K, reserved 1048576K
}
Event: 66525.069 GC heap before
{Heap before GC invocations=5645 (full 3756):
 PSYoungGen      total 291328K, used 236032K [0x00000000eab00000, 0x0000000100000000, 0x0000000100000000)
  eden space 236032K, 100% used [0x00000000eab00000,0x00000000f9180000,0x00000000f9180000)
  from space 55296K, 0% used [0x00000000f9180000,0x00000000f9180000,0x00000000fc780000)
  to   space 56320K, 0% used [0x00000000fc900000,0x00000000fc900000,0x0000000100000000)
 ParOldGen       total 699392K, used 699271K [0x00000000c0000000, 0x00000000eab00000, 0x00000000eab00000)
  object space 699392K, 99% used [0x00000000c0000000,0x00000000eaae1d48,0x00000000eab00000)
 Metaspace       used 15752K, capacity 16346K, committed 16768K, reserved 1062912K
  class space    used 2138K, capacity 2284K, committed 2432K, reserved 1048576K
Event: 66525.284 GC heap after
Heap after GC invocations=5645 (full 3756):
 PSYoungGen      total 291328K, used 40883K [0x00000000eab00000, 0x0000000100000000, 0x0000000100000000)
  eden space 236032K, 17% used [0x00000000eab00000,0x00000000ed2ecc80,0x00000000f9180000)
  from space 55296K, 0% used [0x00000000f9180000,0x00000000f9180000,0x00000000fc780000)
  to   space 56320K, 0% used [0x00000000fc900000,0x00000000fc900000,0x0000000100000000)
 ParOldGen       total 699392K, used 699271K [0x00000000c0000000, 0x00000000eab00000, 0x00000000eab00000)
  object space 699392K, 99% used [0x00000000c0000000,0x00000000eaae1d48,0x00000000eab00000)
 Metaspace       used 15752K, capacity 16346K, committed 16768K, reserved 1062912K
  class space    used 2138K, capacity 2284K, committed 2432K, reserved 1048576K
}
Event: 66525.375 GC heap before
{Heap before GC invocations=5646 (full 3757):
 PSYoungGen      total 291328K, used 236032K [0x00000000eab00000, 0x0000000100000000, 0x0000000100000000)
  eden space 236032K, 100% used [0x00000000eab00000,0x00000000f9180000,0x00000000f9180000)
  from space 55296K, 0% used [0x00000000f9180000,0x00000000f9180000,0x00000000fc780000)
  to   space 56320K, 0% used [0x00000000fc900000,0x00000000fc900000,0x0000000100000000)
 ParOldGen       total 699392K, used 699271K [0x00000000c0000000, 0x00000000eab00000, 0x00000000eab00000)
  object space 699392K, 99% used [0x00000000c0000000,0x00000000eaae1d48,0x00000000eab00000)
 Metaspace       used 15752K, capacity 16346K, committed 16768K, reserved 1062912K
  class space    used 2138K, capacity 2284K, committed 2432K, reserved 1048576K
Event: 66525.582 GC heap after
Heap after GC invocations=5646 (full 3757):
 PSYoungGen      total 291328K, used 41275K [0x00000000eab00000, 0x0000000100000000, 0x0000000100000000)
  eden space 236032K, 17% used [0x00000000eab00000,0x00000000ed34ef98,0x00000000f9180000)
  from space 55296K, 0% used [0x00000000f9180000,0x00000000f9180000,0x00000000fc780000)
  to   space 56320K, 0% used [0x00000000fc900000,0x00000000fc900000,0x0000000100000000)
 ParOldGen       total 699392K, used 699271K [0x00000000c0000000, 0x00000000eab00000, 0x00000000eab00000)
  object space 699392K, 99% used [0x00000000c0000000,0x00000000eaae1d48,0x00000000eab00000)
 Metaspace       used 15752K, capacity 16346K, committed 16768K, reserved 1062912K
  class space    used 2138K, capacity 2284K, committed 2432K, reserved 1048576K
}
Event: 66525.711 GC heap before
{Heap before GC invocations=5647 (full 3758):
 PSYoungGen      total 291328K, used 236032K [0x00000000eab00000, 0x0000000100000000, 0x0000000100000000)
  eden space 236032K, 100% used [0x00000000eab00000,0x00000000f9180000,0x00000000f9180000)
  from space 55296K, 0% used [0x00000000f9180000,0x00000000f9180000,0x00000000fc780000)
  to   space 56320K, 0% used [0x00000000fc900000,0x00000000fc900000,0x0000000100000000)
 ParOldGen       total 699392K, used 699271K [0x00000000c0000000, 0x00000000eab00000, 0x00000000eab00000)
  object space 699392K, 99% used [0x00000000c0000000,0x00000000eaae1d48,0x00000000eab00000)
 Metaspace       used 15752K, capacity 16346K, committed 16768K, reserved 1062912K
  class space    used 2138K, capacity 2284K, committed 2432K, reserved 1048576K
Event: 66525.921 GC heap after
Heap after GC invocations=5647 (full 3758):
 PSYoungGen      total 291328K, used 39819K [0x00000000eab00000, 0x0000000100000000, 0x0000000100000000)
  eden space 236032K, 16% used [0x00000000eab00000,0x00000000ed1e2ff0,0x00000000f9180000)
  from space 55296K, 0% used [0x00000000f9180000,0x00000000f9180000,0x00000000fc780000)
  to   space 56320K, 0% used [0x00000000fc900000,0x00000000fc900000,0x0000000100000000)
 ParOldGen       total 699392K, used 699271K [0x00000000c0000000, 0x00000000eab00000, 0x00000000eab00000)
  object space 699392K, 99% used [0x00000000c0000000,0x00000000eaae1d48,0x00000000eab00000)
 Metaspace       used 15752K, capacity 16346K, committed 16768K, reserved 1062912K
  class space    used 2138K, capacity 2284K, committed 2432K, reserved 1048576K
}
Event: 66526.010 GC heap before
{Heap before GC invocations=5648 (full 3759):
 PSYoungGen      total 291328K, used 236032K [0x00000000eab00000, 0x0000000100000000, 0x0000000100000000)
  eden space 236032K, 100% used [0x00000000eab00000,0x00000000f9180000,0x00000000f9180000)
  from space 55296K, 0% used [0x00000000f9180000,0x00000000f9180000,0x00000000fc780000)
  to   space 56320K, 0% used [0x00000000fc900000,0x00000000fc900000,0x0000000100000000)
 ParOldGen       total 699392K, used 699271K [0x00000000c0000000, 0x00000000eab00000, 0x00000000eab00000)
  object space 699392K, 99% used [0x00000000c0000000,0x00000000eaae1d48,0x00000000eab00000)
 Metaspace       used 15752K, capacity 16346K, committed 16768K, reserved 1062912K
  class space    used 2138K, capacity 2284K, committed 2432K, reserved 1048576K
Event: 66526.223 GC heap after
Heap after GC invocations=5648 (full 3759):
 PSYoungGen      total 291328K, used 40045K [0x00000000eab00000, 0x0000000100000000, 0x0000000100000000)
  eden space 236032K, 16% used [0x00000000eab00000,0x00000000ed21b588,0x00000000f9180000)
  from space 55296K, 0% used [0x00000000f9180000,0x00000000f9180000,0x00000000fc780000)
  to   space 56320K, 0% used [0x00000000fc900000,0x00000000fc900000,0x0000000100000000)
 ParOldGen       total 699392K, used 699271K [0x00000000c0000000, 0x00000000eab00000, 0x00000000eab00000)
  object space 699392K, 99% used [0x00000000c0000000,0x00000000eaae1d48,0x00000000eab00000)
 Metaspace       used 15752K, capacity 16346K, committed 16768K, reserved 1062912K
  class space    used 2138K, capacity 2284K, committed 2432K, reserved 1048576K
}
Event: 66526.314 GC heap before
{Heap before GC invocations=5649 (full 3760):
 PSYoungGen      total 291328K, used 236032K [0x00000000eab00000, 0x0000000100000000, 0x0000000100000000)
  eden space 236032K, 100% used [0x00000000eab00000,0x00000000f9180000,0x00000000f9180000)
  from space 55296K, 0% used [0x00000000f9180000,0x00000000f9180000,0x00000000fc780000)
  to   space 56320K, 0% used [0x00000000fc900000,0x00000000fc900000,0x0000000100000000)
 ParOldGen       total 699392K, used 699271K [0x00000000c0000000, 0x00000000eab00000, 0x00000000eab00000)
  object space 699392K, 99% used [0x00000000c0000000,0x00000000eaae1d48,0x00000000eab00000)
 Metaspace       used 15752K, capacity 16346K, committed 16768K, reserved 1062912K
  class space    used 2138K, capacity 2284K, committed 2432K, reserved 1048576K
Event: 66526.525 GC heap after
Heap after GC invocations=5649 (full 3760):
 PSYoungGen      total 291328K, used 40450K [0x00000000eab00000, 0x0000000100000000, 0x0000000100000000)
  eden space 236032K, 17% used [0x00000000eab00000,0x00000000ed280900,0x00000000f9180000)
  from space 55296K, 0% used [0x00000000f9180000,0x00000000f9180000,0x00000000fc780000)
  to   space 56320K, 0% used [0x00000000fc900000,0x00000000fc900000,0x0000000100000000)
 ParOldGen       total 699392K, used 699271K [0x00000000c0000000, 0x00000000eab00000, 0x00000000eab00000)
  object space 699392K, 99% used [0x00000000c0000000,0x00000000eaae1d48,0x00000000eab00000)
 Metaspace       used 15752K, capacity 16346K, committed 16768K, reserved 1062912K
  class space    used 2138K, capacity 2284K, committed 2432K, reserved 1048576K
}
Event: 66526.615 GC heap before
{Heap before GC invocations=5650 (full 3761):
 PSYoungGen      total 291328K, used 236032K [0x00000000eab00000, 0x0000000100000000, 0x0000000100000000)
  eden space 236032K, 100% used [0x00000000eab00000,0x00000000f9180000,0x00000000f9180000)
  from space 55296K, 0% used [0x00000000f9180000,0x00000000f9180000,0x00000000fc780000)
  to   space 56320K, 0% used [0x00000000fc900000,0x00000000fc900000,0x0000000100000000)
 ParOldGen       total 699392K, used 699271K [0x00000000c0000000, 0x00000000eab00000, 0x00000000eab00000)
  object space 699392K, 99% used [0x00000000c0000000,0x00000000eaae1d48,0x00000000eab00000)
 Metaspace       used 15752K, capacity 16346K, committed 16768K, reserved 1062912K
  class space    used 2138K, capacity 2284K, committed 2432K, reserved 1048576K
Event: 66526.828 GC heap after
Heap after GC invocations=5650 (full 3761):
 PSYoungGen      total 291328K, used 40739K [0x00000000eab00000, 0x0000000100000000, 0x0000000100000000)
  eden space 236032K, 17% used [0x00000000eab00000,0x00000000ed2c8ca0,0x00000000f9180000)
  from space 55296K, 0% used [0x00000000f9180000,0x00000000f9180000,0x00000000fc780000)
  to   space 56320K, 0% used [0x00000000fc900000,0x00000000fc900000,0x0000000100000000)
 ParOldGen       total 699392K, used 699271K [0x00000000c0000000, 0x00000000eab00000, 0x00000000eab00000)
  object space 699392K, 99% used [0x00000000c0000000,0x00000000eaae1d48,0x00000000eab00000)
 Metaspace       used 15752K, capacity 16346K, committed 16768K, reserved 1062912K
  class space    used 2138K, capacity 2284K, committed 2432K, reserved 1048576K
}
Event: 66526.917 GC heap before
{Heap before GC invocations=5651 (full 3762):
 PSYoungGen      total 291328K, used 236032K [0x00000000eab00000, 0x0000000100000000, 0x0000000100000000)
  eden space 236032K, 100% used [0x00000000eab00000,0x00000000f9180000,0x00000000f9180000)
  from space 55296K, 0% used [0x00000000f9180000,0x00000000f9180000,0x00000000fc780000)
  to   space 56320K, 0% used [0x00000000fc900000,0x00000000fc900000,0x0000000100000000)
 ParOldGen       total 699392K, used 699271K [0x00000000c0000000, 0x00000000eab00000, 0x00000000eab00000)
  object space 699392K, 99% used [0x00000000c0000000,0x00000000eaae1d48,0x00000000eab00000)
 Metaspace       used 15752K, capacity 16346K, committed 16768K, reserved 1062912K
  class space    used 2138K, capacity 2284K, committed 2432K, reserved 1048576K
Event: 66527.128 GC heap after
Heap after GC invocations=5651 (full 3762):
 PSYoungGen      total 291328K, used 41133K [0x00000000eab00000, 0x0000000100000000, 0x0000000100000000)
  eden space 236032K, 17% used [0x00000000eab00000,0x00000000ed32b4b0,0x00000000f9180000)
  from space 55296K, 0% used [0x00000000f9180000,0x00000000f9180000,0x00000000fc780000)
  to   space 56320K, 0% used [0x00000000fc900000,0x00000000fc900000,0x0000000100000000)
 ParOldGen       total 699392K, used 699271K [0x00000000c0000000, 0x00000000eab00000, 0x00000000eab00000)
  object space 699392K, 99% used [0x00000000c0000000,0x00000000eaae1d48,0x00000000eab00000)
 Metaspace       used 15752K, capacity 16346K, committed 16768K, reserved 1062912K
  class space    used 2138K, capacity 2284K, committed 2432K, reserved 1048576K
}
Event: 66527.213 GC heap before
{Heap before GC invocations=5652 (full 3763):
 PSYoungGen      total 291328K, used 236032K [0x00000000eab00000, 0x0000000100000000, 0x0000000100000000)
  eden space 236032K, 100% used [0x00000000eab00000,0x00000000f9180000,0x00000000f9180000)
  from space 55296K, 0% used [0x00000000f9180000,0x00000000f9180000,0x00000000fc780000)
  to   space 56320K, 0% used [0x00000000fc900000,0x00000000fc900000,0x0000000100000000)
 ParOldGen       total 699392K, used 699271K [0x00000000c0000000, 0x00000000eab00000, 0x00000000eab00000)
  object space 699392K, 99% used [0x00000000c0000000,0x00000000eaae1d48,0x00000000eab00000)
 Metaspace       used 15752K, capacity 16346K, committed 16768K, reserved 1062912K
  class space    used 2138K, capacity 2284K, committed 2432K, reserved 1048576K
Event: 66527.422 GC heap after
Heap after GC invocations=5652 (full 3763):
 PSYoungGen      total 291328K, used 41292K [0x00000000eab00000, 0x0000000100000000, 0x0000000100000000)
  eden space 236032K, 17% used [0x00000000eab00000,0x00000000ed353238,0x00000000f9180000)
  from space 55296K, 0% used [0x00000000f9180000,0x00000000f9180000,0x00000000fc780000)
  to   space 56320K, 0% used [0x00000000fc900000,0x00000000fc900000,0x0000000100000000)
 ParOldGen       total 699392K, used 699271K [0x00000000c0000000, 0x00000000eab00000, 0x00000000eab00000)
  object space 699392K, 99% used [0x00000000c0000000,0x00000000eaae1d48,0x00000000eab00000)
 Metaspace       used 15752K, capacity 16346K, committed 16768K, reserved 1062912K
  class space    used 2138K, capacity 2284K, committed 2432K, reserved 1048576K
}
Event: 66527.596 GC heap before
{Heap before GC invocations=5653 (full 3764):
 PSYoungGen      total 291328K, used 236032K [0x00000000eab00000, 0x0000000100000000, 0x0000000100000000)
  eden space 236032K, 100% used [0x00000000eab00000,0x00000000f9180000,0x00000000f9180000)
  from space 55296K, 0% used [0x00000000f9180000,0x00000000f9180000,0x00000000fc780000)
  to   space 56320K, 0% used [0x00000000fc900000,0x00000000fc900000,0x0000000100000000)
 ParOldGen       total 699392K, used 699271K [0x00000000c0000000, 0x00000000eab00000, 0x00000000eab00000)
  object space 699392K, 99% used [0x00000000c0000000,0x00000000eaae1d48,0x00000000eab00000)
 Metaspace       used 15752K, capacity 16346K, committed 16768K, reserved 1062912K
  class space    used 2138K, capacity 2284K, committed 2432K, reserved 1048576K
Event: 66527.800 GC heap after
Heap after GC invocations=5653 (full 3764):
 PSYoungGen      total 291328K, used 39904K [0x00000000eab00000, 0x0000000100000000, 0x0000000100000000)
  eden space 236032K, 16% used [0x00000000eab00000,0x00000000ed1f8088,0x00000000f9180000)
  from space 55296K, 0% used [0x00000000f9180000,0x00000000f9180000,0x00000000fc780000)
  to   space 56320K, 0% used [0x00000000fc900000,0x00000000fc900000,0x0000000100000000)
 ParOldGen       total 699392K, used 699271K [0x00000000c0000000, 0x00000000eab00000, 0x00000000eab00000)
  object space 699392K, 99% used [0x00000000c0000000,0x00000000eaae1d48,0x00000000eab00000)
 Metaspace       used 15752K, capacity 16346K, committed 16768K, reserved 1062912K
  class space    used 2138K, capacity 2284K, committed 2432K, reserved 1048576K
}
Event: 66527.889 GC heap before
{Heap before GC invocations=5654 (full 3765):
 PSYoungGen      total 291328K, used 236032K [0x00000000eab00000, 0x0000000100000000, 0x0000000100000000)
  eden space 236032K, 100% used [0x00000000eab00000,0x00000000f9180000,0x00000000f9180000)
  from space 55296K, 0% used [0x00000000f9180000,0x00000000f9180000,0x00000000fc780000)
  to   space 56320K, 0% used [0x00000000fc900000,0x00000000fc900000,0x0000000100000000)
 ParOldGen       total 699392K, used 699271K [0x00000000c0000000, 0x00000000eab00000, 0x00000000eab00000)
  object space 699392K, 99% used [0x00000000c0000000,0x00000000eaae1d48,0x00000000eab00000)
 Metaspace       used 15752K, capacity 16346K, committed 16768K, reserved 1062912K
  class space    used 2138K, capacity 2284K, committed 2432K, reserved 1048576K
Event: 66528.111 GC heap after
Heap after GC invocations=5654 (full 3765):
 PSYoungGen      total 291328K, used 40165K [0x00000000eab00000, 0x0000000100000000, 0x0000000100000000)
  eden space 236032K, 17% used [0x00000000eab00000,0x00000000ed2394c0,0x00000000f9180000)
  from space 55296K, 0% used [0x00000000f9180000,0x00000000f9180000,0x00000000fc780000)
  to   space 56320K, 0% used [0x00000000fc900000,0x00000000fc900000,0x0000000100000000)
 ParOldGen       total 699392K, used 699271K [0x00000000c0000000, 0x00000000eab00000, 0x00000000eab00000)
  object space 699392K, 99% used [0x00000000c0000000,0x00000000eaae1d48,0x00000000eab00000)
 Metaspace       used 15752K, capacity 16346K, committed 16768K, reserved 1062912K
  class space    used 2138K, capacity 2284K, committed 2432K, reserved 1048576K
}
Event: 66528.198 GC heap before
{Heap before GC invocations=5655 (full 3766):
 PSYoungGen      total 291328K, used 236032K [0x00000000eab00000, 0x0000000100000000, 0x0000000100000000)
  eden space 236032K, 100% used [0x00000000eab00000,0x00000000f9180000,0x00000000f9180000)
  from space 55296K, 0% used [0x00000000f9180000,0x00000000f9180000,0x00000000fc780000)
  to   space 56320K, 0% used [0x00000000fc900000,0x00000000fc900000,0x0000000100000000)
 ParOldGen       total 699392K, used 699271K [0x00000000c0000000, 0x00000000eab00000, 0x00000000eab00000)
  object space 699392K, 99% used [0x00000000c0000000,0x00000000eaae1d48,0x00000000eab00000)
 Metaspace       used 15752K, capacity 16346K, committed 16768K, reserved 1062912K
  class space    used 2138K, capacity 2284K, committed 2432K, reserved 1048576K
Event: 66528.413 GC heap after
Heap after GC invocations=5655 (full 3766):
 PSYoungGen      total 291328K, used 40352K [0x00000000eab00000, 0x0000000100000000, 0x0000000100000000)
  eden space 236032K, 17% used [0x00000000eab00000,0x00000000ed2682c8,0x00000000f9180000)
  from space 55296K, 0% used [0x00000000f9180000,0x00000000f9180000,0x00000000fc780000)
  to   space 56320K, 0% used [0x00000000fc900000,0x00000000fc900000,0x0000000100000000)
 ParOldGen       total 699392K, used 699271K [0x00000000c0000000, 0x00000000eab00000, 0x00000000eab00000)
  object space 699392K, 99% used [0x00000000c0000000,0x00000000eaae1d48,0x00000000eab00000)
 Metaspace       used 15752K, capacity 16346K, committed 16768K, reserved 1062912K
  class space    used 2138K, capacity 2284K, committed 2432K, reserved 1048576K
}
Event: 66528.503 GC heap before
{Heap before GC invocations=5656 (full 3767):
 PSYoungGen      total 291328K, used 236032K [0x00000000eab00000, 0x0000000100000000, 0x0000000100000000)
  eden space 236032K, 100% used [0x00000000eab00000,0x00000000f9180000,0x00000000f9180000)
  from space 55296K, 0% used [0x00000000f9180000,0x00000000f9180000,0x00000000fc780000)
  to   space 56320K, 0% used [0x00000000fc900000,0x00000000fc900000,0x0000000100000000)
 ParOldGen       total 699392K, used 699271K [0x00000000c0000000, 0x00000000eab00000, 0x00000000eab00000)
  object space 699392K, 99% used [0x00000000c0000000,0x00000000eaae1d48,0x00000000eab00000)
 Metaspace       used 15752K, capacity 16346K, committed 16768K, reserved 1062912K
  class space    used 2138K, capacity 2284K, committed 2432K, reserved 1048576K
Event: 66528.716 GC heap after
Heap after GC invocations=5656 (full 3767):
 PSYoungGen      total 291328K, used 40649K [0x00000000eab00000, 0x0000000100000000, 0x0000000100000000)
  eden space 236032K, 17% used [0x00000000eab00000,0x00000000ed2b24c8,0x00000000f9180000)
  from space 55296K, 0% used [0x00000000f9180000,0x00000000f9180000,0x00000000fc780000)
  to   space 56320K, 0% used [0x00000000fc900000,0x00000000fc900000,0x0000000100000000)
 ParOldGen       total 699392K, used 699271K [0x00000000c0000000, 0x00000000eab00000, 0x00000000eab00000)
  object space 699392K, 99% used [0x00000000c0000000,0x00000000eaae1d48,0x00000000eab00000)
 Metaspace       used 15752K, capacity 16346K, committed 16768K, reserved 1062912K
  class space    used 2138K, capacity 2284K, committed 2432K, reserved 1048576K
}
Event: 66528.805 GC heap before
{Heap before GC invocations=5657 (full 3768):
 PSYoungGen      total 291328K, used 236032K [0x00000000eab00000, 0x0000000100000000, 0x0000000100000000)
  eden space 236032K, 100% used [0x00000000eab00000,0x00000000f9180000,0x00000000f9180000)
  from space 55296K, 0% used [0x00000000f9180000,0x00000000f9180000,0x00000000fc780000)
  to   space 56320K, 0% used [0x00000000fc900000,0x00000000fc900000,0x0000000100000000)
 ParOldGen       total 699392K, used 699271K [0x00000000c0000000, 0x00000000eab00000, 0x00000000eab00000)
  object space 699392K, 99% used [0x00000000c0000000,0x00000000eaae1d48,0x00000000eab00000)
 Metaspace       used 15752K, capacity 16346K, committed 16768K, reserved 1062912K
  class space    used 2138K, capacity 2284K, committed 2432K, reserved 1048576K
Event: 66529.013 GC heap after
Heap after GC invocations=5657 (full 3768):
 PSYoungGen      total 291328K, used 40923K [0x00000000eab00000, 0x0000000100000000, 0x0000000100000000)
  eden space 236032K, 17% used [0x00000000eab00000,0x00000000ed2f6fc8,0x00000000f9180000)
  from space 55296K, 0% used [0x00000000f9180000,0x00000000f9180000,0x00000000fc780000)
  to   space 56320K, 0% used [0x00000000fc900000,0x00000000fc900000,0x0000000100000000)
 ParOldGen       total 699392K, used 699271K [0x00000000c0000000, 0x00000000eab00000, 0x00000000eab00000)
  object space 699392K, 99% used [0x00000000c0000000,0x00000000eaae1d48,0x00000000eab00000)
 Metaspace       used 15752K, capacity 16346K, committed 16768K, reserved 1062912K
  class space    used 2138K, capacity 2284K, committed 2432K, reserved 1048576K
}
Event: 66529.194 GC heap before
{Heap before GC invocations=5658 (full 3769):
 PSYoungGen      total 291328K, used 236032K [0x00000000eab00000, 0x0000000100000000, 0x0000000100000000)
  eden space 236032K, 100% used [0x00000000eab00000,0x00000000f9180000,0x00000000f9180000)
  from space 55296K, 0% used [0x00000000f9180000,0x00000000f9180000,0x00000000fc780000)
  to   space 56320K, 0% used [0x00000000fc900000,0x00000000fc900000,0x0000000100000000)
 ParOldGen       total 699392K, used 699271K [0x00000000c0000000, 0x00000000eab00000, 0x00000000eab00000)
  object space 699392K, 99% used [0x00000000c0000000,0x00000000eaae1d48,0x00000000eab00000)
 Metaspace       used 15752K, capacity 16346K, committed 16768K, reserved 1062912K
  class space    used 2138K, capacity 2284K, committed 2432K, reserved 1048576K
Event: 66529.404 GC heap after
Heap after GC invocations=5658 (full 3769):
 PSYoungGen      total 291328K, used 39989K [0x00000000eab00000, 0x0000000100000000, 0x0000000100000000)
  eden space 236032K, 16% used [0x00000000eab00000,0x00000000ed20d510,0x00000000f9180000)
  from space 55296K, 0% used [0x00000000f9180000,0x00000000f9180000,0x00000000fc780000)
  to   space 56320K, 0% used [0x00000000fc900000,0x00000000fc900000,0x0000000100000000)
 ParOldGen       total 699392K, used 699271K [0x00000000c0000000, 0x00000000eab00000, 0x00000000eab00000)
  object space 699392K, 99% used [0x00000000c0000000,0x00000000eaae1d48,0x00000000eab00000)
 Metaspace       used 15752K, capacity 16346K, committed 16768K, reserved 1062912K
  class space    used 2138K, capacity 2284K, committed 2432K, reserved 1048576K
}
Event: 66529.493 GC heap before
{Heap before GC invocations=5659 (full 3770):
 PSYoungGen      total 291328K, used 236032K [0x00000000eab00000, 0x0000000100000000, 0x0000000100000000)
  eden space 236032K, 100% used [0x00000000eab00000,0x00000000f9180000,0x00000000f9180000)
  from space 55296K, 0% used [0x00000000f9180000,0x00000000f9180000,0x00000000fc780000)
  to   space 56320K, 0% used [0x00000000fc900000,0x00000000fc900000,0x0000000100000000)
 ParOldGen       total 699392K, used 699271K [0x00000000c0000000, 0x00000000eab00000, 0x00000000eab00000)
  object space 699392K, 99% used [0x00000000c0000000,0x00000000eaae1d48,0x00000000eab00000)
 Metaspace       used 15752K, capacity 16346K, committed 16768K, reserved 1062912K
  class space    used 2138K, capacity 2284K, committed 2432K, reserved 1048576K
Event: 66529.706 GC heap after
Heap after GC invocations=5659 (full 3770):
 PSYoungGen      total 291328K, used 40271K [0x00000000eab00000, 0x0000000100000000, 0x0000000100000000)
  eden space 236032K, 17% used [0x00000000eab00000,0x00000000ed253ca8,0x00000000f9180000)
  from space 55296K, 0% used [0x00000000f9180000,0x00000000f9180000,0x00000000fc780000)
  to   space 56320K, 0% used [0x00000000fc900000,0x00000000fc900000,0x0000000100000000)
 ParOldGen       total 699392K, used 699271K [0x00000000c0000000, 0x00000000eab00000, 0x00000000eab00000)
  object space 699392K, 99% used [0x00000000c0000000,0x00000000eaae1d48,0x00000000eab00000)
 Metaspace       used 15752K, capacity 16346K, committed 16768K, reserved 1062912K
  class space    used 2138K, capacity 2284K, committed 2432K, reserved 1048576K
}
Event: 66529.796 GC heap before
{Heap before GC invocations=5660 (full 3771):
 PSYoungGen      total 291328K, used 236032K [0x00000000eab00000, 0x0000000100000000, 0x0000000100000000)
  eden space 236032K, 100% used [0x00000000eab00000,0x00000000f9180000,0x00000000f9180000)
  from space 55296K, 0% used [0x00000000f9180000,0x00000000f9180000,0x00000000fc780000)
  to   space 56320K, 0% used [0x00000000fc900000,0x00000000fc900000,0x0000000100000000)
 ParOldGen       total 699392K, used 699271K [0x00000000c0000000, 0x00000000eab00000, 0x00000000eab00000)
  object space 699392K, 99% used [0x00000000c0000000,0x00000000eaae1d48,0x00000000eab00000)
 Metaspace       used 15752K, capacity 16346K, committed 16768K, reserved 1062912K
  class space    used 2138K, capacity 2284K, committed 2432K, reserved 1048576K
Event: 66530.009 GC heap after
Heap after GC invocations=5660 (full 3771):
 PSYoungGen      total 291328K, used 40529K [0x00000000eab00000, 0x0000000100000000, 0x0000000100000000)
  eden space 236032K, 17% used [0x00000000eab00000,0x00000000ed294568,0x00000000f9180000)
  from space 55296K, 0% used [0x00000000f9180000,0x00000000f9180000,0x00000000fc780000)
  to   space 56320K, 0% used [0x00000000fc900000,0x00000000fc900000,0x0000000100000000)
 ParOldGen       total 699392K, used 699271K [0x00000000c0000000, 0x00000000eab00000, 0x00000000eab00000)
  object space 699392K, 99% used [0x00000000c0000000,0x00000000eaae1d48,0x00000000eab00000)
 Metaspace       used 15752K, capacity 16346K, committed 16768K, reserved 1062912K
  class space    used 2138K, capacity 2284K, committed 2432K, reserved 1048576K
}
Event: 66530.098 GC heap before
{Heap before GC invocations=5661 (full 3772):
 PSYoungGen      total 291328K, used 236032K [0x00000000eab00000, 0x0000000100000000, 0x0000000100000000)
  eden space 236032K, 100% used [0x00000000eab00000,0x00000000f9180000,0x00000000f9180000)
  from space 55296K, 0% used [0x00000000f9180000,0x00000000f9180000,0x00000000fc780000)
  to   space 56320K, 0% used [0x00000000fc900000,0x00000000fc900000,0x0000000100000000)
 ParOldGen       total 699392K, used 699271K [0x00000000c0000000, 0x00000000eab00000, 0x00000000eab00000)
  object space 699392K, 99% used [0x00000000c0000000,0x00000000eaae1d48,0x00000000eab00000)
 Metaspace       used 15752K, capacity 16346K, committed 16768K, reserved 1062912K
  class space    used 2138K, capacity 2284K, committed 2432K, reserved 1048576K
Event: 66530.307 GC heap after
Heap after GC invocations=5661 (full 3772):
 PSYoungGen      total 291328K, used 40898K [0x00000000eab00000, 0x0000000100000000, 0x0000000100000000)
  eden space 236032K, 17% used [0x00000000eab00000,0x00000000ed2f09d8,0x00000000f9180000)
  from space 55296K, 0% used [0x00000000f9180000,0x00000000f9180000,0x00000000fc780000)
  to   space 56320K, 0% used [0x00000000fc900000,0x00000000fc900000,0x0000000100000000)
 ParOldGen       total 699392K, used 699271K [0x00000000c0000000, 0x00000000eab00000, 0x00000000eab00000)
  object space 699392K, 99% used [0x00000000c0000000,0x00000000eaae1d48,0x00000000eab00000)
 Metaspace       used 15752K, capacity 16346K, committed 16768K, reserved 1062912K
  class space    used 2138K, capacity 2284K, committed 2432K, reserved 1048576K
}
Event: 66530.396 GC heap before
{Heap before GC invocations=5662 (full 3773):
 PSYoungGen      total 291328K, used 236032K [0x00000000eab00000, 0x0000000100000000, 0x0000000100000000)
  eden space 236032K, 100% used [0x00000000eab00000,0x00000000f9180000,0x00000000f9180000)
  from space 55296K, 0% used [0x00000000f9180000,0x00000000f9180000,0x00000000fc780000)
  to   space 56320K, 0% used [0x00000000fc900000,0x00000000fc900000,0x0000000100000000)
 ParOldGen       total 699392K, used 699271K [0x00000000c0000000, 0x00000000eab00000, 0x00000000eab00000)
  object space 699392K, 99% used [0x00000000c0000000,0x00000000eaae1d48,0x00000000eab00000)
 Metaspace       used 15752K, capacity 16346K, committed 16768K, reserved 1062912K
  class space    used 2138K, capacity 2284K, committed 2432K, reserved 1048576K
Event: 66530.607 GC heap after
Heap after GC invocations=5662 (full 3773):
 PSYoungGen      total 291328K, used 40953K [0x00000000eab00000, 0x0000000100000000, 0x0000000100000000)
  eden space 236032K, 17% used [0x00000000eab00000,0x00000000ed2fe588,0x00000000f9180000)
  from space 55296K, 0% used [0x00000000f9180000,0x00000000f9180000,0x00000000fc780000)
  to   space 56320K, 0% used [0x00000000fc900000,0x00000000fc900000,0x0000000100000000)
 ParOldGen       total 699392K, used 699271K [0x00000000c0000000, 0x00000000eab00000, 0x00000000eab00000)
  object space 699392K, 99% used [0x00000000c0000000,0x00000000eaae1d48,0x00000000eab00000)
 Metaspace       used 15752K, capacity 16346K, committed 16768K, reserved 1062912K
  class space    used 2138K, capacity 2284K, committed 2432K, reserved 1048576K
}
Event: 66530.735 GC heap before
{Heap before GC invocations=5663 (full 3774):
 PSYoungGen      total 291328K, used 236032K [0x00000000eab00000, 0x0000000100000000, 0x0000000100000000)
  eden space 236032K, 100% used [0x00000000eab00000,0x00000000f9180000,0x00000000f9180000)
  from space 55296K, 0% used [0x00000000f9180000,0x00000000f9180000,0x00000000fc780000)
  to   space 56320K, 0% used [0x00000000fc900000,0x00000000fc900000,0x0000000100000000)
 ParOldGen       total 699392K, used 699271K [0x00000000c0000000, 0x00000000eab00000, 0x00000000eab00000)
  object space 699392K, 99% used [0x00000000c0000000,0x00000000eaae1d48,0x00000000eab00000)
 Metaspace       used 15752K, capacity 16346K, committed 16768K, reserved 1062912K
  class space    used 2138K, capacity 2284K, committed 2432K, reserved 1048576K
Event: 66530.947 GC heap after
Heap after GC invocations=5663 (full 3774):
 PSYoungGen      total 291328K, used 39836K [0x00000000eab00000, 0x0000000100000000, 0x0000000100000000)
  eden space 236032K, 16% used [0x00000000eab00000,0x00000000ed1e71d0,0x00000000f9180000)
  from space 55296K, 0% used [0x00000000f9180000,0x00000000f9180000,0x00000000fc780000)
  to   space 56320K, 0% used [0x00000000fc900000,0x00000000fc900000,0x0000000100000000)
 ParOldGen       total 699392K, used 699271K [0x00000000c0000000, 0x00000000eab00000, 0x00000000eab00000)
  object space 699392K, 99% used [0x00000000c0000000,0x00000000eaae1d48,0x00000000eab00000)
 Metaspace       used 15752K, capacity 16346K, committed 16768K, reserved 1062912K
  class space    used 2138K, capacity 2284K, committed 2432K, reserved 1048576K
}
Event: 66531.036 GC heap before
{Heap before GC invocations=5664 (full 3775):
 PSYoungGen      total 291328K, used 236032K [0x00000000eab00000, 0x0000000100000000, 0x0000000100000000)
  eden space 236032K, 100% used [0x00000000eab00000,0x00000000f9180000,0x00000000f9180000)
  from space 55296K, 0% used [0x00000000f9180000,0x00000000f9180000,0x00000000fc780000)
  to   space 56320K, 0% used [0x00000000fc900000,0x00000000fc900000,0x0000000100000000)
 ParOldGen       total 699392K, used 699271K [0x00000000c0000000, 0x00000000eab00000, 0x00000000eab00000)
  object space 699392K, 99% used [0x00000000c0000000,0x00000000eaae1d48,0x00000000eab00000)
 Metaspace       used 15752K, capacity 16346K, committed 16768K, reserved 1062912K
  class space    used 2138K, capacity 2284K, committed 2432K, reserved 1048576K
Event: 66531.246 GC heap after
Heap after GC invocations=5664 (full 3775):
 PSYoungGen      total 291328K, used 40121K [0x00000000eab00000, 0x0000000100000000, 0x0000000100000000)
  eden space 236032K, 16% used [0x00000000eab00000,0x00000000ed22e6a0,0x00000000f9180000)
  from space 55296K, 0% used [0x00000000f9180000,0x00000000f9180000,0x00000000fc780000)
  to   space 56320K, 0% used [0x00000000fc900000,0x00000000fc900000,0x0000000100000000)
 ParOldGen       total 699392K, used 699271K [0x00000000c0000000, 0x00000000eab00000, 0x00000000eab00000)
  object space 699392K, 99% used [0x00000000c0000000,0x00000000eaae1d48,0x00000000eab00000)
 Metaspace       used 15752K, capacity 16346K, committed 16768K, reserved 1062912K
  class space    used 2138K, capacity 2284K, committed 2432K, reserved 1048576K
}
Event: 66531.337 GC heap before
{Heap before GC invocations=5665 (full 3776):
 PSYoungGen      total 291328K, used 236032K [0x00000000eab00000, 0x0000000100000000, 0x0000000100000000)
  eden space 236032K, 100% used [0x00000000eab00000,0x00000000f9180000,0x00000000f9180000)
  from space 55296K, 0% used [0x00000000f9180000,0x00000000f9180000,0x00000000fc780000)
  to   space 56320K, 0% used [0x00000000fc900000,0x00000000fc900000,0x0000000100000000)
 ParOldGen       total 699392K, used 699271K [0x00000000c0000000, 0x00000000eab00000, 0x00000000eab00000)
  object space 699392K, 99% used [0x00000000c0000000,0x00000000eaae1d48,0x00000000eab00000)
 Metaspace       used 15752K, capacity 16346K, committed 16768K, reserved 1062912K
  class space    used 2138K, capacity 2284K, committed 2432K, reserved 1048576K
Event: 66531.549 GC heap after
Heap after GC invocations=5665 (full 3776):
 PSYoungGen      total 291328K, used 40437K [0x00000000eab00000, 0x0000000100000000, 0x0000000100000000)
  eden space 236032K, 17% used [0x00000000eab00000,0x00000000ed27d728,0x00000000f9180000)
  from space 55296K, 0% used [0x00000000f9180000,0x00000000f9180000,0x00000000fc780000)
  to   space 56320K, 0% used [0x00000000fc900000,0x00000000fc900000,0x0000000100000000)
 ParOldGen       total 699392K, used 699271K [0x00000000c0000000, 0x00000000eab00000, 0x00000000eab00000)
  object space 699392K, 99% used [0x00000000c0000000,0x00000000eaae1d48,0x00000000eab00000)
 Metaspace       used 15752K, capacity 16346K, committed 16768K, reserved 1062912K
  class space    used 2138K, capacity 2284K, committed 2432K, reserved 1048576K
}
Event: 66531.639 GC heap before
{Heap before GC invocations=5666 (full 3777):
 PSYoungGen      total 291328K, used 236032K [0x00000000eab00000, 0x0000000100000000, 0x0000000100000000)
  eden space 236032K, 100% used [0x00000000eab00000,0x00000000f9180000,0x00000000f9180000)
  from space 55296K, 0% used [0x00000000f9180000,0x00000000f9180000,0x00000000fc780000)
  to   space 56320K, 0% used [0x00000000fc900000,0x00000000fc900000,0x0000000100000000)
 ParOldGen       total 699392K, used 699271K [0x00000000c0000000, 0x00000000eab00000, 0x00000000eab00000)
  object space 699392K, 99% used [0x00000000c0000000,0x00000000eaae1d48,0x00000000eab00000)
 Metaspace       used 15752K, capacity 16346K, committed 16768K, reserved 1062912K
  class space    used 2138K, capacity 2284K, committed 2432K, reserved 1048576K
Event: 66531.853 GC heap after
Heap after GC invocations=5666 (full 3777):
 PSYoungGen      total 291328K, used 40730K [0x00000000eab00000, 0x0000000100000000, 0x0000000100000000)
  eden space 236032K, 17% used [0x00000000eab00000,0x00000000ed2c6aa0,0x00000000f9180000)
  from space 55296K, 0% used [0x00000000f9180000,0x00000000f9180000,0x00000000fc780000)
  to   space 56320K, 0% used [0x00000000fc900000,0x00000000fc900000,0x0000000100000000)
 ParOldGen       total 699392K, used 699271K [0x00000000c0000000, 0x00000000eab00000, 0x00000000eab00000)
  object space 699392K, 99% used [0x00000000c0000000,0x00000000eaae1d48,0x00000000eab00000)
 Metaspace       used 15752K, capacity 16346K, committed 16768K, reserved 1062912K
  class space    used 2138K, capacity 2284K, committed 2432K, reserved 1048576K
}
Event: 66531.939 GC heap before
{Heap before GC invocations=5667 (full 3778):
 PSYoungGen      total 291328K, used 236032K [0x00000000eab00000, 0x0000000100000000, 0x0000000100000000)
  eden space 236032K, 100% used [0x00000000eab00000,0x00000000f9180000,0x00000000f9180000)
  from space 55296K, 0% used [0x00000000f9180000,0x00000000f9180000,0x00000000fc780000)
  to   space 56320K, 0% used [0x00000000fc900000,0x00000000fc900000,0x0000000100000000)
 ParOldGen       total 699392K, used 699271K [0x00000000c0000000, 0x00000000eab00000, 0x00000000eab00000)
  object space 699392K, 99% used [0x00000000c0000000,0x00000000eaae1d48,0x00000000eab00000)
 Metaspace       used 15752K, capacity 16346K, committed 16768K, reserved 1062912K
  class space    used 2138K, capacity 2284K, committed 2432K, reserved 1048576K
Event: 66532.152 GC heap after
Heap after GC invocations=5667 (full 3778):
 PSYoungGen      total 291328K, used 41006K [0x00000000eab00000, 0x0000000100000000, 0x0000000100000000)
  eden space 236032K, 17% used [0x00000000eab00000,0x00000000ed30b8d8,0x00000000f9180000)
  from space 55296K, 0% used [0x00000000f9180000,0x00000000f9180000,0x00000000fc780000)
  to   space 56320K, 0% used [0x00000000fc900000,0x00000000fc900000,0x0000000100000000)
 ParOldGen       total 699392K, used 699271K [0x00000000c0000000, 0x00000000eab00000, 0x00000000eab00000)
  object space 699392K, 99% used [0x00000000c0000000,0x00000000eaae1d48,0x00000000eab00000)
 Metaspace       used 15752K, capacity 16346K, committed 16768K, reserved 1062912K
  class space    used 2138K, capacity 2284K, committed 2432K, reserved 1048576K
}
Event: 66532.288 GC heap before
{Heap before GC invocations=5668 (full 3779):
 PSYoungGen      total 291328K, used 236032K [0x00000000eab00000, 0x0000000100000000, 0x0000000100000000)
  eden space 236032K, 100% used [0x00000000eab00000,0x00000000f9180000,0x00000000f9180000)
  from space 55296K, 0% used [0x00000000f9180000,0x00000000f9180000,0x00000000fc780000)
  to   space 56320K, 0% used [0x00000000fc900000,0x00000000fc900000,0x0000000100000000)
 ParOldGen       total 699392K, used 699271K [0x00000000c0000000, 0x00000000eab00000, 0x00000000eab00000)
  object space 699392K, 99% used [0x00000000c0000000,0x00000000eaae1d48,0x00000000eab00000)
 Metaspace       used 15752K, capacity 16346K, committed 16768K, reserved 1062912K
  class space    used 2138K, capacity 2284K, committed 2432K, reserved 1048576K
Event: 66532.491 GC heap after
Heap after GC invocations=5668 (full 3779):
 PSYoungGen      total 291328K, used 39806K [0x00000000eab00000, 0x0000000100000000, 0x0000000100000000)
  eden space 236032K, 16% used [0x00000000eab00000,0x00000000ed1df880,0x00000000f9180000)
  from space 55296K, 0% used [0x00000000f9180000,0x00000000f9180000,0x00000000fc780000)
  to   space 56320K, 0% used [0x00000000fc900000,0x00000000fc900000,0x0000000100000000)
 ParOldGen       total 699392K, used 699271K [0x00000000c0000000, 0x00000000eab00000, 0x00000000eab00000)
  object space 699392K, 99% used [0x00000000c0000000,0x00000000eaae1d48,0x00000000eab00000)
 Metaspace       used 15752K, capacity 16346K, committed 16768K, reserved 1062912K
  class space    used 2138K, capacity 2284K, committed 2432K, reserved 1048576K
}
Event: 66532.579 GC heap before
{Heap before GC invocations=5669 (full 3780):
 PSYoungGen      total 291328K, used 236032K [0x00000000eab00000, 0x0000000100000000, 0x0000000100000000)
  eden space 236032K, 100% used [0x00000000eab00000,0x00000000f9180000,0x00000000f9180000)
  from space 55296K, 0% used [0x00000000f9180000,0x00000000f9180000,0x00000000fc780000)
  to   space 56320K, 0% used [0x00000000fc900000,0x00000000fc900000,0x0000000100000000)
 ParOldGen       total 699392K, used 699271K [0x00000000c0000000, 0x00000000eab00000, 0x00000000eab00000)
  object space 699392K, 99% used [0x00000000c0000000,0x00000000eaae1d48,0x00000000eab00000)
 Metaspace       used 15752K, capacity 16346K, committed 16768K, reserved 1062912K
  class space    used 2138K, capacity 2284K, committed 2432K, reserved 1048576K
Event: 66532.792 GC heap after
Heap after GC invocations=5669 (full 3780):
 PSYoungGen      total 291328K, used 40052K [0x00000000eab00000, 0x0000000100000000, 0x0000000100000000)
  eden space 236032K, 16% used [0x00000000eab00000,0x00000000ed21d2c8,0x00000000f9180000)
  from space 55296K, 0% used [0x00000000f9180000,0x00000000f9180000,0x00000000fc780000)
  to   space 56320K, 0% used [0x00000000fc900000,0x00000000fc900000,0x0000000100000000)
 ParOldGen       total 699392K, used 699271K [0x00000000c0000000, 0x00000000eab00000, 0x00000000eab00000)
  object space 699392K, 99% used [0x00000000c0000000,0x00000000eaae1d48,0x00000000eab00000)
 Metaspace       used 15752K, capacity 16346K, committed 16768K, reserved 1062912K
  class space    used 2138K, capacity 2284K, committed 2432K, reserved 1048576K
}
Event: 66532.881 GC heap before
{Heap before GC invocations=5670 (full 3781):
 PSYoungGen      total 291328K, used 236032K [0x00000000eab00000, 0x0000000100000000, 0x0000000100000000)
  eden space 236032K, 100% used [0x00000000eab00000,0x00000000f9180000,0x00000000f9180000)
  from space 55296K, 0% used [0x00000000f9180000,0x00000000f9180000,0x00000000fc780000)
  to   space 56320K, 0% used [0x00000000fc900000,0x00000000fc900000,0x0000000100000000)
 ParOldGen       total 699392K, used 699271K [0x00000000c0000000, 0x00000000eab00000, 0x00000000eab00000)
  object space 699392K, 99% used [0x00000000c0000000,0x00000000eaae1d48,0x00000000eab00000)
 Metaspace       used 15752K, capacity 16346K, committed 16768K, reserved 1062912K
  class space    used 2138K, capacity 2284K, committed 2432K, reserved 1048576K
Event: 66533.095 GC heap after
Heap after GC invocations=5670 (full 3781):
 PSYoungGen      total 291328K, used 40223K [0x00000000eab00000, 0x0000000100000000, 0x0000000100000000)
  eden space 236032K, 17% used [0x00000000eab00000,0x00000000ed247f50,0x00000000f9180000)
  from space 55296K, 0% used [0x00000000f9180000,0x00000000f9180000,0x00000000fc780000)
  to   space 56320K, 0% used [0x00000000fc900000,0x00000000fc900000,0x0000000100000000)
 ParOldGen       total 699392K, used 699271K [0x00000000c0000000, 0x00000000eab00000, 0x00000000eab00000)
  object space 699392K, 99% used [0x00000000c0000000,0x00000000eaae1d48,0x00000000eab00000)
 Metaspace       used 15752K, capacity 16346K, committed 16768K, reserved 1062912K
  class space    used 2138K, capacity 2284K, committed 2432K, reserved 1048576K
}
Event: 66533.183 GC heap before
{Heap before GC invocations=5671 (full 3782):
 PSYoungGen      total 291328K, used 236032K [0x00000000eab00000, 0x0000000100000000, 0x0000000100000000)
  eden space 236032K, 100% used [0x00000000eab00000,0x00000000f9180000,0x00000000f9180000)
  from space 55296K, 0% used [0x00000000f9180000,0x00000000f9180000,0x00000000fc780000)
  to   space 56320K, 0% used [0x00000000fc900000,0x00000000fc900000,0x0000000100000000)
 ParOldGen       total 699392K, used 699271K [0x00000000c0000000, 0x00000000eab00000, 0x00000000eab00000)
  object space 699392K, 99% used [0x00000000c0000000,0x00000000eaae1d48,0x00000000eab00000)
 Metaspace       used 15752K, capacity 16346K, committed 16768K, reserved 1062912K
  class space    used 2138K, capacity 2284K, committed 2432K, reserved 1048576K
Event: 66533.397 GC heap after
Heap after GC invocations=5671 (full 3782):
 PSYoungGen      total 291328K, used 40471K [0x00000000eab00000, 0x0000000100000000, 0x0000000100000000)
  eden space 236032K, 17% used [0x00000000eab00000,0x00000000ed285c80,0x00000000f9180000)
  from space 55296K, 0% used [0x00000000f9180000,0x00000000f9180000,0x00000000fc780000)
  to   space 56320K, 0% used [0x00000000fc900000,0x00000000fc900000,0x0000000100000000)
 ParOldGen       total 699392K, used 699271K [0x00000000c0000000, 0x00000000eab00000, 0x00000000eab00000)
  object space 699392K, 99% used [0x00000000c0000000,0x00000000eaae1d48,0x00000000eab00000)
 Metaspace       used 15752K, capacity 16346K, committed 16768K, reserved 1062912K
  class space    used 2138K, capacity 2284K, committed 2432K, reserved 1048576K
}
Event: 66533.488 GC heap before
{Heap before GC invocations=5672 (full 3783):
 PSYoungGen      total 291328K, used 236032K [0x00000000eab00000, 0x0000000100000000, 0x0000000100000000)
  eden space 236032K, 100% used [0x00000000eab00000,0x00000000f9180000,0x00000000f9180000)
  from space 55296K, 0% used [0x00000000f9180000,0x00000000f9180000,0x00000000fc780000)
  to   space 56320K, 0% used [0x00000000fc900000,0x00000000fc900000,0x0000000100000000)
 ParOldGen       total 699392K, used 699271K [0x00000000c0000000, 0x00000000eab00000, 0x00000000eab00000)
  object space 699392K, 99% used [0x00000000c0000000,0x00000000eaae1d48,0x00000000eab00000)
 Metaspace       used 15752K, capacity 16346K, committed 16768K, reserved 1062912K
  class space    used 2138K, capacity 2284K, committed 2432K, reserved 1048576K
Event: 66533.706 GC heap after
Heap after GC invocations=5672 (full 3783):
 PSYoungGen      total 291328K, used 40824K [0x00000000eab00000, 0x0000000100000000, 0x0000000100000000)
  eden space 236032K, 17% used [0x00000000eab00000,0x00000000ed2de098,0x00000000f9180000)
  from space 55296K, 0% used [0x00000000f9180000,0x00000000f9180000,0x00000000fc780000)
  to   space 56320K, 0% used [0x00000000fc900000,0x00000000fc900000,0x0000000100000000)
 ParOldGen       total 699392K, used 699271K [0x00000000c0000000, 0x00000000eab00000, 0x00000000eab00000)
  object space 699392K, 99% used [0x00000000c0000000,0x00000000eaae1d48,0x00000000eab00000)
 Metaspace       used 15752K, capacity 16346K, committed 16768K, reserved 1062912K
  class space    used 2138K, capacity 2284K, committed 2432K, reserved 1048576K
}
Event: 66533.794 GC heap before
{Heap before GC invocations=5673 (full 3784):
 PSYoungGen      total 291328K, used 236032K [0x00000000eab00000, 0x0000000100000000, 0x0000000100000000)
  eden space 236032K, 100% used [0x00000000eab00000,0x00000000f9180000,0x00000000f9180000)
  from space 55296K, 0% used [0x00000000f9180000,0x00000000f9180000,0x00000000fc780000)
  to   space 56320K, 0% used [0x00000000fc900000,0x00000000fc900000,0x0000000100000000)
 ParOldGen       total 699392K, used 699271K [0x00000000c0000000, 0x00000000eab00000, 0x00000000eab00000)
  object space 699392K, 99% used [0x00000000c0000000,0x00000000eaae1d48,0x00000000eab00000)
 Metaspace       used 15752K, capacity 16346K, committed 16768K, reserved 1062912K
  class space    used 2138K, capacity 2284K, committed 2432K, reserved 1048576K
Event: 66534.013 GC heap after
Heap after GC invocations=5673 (full 3784):
 PSYoungGen      total 291328K, used 40910K [0x00000000eab00000, 0x0000000100000000, 0x0000000100000000)
  eden space 236032K, 17% used [0x00000000eab00000,0x00000000ed2f38b0,0x00000000f9180000)
  from space 55296K, 0% used [0x00000000f9180000,0x00000000f9180000,0x00000000fc780000)
  to   space 56320K, 0% used [0x00000000fc900000,0x00000000fc900000,0x0000000100000000)
 ParOldGen       total 699392K, used 699271K [0x00000000c0000000, 0x00000000eab00000, 0x00000000eab00000)
  object space 699392K, 99% used [0x00000000c0000000,0x00000000eaae1d48,0x00000000eab00000)
 Metaspace       used 15752K, capacity 16346K, committed 16768K, reserved 1062912K
  class space    used 2138K, capacity 2284K, committed 2432K, reserved 1048576K
}
Event: 66534.101 GC heap before
{Heap before GC invocations=5674 (full 3785):
 PSYoungGen      total 291328K, used 236032K [0x00000000eab00000, 0x0000000100000000, 0x0000000100000000)
  eden space 236032K, 100% used [0x00000000eab00000,0x00000000f9180000,0x00000000f9180000)
  from space 55296K, 0% used [0x00000000f9180000,0x00000000f9180000,0x00000000fc780000)
  to   space 56320K, 0% used [0x00000000fc900000,0x00000000fc900000,0x0000000100000000)
 ParOldGen       total 699392K, used 699271K [0x00000000c0000000, 0x00000000eab00000, 0x00000000eab00000)
  object space 699392K, 99% used [0x00000000c0000000,0x00000000eaae1d48,0x00000000eab00000)
 Metaspace       used 15752K, capacity 16346K, committed 16768K, reserved 1062912K
  class space    used 2138K, capacity 2284K, committed 2432K, reserved 1048576K
Event: 66534.313 GC heap after
Heap after GC invocations=5674 (full 3785):
 PSYoungGen      total 291328K, used 41217K [0x00000000eab00000, 0x0000000100000000, 0x0000000100000000)
  eden space 236032K, 17% used [0x00000000eab00000,0x00000000ed340600,0x00000000f9180000)
  from space 55296K, 0% used [0x00000000f9180000,0x00000000f9180000,0x00000000fc780000)
  to   space 56320K, 0% used [0x00000000fc900000,0x00000000fc900000,0x0000000100000000)
 ParOldGen       total 699392K, used 699271K [0x00000000c0000000, 0x00000000eab00000, 0x00000000eab00000)
  object space 699392K, 99% used [0x00000000c0000000,0x00000000eaae1d48,0x00000000eab00000)
 Metaspace       used 15752K, capacity 16346K, committed 16768K, reserved 1062912K
  class space    used 2138K, capacity 2284K, committed 2432K, reserved 1048576K
}
Event: 66534.400 GC heap before
{Heap before GC invocations=5675 (full 3786):
 PSYoungGen      total 291328K, used 236032K [0x00000000eab00000, 0x0000000100000000, 0x0000000100000000)
  eden space 236032K, 100% used [0x00000000eab00000,0x00000000f9180000,0x00000000f9180000)
  from space 55296K, 0% used [0x00000000f9180000,0x00000000f9180000,0x00000000fc780000)
  to   space 56320K, 0% used [0x00000000fc900000,0x00000000fc900000,0x0000000100000000)
 ParOldGen       total 699392K, used 699271K [0x00000000c0000000, 0x00000000eab00000, 0x00000000eab00000)
  object space 699392K, 99% used [0x00000000c0000000,0x00000000eaae1d48,0x00000000eab00000)
 Metaspace       used 15752K, capacity 16346K, committed 16768K, reserved 1062912K
  class space    used 2138K, capacity 2284K, committed 2432K, reserved 1048576K
Event: 66534.613 GC heap after
Heap after GC invocations=5675 (full 3786):
 PSYoungGen      total 291328K, used 41477K [0x00000000eab00000, 0x0000000100000000, 0x0000000100000000)
  eden space 236032K, 17% used [0x00000000eab00000,0x00000000ed381408,0x00000000f9180000)
  from space 55296K, 0% used [0x00000000f9180000,0x00000000f9180000,0x00000000fc780000)
  to   space 56320K, 0% used [0x00000000fc900000,0x00000000fc900000,0x0000000100000000)
 ParOldGen       total 699392K, used 699271K [0x00000000c0000000, 0x00000000eab00000, 0x00000000eab00000)
  object space 699392K, 99% used [0x00000000c0000000,0x00000000eaae1d48,0x00000000eab00000)
 Metaspace       used 15752K, capacity 16346K, committed 16768K, reserved 1062912K
  class space    used 2138K, capacity 2284K, committed 2432K, reserved 1048576K
}
Event: 66534.700 GC heap before
{Heap before GC invocations=5676 (full 3787):
 PSYoungGen      total 291328K, used 236032K [0x00000000eab00000, 0x0000000100000000, 0x0000000100000000)
  eden space 236032K, 100% used [0x00000000eab00000,0x00000000f9180000,0x00000000f9180000)
  from space 55296K, 0% used [0x00000000f9180000,0x00000000f9180000,0x00000000fc780000)
  to   space 56320K, 0% used [0x00000000fc900000,0x00000000fc900000,0x0000000100000000)
 ParOldGen       total 699392K, used 699271K [0x00000000c0000000, 0x00000000eab00000, 0x00000000eab00000)
  object space 699392K, 99% used [0x00000000c0000000,0x00000000eaae1d48,0x00000000eab00000)
 Metaspace       used 15752K, capacity 16346K, committed 16768K, reserved 1062912K
  class space    used 2138K, capacity 2284K, committed 2432K, reserved 1048576K
Event: 66534.905 GC heap after
Heap after GC invocations=5676 (full 3787):
 PSYoungGen      total 291328K, used 40145K [0x00000000eab00000, 0x0000000100000000, 0x0000000100000000)
  eden space 236032K, 17% used [0x00000000eab00000,0x00000000ed234578,0x00000000f9180000)
  from space 55296K, 0% used [0x00000000f9180000,0x00000000f9180000,0x00000000fc780000)
  to   space 56320K, 0% used [0x00000000fc900000,0x00000000fc900000,0x0000000100000000)
 ParOldGen       total 699392K, used 699271K [0x00000000c0000000, 0x00000000eab00000, 0x00000000eab00000)
  object space 699392K, 99% used [0x00000000c0000000,0x00000000eaae1d48,0x00000000eab00000)
 Metaspace       used 15752K, capacity 16346K, committed 16768K, reserved 1062912K
  class space    used 2138K, capacity 2284K, committed 2432K, reserved 1048576K
}
Event: 66535.090 GC heap before
{Heap before GC invocations=5677 (full 3788):
 PSYoungGen      total 291328K, used 236032K [0x00000000eab00000, 0x0000000100000000, 0x0000000100000000)
  eden space 236032K, 100% used [0x00000000eab00000,0x00000000f9180000,0x00000000f9180000)
  from space 55296K, 0% used [0x00000000f9180000,0x00000000f9180000,0x00000000fc780000)
  to   space 56320K, 0% used [0x00000000fc900000,0x00000000fc900000,0x0000000100000000)
 ParOldGen       total 699392K, used 699271K [0x00000000c0000000, 0x00000000eab00000, 0x00000000eab00000)
  object space 699392K, 99% used [0x00000000c0000000,0x00000000eaae1d48,0x00000000eab00000)
 Metaspace       used 15752K, capacity 16346K, committed 16768K, reserved 1062912K
  class space    used 2138K, capacity 2284K, committed 2432K, reserved 1048576K
Event: 66535.303 GC heap after
Heap after GC invocations=5677 (full 3788):
 PSYoungGen      total 291328K, used 39952K [0x00000000eab00000, 0x0000000100000000, 0x0000000100000000)
  eden space 236032K, 16% used [0x00000000eab00000,0x00000000ed2041d8,0x00000000f9180000)
  from space 55296K, 0% used [0x00000000f9180000,0x00000000f9180000,0x00000000fc780000)
  to   space 56320K, 0% used [0x00000000fc900000,0x00000000fc900000,0x0000000100000000)
 ParOldGen       total 699392K, used 699271K [0x00000000c0000000, 0x00000000eab00000, 0x00000000eab00000)
  object space 699392K, 99% used [0x00000000c0000000,0x00000000eaae1d48,0x00000000eab00000)
 Metaspace       used 15752K, capacity 16346K, committed 16768K, reserved 1062912K
  class space    used 2138K, capacity 2284K, committed 2432K, reserved 1048576K
}
Event: 66535.392 GC heap before
{Heap before GC invocations=5678 (full 3789):
 PSYoungGen      total 291328K, used 236032K [0x00000000eab00000, 0x0000000100000000, 0x0000000100000000)
  eden space 236032K, 100% used [0x00000000eab00000,0x00000000f9180000,0x00000000f9180000)
  from space 55296K, 0% used [0x00000000f9180000,0x00000000f9180000,0x00000000fc780000)
  to   space 56320K, 0% used [0x00000000fc900000,0x00000000fc900000,0x0000000100000000)
 ParOldGen       total 699392K, used 699271K [0x00000000c0000000, 0x00000000eab00000, 0x00000000eab00000)
  object space 699392K, 99% used [0x00000000c0000000,0x00000000eaae1d48,0x00000000eab00000)
 Metaspace       used 15752K, capacity 16346K, committed 16768K, reserved 1062912K
  class space    used 2138K, capacity 2284K, committed 2432K, reserved 1048576K
Event: 66535.611 GC heap after
Heap after GC invocations=5678 (full 3789):
 PSYoungGen      total 291328K, used 40190K [0x00000000eab00000, 0x0000000100000000, 0x0000000100000000)
  eden space 236032K, 17% used [0x00000000eab00000,0x00000000ed23f898,0x00000000f9180000)
  from space 55296K, 0% used [0x00000000f9180000,0x00000000f9180000,0x00000000fc780000)
  to   space 56320K, 0% used [0x00000000fc900000,0x00000000fc900000,0x0000000100000000)
 ParOldGen       total 699392K, used 699271K [0x00000000c0000000, 0x00000000eab00000, 0x00000000eab00000)
  object space 699392K, 99% used [0x00000000c0000000,0x00000000eaae1d48,0x00000000eab00000)
 Metaspace       used 15752K, capacity 16346K, committed 16768K, reserved 1062912K
  class space    used 2138K, capacity 2284K, committed 2432K, reserved 1048576K
}
Event: 66535.701 GC heap before
{Heap before GC invocations=5679 (full 3790):
 PSYoungGen      total 291328K, used 236032K [0x00000000eab00000, 0x0000000100000000, 0x0000000100000000)
  eden space 236032K, 100% used [0x00000000eab00000,0x00000000f9180000,0x00000000f9180000)
  from space 55296K, 0% used [0x00000000f9180000,0x00000000f9180000,0x00000000fc780000)
  to   space 56320K, 0% used [0x00000000fc900000,0x00000000fc900000,0x0000000100000000)
 ParOldGen       total 699392K, used 699271K [0x00000000c0000000, 0x00000000eab00000, 0x00000000eab00000)
  object space 699392K, 99% used [0x00000000c0000000,0x00000000eaae1d48,0x00000000eab00000)
 Metaspace       used 15752K, capacity 16346K, committed 16768K, reserved 1062912K
  class space    used 2138K, capacity 2284K, committed 2432K, reserved 1048576K
Event: 66535.916 GC heap after
Heap after GC invocations=5679 (full 3790):
 PSYoungGen      total 291328K, used 40396K [0x00000000eab00000, 0x0000000100000000, 0x0000000100000000)
  eden space 236032K, 17% used [0x00000000eab00000,0x00000000ed2730e0,0x00000000f9180000)
  from space 55296K, 0% used [0x00000000f9180000,0x00000000f9180000,0x00000000fc780000)
  to   space 56320K, 0% used [0x00000000fc900000,0x00000000fc900000,0x0000000100000000)
 ParOldGen       total 699392K, used 699271K [0x00000000c0000000, 0x00000000eab00000, 0x00000000eab00000)
  object space 699392K, 99% used [0x00000000c0000000,0x00000000eaae1d48,0x00000000eab00000)
 Metaspace       used 15752K, capacity 16346K, committed 16768K, reserved 1062912K
  class space    used 2138K, capacity 2284K, committed 2432K, reserved 1048576K
}
Event: 66536.003 GC heap before
{Heap before GC invocations=5680 (full 3791):
 PSYoungGen      total 291328K, used 236032K [0x00000000eab00000, 0x0000000100000000, 0x0000000100000000)
  eden space 236032K, 100% used [0x00000000eab00000,0x00000000f9180000,0x00000000f9180000)
  from space 55296K, 0% used [0x00000000f9180000,0x00000000f9180000,0x00000000fc780000)
  to   space 56320K, 0% used [0x00000000fc900000,0x00000000fc900000,0x0000000100000000)
 ParOldGen       total 699392K, used 699271K [0x00000000c0000000, 0x00000000eab00000, 0x00000000eab00000)
  object space 699392K, 99% used [0x00000000c0000000,0x00000000eaae1d48,0x00000000eab00000)
 Metaspace       used 15752K, capacity 16346K, committed 16768K, reserved 1062912K
  class space    used 2138K, capacity 2284K, committed 2432K, reserved 1048576K
Event: 66536.224 GC heap after
Heap after GC invocations=5680 (full 3791):
 PSYoungGen      total 291328K, used 40577K [0x00000000eab00000, 0x0000000100000000, 0x0000000100000000)
  eden space 236032K, 17% used [0x00000000eab00000,0x00000000ed2a0778,0x00000000f9180000)
  from space 55296K, 0% used [0x00000000f9180000,0x00000000f9180000,0x00000000fc780000)
  to   space 56320K, 0% used [0x00000000fc900000,0x00000000fc900000,0x0000000100000000)
 ParOldGen       total 699392K, used 699271K [0x00000000c0000000, 0x00000000eab00000, 0x00000000eab00000)
  object space 699392K, 99% used [0x00000000c0000000,0x00000000eaae1d48,0x00000000eab00000)
 Metaspace       used 15752K, capacity 16346K, committed 16768K, reserved 1062912K
  class space    used 2138K, capacity 2284K, committed 2432K, reserved 1048576K
}
Event: 66536.313 GC heap before
{Heap before GC invocations=5681 (full 3792):
 PSYoungGen      total 291328K, used 236032K [0x00000000eab00000, 0x0000000100000000, 0x0000000100000000)
  eden space 236032K, 100% used [0x00000000eab00000,0x00000000f9180000,0x00000000f9180000)
  from space 55296K, 0% used [0x00000000f9180000,0x00000000f9180000,0x00000000fc780000)
  to   space 56320K, 0% used [0x00000000fc900000,0x00000000fc900000,0x0000000100000000)
 ParOldGen       total 699392K, used 699271K [0x00000000c0000000, 0x00000000eab00000, 0x00000000eab00000)
  object space 699392K, 99% used [0x00000000c0000000,0x00000000eaae1d48,0x00000000eab00000)
 Metaspace       used 15752K, capacity 16346K, committed 16768K, reserved 1062912K
  class space    used 2138K, capacity 2284K, committed 2432K, reserved 1048576K
Event: 66536.530 GC heap after
Heap after GC invocations=5681 (full 3792):
 PSYoungGen      total 291328K, used 40764K [0x00000000eab00000, 0x0000000100000000, 0x0000000100000000)
  eden space 236032K, 17% used [0x00000000eab00000,0x00000000ed2cf1f8,0x00000000f9180000)
  from space 55296K, 0% used [0x00000000f9180000,0x00000000f9180000,0x00000000fc780000)
  to   space 56320K, 0% used [0x00000000fc900000,0x00000000fc900000,0x0000000100000000)
 ParOldGen       total 699392K, used 699271K [0x00000000c0000000, 0x00000000eab00000, 0x00000000eab00000)
  object space 699392K, 99% used [0x00000000c0000000,0x00000000eaae1d48,0x00000000eab00000)
 Metaspace       used 15752K, capacity 16346K, committed 16768K, reserved 1062912K
  class space    used 2138K, capacity 2284K, committed 2432K, reserved 1048576K
}
Event: 66536.616 GC heap before
{Heap before GC invocations=5682 (full 3793):
 PSYoungGen      total 291328K, used 236032K [0x00000000eab00000, 0x0000000100000000, 0x0000000100000000)
  eden space 236032K, 100% used [0x00000000eab00000,0x00000000f9180000,0x00000000f9180000)
  from space 55296K, 0% used [0x00000000f9180000,0x00000000f9180000,0x00000000fc780000)
  to   space 56320K, 0% used [0x00000000fc900000,0x00000000fc900000,0x0000000100000000)
 ParOldGen       total 699392K, used 699271K [0x00000000c0000000, 0x00000000eab00000, 0x00000000eab00000)
  object space 699392K, 99% used [0x00000000c0000000,0x00000000eaae1d48,0x00000000eab00000)
 Metaspace       used 15752K, capacity 16346K, committed 16768K, reserved 1062912K
  class space    used 2138K, capacity 2284K, committed 2432K, reserved 1048576K
Event: 66536.836 GC heap after
Heap after GC invocations=5682 (full 3793):
 PSYoungGen      total 291328K, used 40988K [0x00000000eab00000, 0x0000000100000000, 0x0000000100000000)
  eden space 236032K, 17% used [0x00000000eab00000,0x00000000ed307100,0x00000000f9180000)
  from space 55296K, 0% used [0x00000000f9180000,0x00000000f9180000,0x00000000fc780000)
  to   space 56320K, 0% used [0x00000000fc900000,0x00000000fc900000,0x0000000100000000)
 ParOldGen       total 699392K, used 699271K [0x00000000c0000000, 0x00000000eab00000, 0x00000000eab00000)
  object space 699392K, 99% used [0x00000000c0000000,0x00000000eaae1d48,0x00000000eab00000)
 Metaspace       used 15752K, capacity 16346K, committed 16768K, reserved 1062912K
  class space    used 2138K, capacity 2284K, committed 2432K, reserved 1048576K
}
Event: 66536.924 GC heap before
{Heap before GC invocations=5683 (full 3794):
 PSYoungGen      total 291328K, used 236032K [0x00000000eab00000, 0x0000000100000000, 0x0000000100000000)
  eden space 236032K, 100% used [0x00000000eab00000,0x00000000f9180000,0x00000000f9180000)
  from space 55296K, 0% used [0x00000000f9180000,0x00000000f9180000,0x00000000fc780000)
  to   space 56320K, 0% used [0x00000000fc900000,0x00000000fc900000,0x0000000100000000)
 ParOldGen       total 699392K, used 699271K [0x00000000c0000000, 0x00000000eab00000, 0x00000000eab00000)
  object space 699392K, 99% used [0x00000000c0000000,0x00000000eaae1d48,0x00000000eab00000)
 Metaspace       used 15752K, capacity 16346K, committed 16768K, reserved 1062912K
  class space    used 2138K, capacity 2284K, committed 2432K, reserved 1048576K
Event: 66537.139 GC heap after
Heap after GC invocations=5683 (full 3794):
 PSYoungGen      total 291328K, used 41176K [0x00000000eab00000, 0x0000000100000000, 0x0000000100000000)
  eden space 236032K, 17% used [0x00000000eab00000,0x00000000ed336270,0x00000000f9180000)
  from space 55296K, 0% used [0x00000000f9180000,0x00000000f9180000,0x00000000fc780000)
  to   space 56320K, 0% used [0x00000000fc900000,0x00000000fc900000,0x0000000100000000)
 ParOldGen       total 699392K, used 699271K [0x00000000c0000000, 0x00000000eab00000, 0x00000000eab00000)
  object space 699392K, 99% used [0x00000000c0000000,0x00000000eaae1d48,0x00000000eab00000)
 Metaspace       used 15752K, capacity 16346K, committed 16768K, reserved 1062912K
  class space    used 2138K, capacity 2284K, committed 2432K, reserved 1048576K
}
Event: 66537.225 GC heap before
{Heap before GC invocations=5684 (full 3795):
 PSYoungGen      total 291328K, used 236032K [0x00000000eab00000, 0x0000000100000000, 0x0000000100000000)
  eden space 236032K, 100% used [0x00000000eab00000,0x00000000f9180000,0x00000000f9180000)
  from space 55296K, 0% used [0x00000000f9180000,0x00000000f9180000,0x00000000fc780000)
  to   space 56320K, 0% used [0x00000000fc900000,0x00000000fc900000,0x0000000100000000)
 ParOldGen       total 699392K, used 699271K [0x00000000c0000000, 0x00000000eab00000, 0x00000000eab00000)
  object space 699392K, 99% used [0x00000000c0000000,0x00000000eaae1d48,0x00000000eab00000)
 Metaspace       used 15752K, capacity 16346K, committed 16768K, reserved 1062912K
  class space    used 2138K, capacity 2284K, committed 2432K, reserved 1048576K
Event: 66537.445 GC heap after
Heap after GC invocations=5684 (full 3795):
 PSYoungGen      total 291328K, used 41371K [0x00000000eab00000, 0x0000000100000000, 0x0000000100000000)
  eden space 236032K, 17% used [0x00000000eab00000,0x00000000ed366d40,0x00000000f9180000)
  from space 55296K, 0% used [0x00000000f9180000,0x00000000f9180000,0x00000000fc780000)
  to   space 56320K, 0% used [0x00000000fc900000,0x00000000fc900000,0x0000000100000000)
 ParOldGen       total 699392K, used 699271K [0x00000000c0000000, 0x00000000eab00000, 0x00000000eab00000)
  object space 699392K, 99% used [0x00000000c0000000,0x00000000eaae1d48,0x00000000eab00000)
 Metaspace       used 15752K, capacity 16346K, committed 16768K, reserved 1062912K
  class space    used 2138K, capacity 2284K, committed 2432K, reserved 1048576K
}
Event: 66537.529 GC heap before
{Heap before GC invocations=5685 (full 3796):
 PSYoungGen      total 291328K, used 236032K [0x00000000eab00000, 0x0000000100000000, 0x0000000100000000)
  eden space 236032K, 100% used [0x00000000eab00000,0x00000000f9180000,0x00000000f9180000)
  from space 55296K, 0% used [0x00000000f9180000,0x00000000f9180000,0x00000000fc780000)
  to   space 56320K, 0% used [0x00000000fc900000,0x00000000fc900000,0x0000000100000000)
 ParOldGen       total 699392K, used 699271K [0x00000000c0000000, 0x00000000eab00000, 0x00000000eab00000)
  object space 699392K, 99% used [0x00000000c0000000,0x00000000eaae1d48,0x00000000eab00000)
 Metaspace       used 15752K, capacity 16346K, committed 16768K, reserved 1062912K
  class space    used 2138K, capacity 2284K, committed 2432K, reserved 1048576K
Event: 66537.748 GC heap after
Heap after GC invocations=5685 (full 3796):
 PSYoungGen      total 291328K, used 41770K [0x00000000eab00000, 0x0000000100000000, 0x0000000100000000)
  eden space 236032K, 17% used [0x00000000eab00000,0x00000000ed3ca8d0,0x00000000f9180000)
  from space 55296K, 0% used [0x00000000f9180000,0x00000000f9180000,0x00000000fc780000)
  to   space 56320K, 0% used [0x00000000fc900000,0x00000000fc900000,0x0000000100000000)
 ParOldGen       total 699392K, used 699271K [0x00000000c0000000, 0x00000000eab00000, 0x00000000eab00000)
  object space 699392K, 99% used [0x00000000c0000000,0x00000000eaae1d48,0x00000000eab00000)
 Metaspace       used 15752K, capacity 16346K, committed 16768K, reserved 1062912K
  class space    used 2138K, capacity 2284K, committed 2432K, reserved 1048576K
}
Event: 66537.883 GC heap before
{Heap before GC invocations=5686 (full 3797):
 PSYoungGen      total 291328K, used 236032K [0x00000000eab00000, 0x0000000100000000, 0x0000000100000000)
  eden space 236032K, 100% used [0x00000000eab00000,0x00000000f9180000,0x00000000f9180000)
  from space 55296K, 0% used [0x00000000f9180000,0x00000000f9180000,0x00000000fc780000)
  to   space 56320K, 0% used [0x00000000fc900000,0x00000000fc900000,0x0000000100000000)
 ParOldGen       total 699392K, used 699271K [0x00000000c0000000, 0x00000000eab00000, 0x00000000eab00000)
  object space 699392K, 99% used [0x00000000c0000000,0x00000000eaae1d48,0x00000000eab00000)
 Metaspace       used 15752K, capacity 16346K, committed 16768K, reserved 1062912K
  class space    used 2138K, capacity 2284K, committed 2432K, reserved 1048576K
Event: 66538.095 GC heap after
Heap after GC invocations=5686 (full 3797):
 PSYoungGen      total 291328K, used 39825K [0x00000000eab00000, 0x0000000100000000, 0x0000000100000000)
  eden space 236032K, 16% used [0x00000000eab00000,0x00000000ed1e46a8,0x00000000f9180000)
  from space 55296K, 0% used [0x00000000f9180000,0x00000000f9180000,0x00000000fc780000)
  to   space 56320K, 0% used [0x00000000fc900000,0x00000000fc900000,0x0000000100000000)
 ParOldGen       total 699392K, used 699271K [0x00000000c0000000, 0x00000000eab00000, 0x00000000eab00000)
  object space 699392K, 99% used [0x00000000c0000000,0x00000000eaae1d48,0x00000000eab00000)
 Metaspace       used 15752K, capacity 16346K, committed 16768K, reserved 1062912K
  class space    used 2138K, capacity 2284K, committed 2432K, reserved 1048576K
}
Event: 66538.184 GC heap before
{Heap before GC invocations=5687 (full 3798):
 PSYoungGen      total 291328K, used 236032K [0x00000000eab00000, 0x0000000100000000, 0x0000000100000000)
  eden space 236032K, 100% used [0x00000000eab00000,0x00000000f9180000,0x00000000f9180000)
  from space 55296K, 0% used [0x00000000f9180000,0x00000000f9180000,0x00000000fc780000)
  to   space 56320K, 0% used [0x00000000fc900000,0x00000000fc900000,0x0000000100000000)
 ParOldGen       total 699392K, used 699271K [0x00000000c0000000, 0x00000000eab00000, 0x00000000eab00000)
  object space 699392K, 99% used [0x00000000c0000000,0x00000000eaae1d48,0x00000000eab00000)
 Metaspace       used 15752K, capacity 16346K, committed 16768K, reserved 1062912K
  class space    used 2138K, capacity 2284K, committed 2432K, reserved 1048576K
Event: 66538.398 GC heap after
Heap after GC invocations=5687 (full 3798):
 PSYoungGen      total 291328K, used 40076K [0x00000000eab00000, 0x0000000100000000, 0x0000000100000000)
  eden space 236032K, 16% used [0x00000000eab00000,0x00000000ed223088,0x00000000f9180000)
  from space 55296K, 0% used [0x00000000f9180000,0x00000000f9180000,0x00000000fc780000)
  to   space 56320K, 0% used [0x00000000fc900000,0x00000000fc900000,0x0000000100000000)
 ParOldGen       total 699392K, used 699271K [0x00000000c0000000, 0x00000000eab00000, 0x00000000eab00000)
  object space 699392K, 99% used [0x00000000c0000000,0x00000000eaae1d48,0x00000000eab00000)
 Metaspace       used 15752K, capacity 16346K, committed 16768K, reserved 1062912K
  class space    used 2138K, capacity 2284K, committed 2432K, reserved 1048576K
}
Event: 66538.488 GC heap before
{Heap before GC invocations=5688 (full 3799):
 PSYoungGen      total 291328K, used 236032K [0x00000000eab00000, 0x0000000100000000, 0x0000000100000000)
  eden space 236032K, 100% used [0x00000000eab00000,0x00000000f9180000,0x00000000f9180000)
  from space 55296K, 0% used [0x00000000f9180000,0x00000000f9180000,0x00000000fc780000)
  to   space 56320K, 0% used [0x00000000fc900000,0x00000000fc900000,0x0000000100000000)
 ParOldGen       total 699392K, used 699271K [0x00000000c0000000, 0x00000000eab00000, 0x00000000eab00000)
  object space 699392K, 99% used [0x00000000c0000000,0x00000000eaae1d48,0x00000000eab00000)
 Metaspace       used 15752K, capacity 16346K, committed 16768K, reserved 1062912K
  class space    used 2138K, capacity 2284K, committed 2432K, reserved 1048576K
Event: 66538.702 GC heap after
Heap after GC invocations=5688 (full 3799):
 PSYoungGen      total 291328K, used 40379K [0x00000000eab00000, 0x0000000100000000, 0x0000000100000000)
  eden space 236032K, 17% used [0x00000000eab00000,0x00000000ed26efc0,0x00000000f9180000)
  from space 55296K, 0% used [0x00000000f9180000,0x00000000f9180000,0x00000000fc780000)
  to   space 56320K, 0% used [0x00000000fc900000,0x00000000fc900000,0x0000000100000000)
 ParOldGen       total 699392K, used 699271K [0x00000000c0000000, 0x00000000eab00000, 0x00000000eab00000)
  object space 699392K, 99% used [0x00000000c0000000,0x00000000eaae1d48,0x00000000eab00000)
 Metaspace       used 15752K, capacity 16346K, committed 16768K, reserved 1062912K
  class space    used 2138K, capacity 2284K, committed 2432K, reserved 1048576K
}
Event: 66538.791 GC heap before
{Heap before GC invocations=5689 (full 3800):
 PSYoungGen      total 291328K, used 236032K [0x00000000eab00000, 0x0000000100000000, 0x0000000100000000)
  eden space 236032K, 100% used [0x00000000eab00000,0x00000000f9180000,0x00000000f9180000)
  from space 55296K, 0% used [0x00000000f9180000,0x00000000f9180000,0x00000000fc780000)
  to   space 56320K, 0% used [0x00000000fc900000,0x00000000fc900000,0x0000000100000000)
 ParOldGen       total 699392K, used 699271K [0x00000000c0000000, 0x00000000eab00000, 0x00000000eab00000)
  object space 699392K, 99% used [0x00000000c0000000,0x00000000eaae1d48,0x00000000eab00000)
 Metaspace       used 15752K, capacity 16346K, committed 16768K, reserved 1062912K
  class space    used 2138K, capacity 2284K, committed 2432K, reserved 1048576K
Event: 66539.000 GC heap after
Heap after GC invocations=5689 (full 3800):
 PSYoungGen      total 291328K, used 40675K [0x00000000eab00000, 0x0000000100000000, 0x0000000100000000)
  eden space 236032K, 17% used [0x00000000eab00000,0x00000000ed2b8e00,0x00000000f9180000)
  from space 55296K, 0% used [0x00000000f9180000,0x00000000f9180000,0x00000000fc780000)
  to   space 56320K, 0% used [0x00000000fc900000,0x00000000fc900000,0x0000000100000000)
 ParOldGen       total 699392K, used 699271K [0x00000000c0000000, 0x00000000eab00000, 0x00000000eab00000)
  object space 699392K, 99% used [0x00000000c0000000,0x00000000eaae1d48,0x00000000eab00000)
 Metaspace       used 15752K, capacity 16346K, committed 16768K, reserved 1062912K
  class space    used 2138K, capacity 2284K, committed 2432K, reserved 1048576K
}
Event: 66539.090 GC heap before
{Heap before GC invocations=5690 (full 3801):
 PSYoungGen      total 291328K, used 236032K [0x00000000eab00000, 0x0000000100000000, 0x0000000100000000)
  eden space 236032K, 100% used [0x00000000eab00000,0x00000000f9180000,0x00000000f9180000)
  from space 55296K, 0% used [0x00000000f9180000,0x00000000f9180000,0x00000000fc780000)
  to   space 56320K, 0% used [0x00000000fc900000,0x00000000fc900000,0x0000000100000000)
 ParOldGen       total 699392K, used 699271K [0x00000000c0000000, 0x00000000eab00000, 0x00000000eab00000)
  object space 699392K, 99% used [0x00000000c0000000,0x00000000eaae1d48,0x00000000eab00000)
 Metaspace       used 15752K, capacity 16346K, committed 16768K, reserved 1062912K
  class space    used 2138K, capacity 2284K, committed 2432K, reserved 1048576K
Event: 66539.306 GC heap after
Heap after GC invocations=5690 (full 3801):
 PSYoungGen      total 291328K, used 40902K [0x00000000eab00000, 0x0000000100000000, 0x0000000100000000)
  eden space 236032K, 17% used [0x00000000eab00000,0x00000000ed2f1be0,0x00000000f9180000)
  from space 55296K, 0% used [0x00000000f9180000,0x00000000f9180000,0x00000000fc780000)
  to   space 56320K, 0% used [0x00000000fc900000,0x00000000fc900000,0x0000000100000000)
 ParOldGen       total 699392K, used 699271K [0x00000000c0000000, 0x00000000eab00000, 0x00000000eab00000)
  object space 699392K, 99% used [0x00000000c0000000,0x00000000eaae1d48,0x00000000eab00000)
 Metaspace       used 15752K, capacity 16346K, committed 16768K, reserved 1062912K
  class space    used 2138K, capacity 2284K, committed 2432K, reserved 1048576K
}
Event: 66539.393 GC heap before
{Heap before GC invocations=5691 (full 3802):
 PSYoungGen      total 291328K, used 236032K [0x00000000eab00000, 0x0000000100000000, 0x0000000100000000)
  eden space 236032K, 100% used [0x00000000eab00000,0x00000000f9180000,0x00000000f9180000)
  from space 55296K, 0% used [0x00000000f9180000,0x00000000f9180000,0x00000000fc780000)
  to   space 56320K, 0% used [0x00000000fc900000,0x00000000fc900000,0x0000000100000000)
 ParOldGen       total 699392K, used 699271K [0x00000000c0000000, 0x00000000eab00000, 0x00000000eab00000)
  object space 699392K, 99% used [0x00000000c0000000,0x00000000eaae1d48,0x00000000eab00000)
 Metaspace       used 15752K, capacity 16346K, committed 16768K, reserved 1062912K
  class space    used 2138K, capacity 2284K, committed 2432K, reserved 1048576K
Event: 66539.605 GC heap after
Heap after GC invocations=5691 (full 3802):
 PSYoungGen      total 291328K, used 41104K [0x00000000eab00000, 0x0000000100000000, 0x0000000100000000)
  eden space 236032K, 17% used [0x00000000eab00000,0x00000000ed324380,0x00000000f9180000)
  from space 55296K, 0% used [0x00000000f9180000,0x00000000f9180000,0x00000000fc780000)
  to   space 56320K, 0% used [0x00000000fc900000,0x00000000fc900000,0x0000000100000000)
 ParOldGen       total 699392K, used 699271K [0x00000000c0000000, 0x00000000eab00000, 0x00000000eab00000)
  object space 699392K, 99% used [0x00000000c0000000,0x00000000eaae1d48,0x00000000eab00000)
 Metaspace       used 15752K, capacity 16346K, committed 16768K, reserved 1062912K
  class space    used 2138K, capacity 2284K, committed 2432K, reserved 1048576K
}
Event: 66539.778 GC heap before
{Heap before GC invocations=5692 (full 3803):
 PSYoungGen      total 291328K, used 236032K [0x00000000eab00000, 0x0000000100000000, 0x0000000100000000)
  eden space 236032K, 100% used [0x00000000eab00000,0x00000000f9180000,0x00000000f9180000)
  from space 55296K, 0% used [0x00000000f9180000,0x00000000f9180000,0x00000000fc780000)
  to   space 56320K, 0% used [0x00000000fc900000,0x00000000fc900000,0x0000000100000000)
 ParOldGen       total 699392K, used 699271K [0x00000000c0000000, 0x00000000eab00000, 0x00000000eab00000)
  object space 699392K, 99% used [0x00000000c0000000,0x00000000eaae1d48,0x00000000eab00000)
 Metaspace       used 15752K, capacity 16346K, committed 16768K, reserved 1062912K
  class space    used 2138K, capacity 2284K, committed 2432K, reserved 1048576K
Event: 66539.992 GC heap after
Heap after GC invocations=5692 (full 3803):
 PSYoungGen      total 291328K, used 39969K [0x00000000eab00000, 0x0000000100000000, 0x0000000100000000)
  eden space 236032K, 16% used [0x00000000eab00000,0x00000000ed208458,0x00000000f9180000)
  from space 55296K, 0% used [0x00000000f9180000,0x00000000f9180000,0x00000000fc780000)
  to   space 56320K, 0% used [0x00000000fc900000,0x00000000fc900000,0x0000000100000000)
 ParOldGen       total 699392K, used 699271K [0x00000000c0000000, 0x00000000eab00000, 0x00000000eab00000)
  object space 699392K, 99% used [0x00000000c0000000,0x00000000eaae1d48,0x00000000eab00000)
 Metaspace       used 15752K, capacity 16346K, committed 16768K, reserved 1062912K
  class space    used 2138K, capacity 2284K, committed 2432K, reserved 1048576K
}
Event: 66540.082 GC heap before
{Heap before GC invocations=5693 (full 3804):
 PSYoungGen      total 291328K, used 236032K [0x00000000eab00000, 0x0000000100000000, 0x0000000100000000)
  eden space 236032K, 100% used [0x00000000eab00000,0x00000000f9180000,0x00000000f9180000)
  from space 55296K, 0% used [0x00000000f9180000,0x00000000f9180000,0x00000000fc780000)
  to   space 56320K, 0% used [0x00000000fc900000,0x00000000fc900000,0x0000000100000000)
 ParOldGen       total 699392K, used 699271K [0x00000000c0000000, 0x00000000eab00000, 0x00000000eab00000)
  object space 699392K, 99% used [0x00000000c0000000,0x00000000eaae1d48,0x00000000eab00000)
 Metaspace       used 15752K, capacity 16346K, committed 16768K, reserved 1062912K
  class space    used 2138K, capacity 2284K, committed 2432K, reserved 1048576K
Event: 66540.292 GC heap after
Heap after GC invocations=5693 (full 3804):
 PSYoungGen      total 291328K, used 40235K [0x00000000eab00000, 0x0000000100000000, 0x0000000100000000)
  eden space 236032K, 17% used [0x00000000eab00000,0x00000000ed24ace8,0x00000000f9180000)
  from space 55296K, 0% used [0x00000000f9180000,0x00000000f9180000,0x00000000fc780000)
  to   space 56320K, 0% used [0x00000000fc900000,0x00000000fc900000,0x0000000100000000)
 ParOldGen       total 699392K, used 699271K [0x00000000c0000000, 0x00000000eab00000, 0x00000000eab00000)
  object space 699392K, 99% used [0x00000000c0000000,0x00000000eaae1d48,0x00000000eab00000)
 Metaspace       used 15752K, capacity 16346K, committed 16768K, reserved 1062912K
  class space    used 2138K, capacity 2284K, committed 2432K, reserved 1048576K
}
Event: 66540.382 GC heap before
{Heap before GC invocations=5694 (full 3805):
 PSYoungGen      total 291328K, used 236032K [0x00000000eab00000, 0x0000000100000000, 0x0000000100000000)
  eden space 236032K, 100% used [0x00000000eab00000,0x00000000f9180000,0x00000000f9180000)
  from space 55296K, 0% used [0x00000000f9180000,0x00000000f9180000,0x00000000fc780000)
  to   space 56320K, 0% used [0x00000000fc900000,0x00000000fc900000,0x0000000100000000)
 ParOldGen       total 699392K, used 699271K [0x00000000c0000000, 0x00000000eab00000, 0x00000000eab00000)
  object space 699392K, 99% used [0x00000000c0000000,0x00000000eaae1d48,0x00000000eab00000)
 Metaspace       used 15752K, capacity 16346K, committed 16768K, reserved 1062912K
  class space    used 2138K, capacity 2284K, committed 2432K, reserved 1048576K
Event: 66540.596 GC heap after
Heap after GC invocations=5694 (full 3805):
 PSYoungGen      total 291328K, used 40480K [0x00000000eab00000, 0x0000000100000000, 0x0000000100000000)
  eden space 236032K, 17% used [0x00000000eab00000,0x00000000ed288098,0x00000000f9180000)
  from space 55296K, 0% used [0x00000000f9180000,0x00000000f9180000,0x00000000fc780000)
  to   space 56320K, 0% used [0x00000000fc900000,0x00000000fc900000,0x0000000100000000)
 ParOldGen       total 699392K, used 699271K [0x00000000c0000000, 0x00000000eab00000, 0x00000000eab00000)
  object space 699392K, 99% used [0x00000000c0000000,0x00000000eaae1d48,0x00000000eab00000)
 Metaspace       used 15752K, capacity 16346K, committed 16768K, reserved 1062912K
  class space    used 2138K, capacity 2284K, committed 2432K, reserved 1048576K
}
Event: 66540.685 GC heap before
{Heap before GC invocations=5695 (full 3806):
 PSYoungGen      total 291328K, used 236032K [0x00000000eab00000, 0x0000000100000000, 0x0000000100000000)
  eden space 236032K, 100% used [0x00000000eab00000,0x00000000f9180000,0x00000000f9180000)
  from space 55296K, 0% used [0x00000000f9180000,0x00000000f9180000,0x00000000fc780000)
  to   space 56320K, 0% used [0x00000000fc900000,0x00000000fc900000,0x0000000100000000)
 ParOldGen       total 699392K, used 699271K [0x00000000c0000000, 0x00000000eab00000, 0x00000000eab00000)
  object space 699392K, 99% used [0x00000000c0000000,0x00000000eaae1d48,0x00000000eab00000)
 Metaspace       used 15752K, capacity 16346K, committed 16768K, reserved 1062912K
  class space    used 2138K, capacity 2284K, committed 2432K, reserved 1048576K
Event: 66540.898 GC heap after
Heap after GC invocations=5695 (full 3806):
 PSYoungGen      total 291328K, used 40646K [0x00000000eab00000, 0x0000000100000000, 0x0000000100000000)
  eden space 236032K, 17% used [0x00000000eab00000,0x00000000ed2b1be0,0x00000000f9180000)
  from space 55296K, 0% used [0x00000000f9180000,0x00000000f9180000,0x00000000fc780000)
  to   space 56320K, 0% used [0x00000000fc900000,0x00000000fc900000,0x0000000100000000)
 ParOldGen       total 699392K, used 699271K [0x00000000c0000000, 0x00000000eab00000, 0x00000000eab00000)
  object space 699392K, 99% used [0x00000000c0000000,0x00000000eaae1d48,0x00000000eab00000)
 Metaspace       used 15752K, capacity 16346K, committed 16768K, reserved 1062912K
  class space    used 2138K, capacity 2284K, committed 2432K, reserved 1048576K
}
Event: 66541.059 GC heap before
{Heap before GC invocations=5696 (full 3807):
 PSYoungGen      total 291328K, used 236032K [0x00000000eab00000, 0x0000000100000000, 0x0000000100000000)
  eden space 236032K, 100% used [0x00000000eab00000,0x00000000f9180000,0x00000000f9180000)
  from space 55296K, 0% used [0x00000000f9180000,0x00000000f9180000,0x00000000fc780000)
  to   space 56320K, 0% used [0x00000000fc900000,0x00000000fc900000,0x0000000100000000)
 ParOldGen       total 699392K, used 699271K [0x00000000c0000000, 0x00000000eab00000, 0x00000000eab00000)
  object space 699392K, 99% used [0x00000000c0000000,0x00000000eaae1d48,0x00000000eab00000)
 Metaspace       used 15752K, capacity 16346K, committed 16768K, reserved 1062912K
  class space    used 2138K, capacity 2284K, committed 2432K, reserved 1048576K
Event: 66541.268 GC heap after
Heap after GC invocations=5696 (full 3807):
 PSYoungGen      total 291328K, used 39821K [0x00000000eab00000, 0x0000000100000000, 0x0000000100000000)
  eden space 236032K, 16% used [0x00000000eab00000,0x00000000ed1e3570,0x00000000f9180000)
  from space 55296K, 0% used [0x00000000f9180000,0x00000000f9180000,0x00000000fc780000)
  to   space 56320K, 0% used [0x00000000fc900000,0x00000000fc900000,0x0000000100000000)
 ParOldGen       total 699392K, used 699271K [0x00000000c0000000, 0x00000000eab00000, 0x00000000eab00000)
  object space 699392K, 99% used [0x00000000c0000000,0x00000000eaae1d48,0x00000000eab00000)
 Metaspace       used 15752K, capacity 16346K, committed 16768K, reserved 1062912K
  class space    used 2138K, capacity 2284K, committed 2432K, reserved 1048576K
}
Event: 66541.357 GC heap before
{Heap before GC invocations=5697 (full 3808):
 PSYoungGen      total 291328K, used 236032K [0x00000000eab00000, 0x0000000100000000, 0x0000000100000000)
  eden space 236032K, 100% used [0x00000000eab00000,0x00000000f9180000,0x00000000f9180000)
  from space 55296K, 0% used [0x00000000f9180000,0x00000000f9180000,0x00000000fc780000)
  to   space 56320K, 0% used [0x00000000fc900000,0x00000000fc900000,0x0000000100000000)
 ParOldGen       total 699392K, used 699271K [0x00000000c0000000, 0x00000000eab00000, 0x00000000eab00000)
  object space 699392K, 99% used [0x00000000c0000000,0x00000000eaae1d48,0x00000000eab00000)
 Metaspace       used 15752K, capacity 16346K, committed 16768K, reserved 1062912K
  class space    used 2138K, capacity 2284K, committed 2432K, reserved 1048576K
Event: 66541.568 GC heap after
Heap after GC invocations=5697 (full 3808):
 PSYoungGen      total 291328K, used 40036K [0x00000000eab00000, 0x0000000100000000, 0x0000000100000000)
  eden space 236032K, 16% used [0x00000000eab00000,0x00000000ed219230,0x00000000f9180000)
  from space 55296K, 0% used [0x00000000f9180000,0x00000000f9180000,0x00000000fc780000)
  to   space 56320K, 0% used [0x00000000fc900000,0x00000000fc900000,0x0000000100000000)
 ParOldGen       total 699392K, used 699271K [0x00000000c0000000, 0x00000000eab00000, 0x00000000eab00000)
  object space 699392K, 99% used [0x00000000c0000000,0x00000000eaae1d48,0x00000000eab00000)
 Metaspace       used 15752K, capacity 16346K, committed 16768K, reserved 1062912K
  class space    used 2138K, capacity 2284K, committed 2432K, reserved 1048576K
}
Event: 66541.656 GC heap before
{Heap before GC invocations=5698 (full 3809):
 PSYoungGen      total 291328K, used 236032K [0x00000000eab00000, 0x0000000100000000, 0x0000000100000000)
  eden space 236032K, 100% used [0x00000000eab00000,0x00000000f9180000,0x00000000f9180000)
  from space 55296K, 0% used [0x00000000f9180000,0x00000000f9180000,0x00000000fc780000)
  to   space 56320K, 0% used [0x00000000fc900000,0x00000000fc900000,0x0000000100000000)
 ParOldGen       total 699392K, used 699271K [0x00000000c0000000, 0x00000000eab00000, 0x00000000eab00000)
  object space 699392K, 99% used [0x00000000c0000000,0x00000000eaae1d48,0x00000000eab00000)
 Metaspace       used 15752K, capacity 16346K, committed 16768K, reserved 1062912K
  class space    used 2138K, capacity 2284K, committed 2432K, reserved 1048576K
Event: 66541.871 GC heap after
Heap after GC invocations=5698 (full 3809):
 PSYoungGen      total 291328K, used 40248K [0x00000000eab00000, 0x0000000100000000, 0x0000000100000000)
  eden space 236032K, 17% used [0x00000000eab00000,0x00000000ed24e0d8,0x00000000f9180000)
  from space 55296K, 0% used [0x00000000f9180000,0x00000000f9180000,0x00000000fc780000)
  to   space 56320K, 0% used [0x00000000fc900000,0x00000000fc900000,0x0000000100000000)
 ParOldGen       total 699392K, used 699271K [0x00000000c0000000, 0x00000000eab00000, 0x00000000eab00000)
  object space 699392K, 99% used [0x00000000c0000000,0x00000000eaae1d48,0x00000000eab00000)
 Metaspace       used 15752K, capacity 16346K, committed 16768K, reserved 1062912K
  class space    used 2138K, capacity 2284K, committed 2432K, reserved 1048576K
}
Event: 66541.960 GC heap before
{Heap before GC invocations=5699 (full 3810):
 PSYoungGen      total 291328K, used 236032K [0x00000000eab00000, 0x0000000100000000, 0x0000000100000000)
  eden space 236032K, 100% used [0x00000000eab00000,0x00000000f9180000,0x00000000f9180000)
  from space 55296K, 0% used [0x00000000f9180000,0x00000000f9180000,0x00000000fc780000)
  to   space 56320K, 0% used [0x00000000fc900000,0x00000000fc900000,0x0000000100000000)
 ParOldGen       total 699392K, used 699271K [0x00000000c0000000, 0x00000000eab00000, 0x00000000eab00000)
  object space 699392K, 99% used [0x00000000c0000000,0x00000000eaae1d48,0x00000000eab00000)
 Metaspace       used 15752K, capacity 16346K, committed 16768K, reserved 1062912K
  class space    used 2138K, capacity 2284K, committed 2432K, reserved 1048576K
Event: 66542.170 GC heap after
Heap after GC invocations=5699 (full 3810):
 PSYoungGen      total 291328K, used 40676K [0x00000000eab00000, 0x0000000100000000, 0x0000000100000000)
  eden space 236032K, 17% used [0x00000000eab00000,0x00000000ed2b9138,0x00000000f9180000)
  from space 55296K, 0% used [0x00000000f9180000,0x00000000f9180000,0x00000000fc780000)
  to   space 56320K, 0% used [0x00000000fc900000,0x00000000fc900000,0x0000000100000000)
 ParOldGen       total 699392K, used 699271K [0x00000000c0000000, 0x00000000eab00000, 0x00000000eab00000)
  object space 699392K, 99% used [0x00000000c0000000,0x00000000eaae1d48,0x00000000eab00000)
 Metaspace       used 15752K, capacity 16346K, committed 16768K, reserved 1062912K
  class space    used 2138K, capacity 2284K, committed 2432K, reserved 1048576K
}
Event: 66542.259 GC heap before
{Heap before GC invocations=5700 (full 3811):
 PSYoungGen      total 291328K, used 236032K [0x00000000eab00000, 0x0000000100000000, 0x0000000100000000)
  eden space 236032K, 100% used [0x00000000eab00000,0x00000000f9180000,0x00000000f9180000)
  from space 55296K, 0% used [0x00000000f9180000,0x00000000f9180000,0x00000000fc780000)
  to   space 56320K, 0% used [0x00000000fc900000,0x00000000fc900000,0x0000000100000000)
 ParOldGen       total 699392K, used 699271K [0x00000000c0000000, 0x00000000eab00000, 0x00000000eab00000)
  object space 699392K, 99% used [0x00000000c0000000,0x00000000eaae1d48,0x00000000eab00000)
 Metaspace       used 15752K, capacity 16346K, committed 16768K, reserved 1062912K
  class space    used 2138K, capacity 2284K, committed 2432K, reserved 1048576K
Event: 66542.471 GC heap after
Heap after GC invocations=5700 (full 3811):
 PSYoungGen      total 291328K, used 40787K [0x00000000eab00000, 0x0000000100000000, 0x0000000100000000)
  eden space 236032K, 17% used [0x00000000eab00000,0x00000000ed2d4d88,0x00000000f9180000)
  from space 55296K, 0% used [0x00000000f9180000,0x00000000f9180000,0x00000000fc780000)
  to   space 56320K, 0% used [0x00000000fc900000,0x00000000fc900000,0x0000000100000000)
 ParOldGen       total 699392K, used 699271K [0x00000000c0000000, 0x00000000eab00000, 0x00000000eab00000)
  object space 699392K, 99% used [0x00000000c0000000,0x00000000eaae1d48,0x00000000eab00000)
 Metaspace       used 15752K, capacity 16346K, committed 16768K, reserved 1062912K
  class space    used 2138K, capacity 2284K, committed 2432K, reserved 1048576K
}
Event: 66542.561 GC heap before
{Heap before GC invocations=5701 (full 3812):
 PSYoungGen      total 291328K, used 236032K [0x00000000eab00000, 0x0000000100000000, 0x0000000100000000)
  eden space 236032K, 100% used [0x00000000eab00000,0x00000000f9180000,0x00000000f9180000)
  from space 55296K, 0% used [0x00000000f9180000,0x00000000f9180000,0x00000000fc780000)
  to   space 56320K, 0% used [0x00000000fc900000,0x00000000fc900000,0x0000000100000000)
 ParOldGen       total 699392K, used 699271K [0x00000000c0000000, 0x00000000eab00000, 0x00000000eab00000)
  object space 699392K, 99% used [0x00000000c0000000,0x00000000eaae1d48,0x00000000eab00000)
 Metaspace       used 15752K, capacity 16346K, committed 16768K, reserved 1062912K
  class space    used 2138K, capacity 2284K, committed 2432K, reserved 1048576K
Event: 66542.773 GC heap after
Heap after GC invocations=5701 (full 3812):
 PSYoungGen      total 291328K, used 41102K [0x00000000eab00000, 0x0000000100000000, 0x0000000100000000)
  eden space 236032K, 17% used [0x00000000eab00000,0x00000000ed323810,0x00000000f9180000)
  from space 55296K, 0% used [0x00000000f9180000,0x00000000f9180000,0x00000000fc780000)
  to   space 56320K, 0% used [0x00000000fc900000,0x00000000fc900000,0x0000000100000000)
 ParOldGen       total 699392K, used 699271K [0x00000000c0000000, 0x00000000eab00000, 0x00000000eab00000)
  object space 699392K, 99% used [0x00000000c0000000,0x00000000eaae1d48,0x00000000eab00000)
 Metaspace       used 15752K, capacity 16346K, committed 16768K, reserved 1062912K
  class space    used 2138K, capacity 2284K, committed 2432K, reserved 1048576K
}
Event: 66542.860 GC heap before
{Heap before GC invocations=5702 (full 3813):
 PSYoungGen      total 291328K, used 236032K [0x00000000eab00000, 0x0000000100000000, 0x0000000100000000)
  eden space 236032K, 100% used [0x00000000eab00000,0x00000000f9180000,0x00000000f9180000)
  from space 55296K, 0% used [0x00000000f9180000,0x00000000f9180000,0x00000000fc780000)
  to   space 56320K, 0% used [0x00000000fc900000,0x00000000fc900000,0x0000000100000000)
 ParOldGen       total 699392K, used 699271K [0x00000000c0000000, 0x00000000eab00000, 0x00000000eab00000)
  object space 699392K, 99% used [0x00000000c0000000,0x00000000eaae1d48,0x00000000eab00000)
 Metaspace       used 15752K, capacity 16346K, committed 16768K, reserved 1062912K
  class space    used 2138K, capacity 2284K, committed 2432K, reserved 1048576K
Event: 66543.080 GC heap after
Heap after GC invocations=5702 (full 3813):
 PSYoungGen      total 291328K, used 41288K [0x00000000eab00000, 0x0000000100000000, 0x0000000100000000)
  eden space 236032K, 17% used [0x00000000eab00000,0x00000000ed352088,0x00000000f9180000)
  from space 55296K, 0% used [0x00000000f9180000,0x00000000f9180000,0x00000000fc780000)
  to   space 56320K, 0% used [0x00000000fc900000,0x00000000fc900000,0x0000000100000000)
 ParOldGen       total 699392K, used 699271K [0x00000000c0000000, 0x00000000eab00000, 0x00000000eab00000)
  object space 699392K, 99% used [0x00000000c0000000,0x00000000eaae1d48,0x00000000eab00000)
 Metaspace       used 15752K, capacity 16346K, committed 16768K, reserved 1062912K
  class space    used 2138K, capacity 2284K, committed 2432K, reserved 1048576K
}
Event: 66543.164 GC heap before
{Heap before GC invocations=5703 (full 3814):
 PSYoungGen      total 291328K, used 236032K [0x00000000eab00000, 0x0000000100000000, 0x0000000100000000)
  eden space 236032K, 100% used [0x00000000eab00000,0x00000000f9180000,0x00000000f9180000)
  from space 55296K, 0% used [0x00000000f9180000,0x00000000f9180000,0x00000000fc780000)
  to   space 56320K, 0% used [0x00000000fc900000,0x00000000fc900000,0x0000000100000000)
 ParOldGen       total 699392K, used 699271K [0x00000000c0000000, 0x00000000eab00000, 0x00000000eab00000)
  object space 699392K, 99% used [0x00000000c0000000,0x00000000eaae1d48,0x00000000eab00000)
 Metaspace       used 15752K, capacity 16346K, committed 16768K, reserved 1062912K
  class space    used 2138K, capacity 2284K, committed 2432K, reserved 1048576K
Event: 66543.386 GC heap after
Heap after GC invocations=5703 (full 3814):
 PSYoungGen      total 291328K, used 41493K [0x00000000eab00000, 0x0000000100000000, 0x0000000100000000)
  eden space 236032K, 17% used [0x00000000eab00000,0x00000000ed3855b8,0x00000000f9180000)
  from space 55296K, 0% used [0x00000000f9180000,0x00000000f9180000,0x00000000fc780000)
  to   space 56320K, 0% used [0x00000000fc900000,0x00000000fc900000,0x0000000100000000)
 ParOldGen       total 699392K, used 699271K [0x00000000c0000000, 0x00000000eab00000, 0x00000000eab00000)
  object space 699392K, 99% used [0x00000000c0000000,0x00000000eaae1d48,0x00000000eab00000)
 Metaspace       used 15752K, capacity 16346K, committed 16768K, reserved 1062912K
  class space    used 2138K, capacity 2284K, committed 2432K, reserved 1048576K
}
Event: 66543.545 GC heap before
{Heap before GC invocations=5704 (full 3815):
 PSYoungGen      total 291328K, used 236032K [0x00000000eab00000, 0x0000000100000000, 0x0000000100000000)
  eden space 236032K, 100% used [0x00000000eab00000,0x00000000f9180000,0x00000000f9180000)
  from space 55296K, 0% used [0x00000000f9180000,0x00000000f9180000,0x00000000fc780000)
  to   space 56320K, 0% used [0x00000000fc900000,0x00000000fc900000,0x0000000100000000)
 ParOldGen       total 699392K, used 699271K [0x00000000c0000000, 0x00000000eab00000, 0x00000000eab00000)
  object space 699392K, 99% used [0x00000000c0000000,0x00000000eaae1d48,0x00000000eab00000)
 Metaspace       used 15752K, capacity 16346K, committed 16768K, reserved 1062912K
  class space    used 2138K, capacity 2284K, committed 2432K, reserved 1048576K
Event: 66543.763 GC heap after
Heap after GC invocations=5704 (full 3815):
 PSYoungGen      total 291328K, used 39908K [0x00000000eab00000, 0x0000000100000000, 0x0000000100000000)
  eden space 236032K, 16% used [0x00000000eab00000,0x00000000ed1f92d0,0x00000000f9180000)
  from space 55296K, 0% used [0x00000000f9180000,0x00000000f9180000,0x00000000fc780000)
  to   space 56320K, 0% used [0x00000000fc900000,0x00000000fc900000,0x0000000100000000)
 ParOldGen       total 699392K, used 699271K [0x00000000c0000000, 0x00000000eab00000, 0x00000000eab00000)
  object space 699392K, 99% used [0x00000000c0000000,0x00000000eaae1d48,0x00000000eab00000)
 Metaspace       used 15752K, capacity 16346K, committed 16768K, reserved 1062912K
  class space    used 2138K, capacity 2284K, committed 2432K, reserved 1048576K
}
Event: 66543.856 GC heap before
{Heap before GC invocations=5705 (full 3816):
 PSYoungGen      total 291328K, used 236032K [0x00000000eab00000, 0x0000000100000000, 0x0000000100000000)
  eden space 236032K, 100% used [0x00000000eab00000,0x00000000f9180000,0x00000000f9180000)
  from space 55296K, 0% used [0x00000000f9180000,0x00000000f9180000,0x00000000fc780000)
  to   space 56320K, 0% used [0x00000000fc900000,0x00000000fc900000,0x0000000100000000)
 ParOldGen       total 699392K, used 699271K [0x00000000c0000000, 0x00000000eab00000, 0x00000000eab00000)
  object space 699392K, 99% used [0x00000000c0000000,0x00000000eaae1d48,0x00000000eab00000)
 Metaspace       used 15752K, capacity 16346K, committed 16768K, reserved 1062912K
  class space    used 2138K, capacity 2284K, committed 2432K, reserved 1048576K
Event: 66544.071 GC heap after
Heap after GC invocations=5705 (full 3816):
 PSYoungGen      total 291328K, used 40158K [0x00000000eab00000, 0x0000000100000000, 0x0000000100000000)
  eden space 236032K, 17% used [0x00000000eab00000,0x00000000ed237868,0x00000000f9180000)
  from space 55296K, 0% used [0x00000000f9180000,0x00000000f9180000,0x00000000fc780000)
  to   space 56320K, 0% used [0x00000000fc900000,0x00000000fc900000,0x0000000100000000)
 ParOldGen       total 699392K, used 699271K [0x00000000c0000000, 0x00000000eab00000, 0x00000000eab00000)
  object space 699392K, 99% used [0x00000000c0000000,0x00000000eaae1d48,0x00000000eab00000)
 Metaspace       used 15752K, capacity 16346K, committed 16768K, reserved 1062912K
  class space    used 2138K, capacity 2284K, committed 2432K, reserved 1048576K
}
Event: 66544.161 GC heap before
{Heap before GC invocations=5706 (full 3817):
 PSYoungGen      total 291328K, used 236032K [0x00000000eab00000, 0x0000000100000000, 0x0000000100000000)
  eden space 236032K, 100% used [0x00000000eab00000,0x00000000f9180000,0x00000000f9180000)
  from space 55296K, 0% used [0x00000000f9180000,0x00000000f9180000,0x00000000fc780000)
  to   space 56320K, 0% used [0x00000000fc900000,0x00000000fc900000,0x0000000100000000)
 ParOldGen       total 699392K, used 699271K [0x00000000c0000000, 0x00000000eab00000, 0x00000000eab00000)
  object space 699392K, 99% used [0x00000000c0000000,0x00000000eaae1d48,0x00000000eab00000)
 Metaspace       used 15752K, capacity 16346K, committed 16768K, reserved 1062912K
  class space    used 2138K, capacity 2284K, committed 2432K, reserved 1048576K
Event: 66544.371 GC heap after
Heap after GC invocations=5706 (full 3817):
 PSYoungGen      total 291328K, used 40478K [0x00000000eab00000, 0x0000000100000000, 0x0000000100000000)
  eden space 236032K, 17% used [0x00000000eab00000,0x00000000ed287898,0x00000000f9180000)
  from space 55296K, 0% used [0x00000000f9180000,0x00000000f9180000,0x00000000fc780000)
  to   space 56320K, 0% used [0x00000000fc900000,0x00000000fc900000,0x0000000100000000)
 ParOldGen       total 699392K, used 699271K [0x00000000c0000000, 0x00000000eab00000, 0x00000000eab00000)
  object space 699392K, 99% used [0x00000000c0000000,0x00000000eaae1d48,0x00000000eab00000)
 Metaspace       used 15752K, capacity 16346K, committed 16768K, reserved 1062912K
  class space    used 2138K, capacity 2284K, committed 2432K, reserved 1048576K
}
Event: 66544.460 GC heap before
{Heap before GC invocations=5707 (full 3818):
 PSYoungGen      total 291328K, used 236032K [0x00000000eab00000, 0x0000000100000000, 0x0000000100000000)
  eden space 236032K, 100% used [0x00000000eab00000,0x00000000f9180000,0x00000000f9180000)
  from space 55296K, 0% used [0x00000000f9180000,0x00000000f9180000,0x00000000fc780000)
  to   space 56320K, 0% used [0x00000000fc900000,0x00000000fc900000,0x0000000100000000)
 ParOldGen       total 699392K, used 699271K [0x00000000c0000000, 0x00000000eab00000, 0x00000000eab00000)
  object space 699392K, 99% used [0x00000000c0000000,0x00000000eaae1d48,0x00000000eab00000)
 Metaspace       used 15752K, capacity 16346K, committed 16768K, reserved 1062912K
  class space    used 2138K, capacity 2284K, committed 2432K, reserved 1048576K
Event: 66544.682 GC heap after
Heap after GC invocations=5707 (full 3818):
 PSYoungGen      total 291328K, used 40707K [0x00000000eab00000, 0x0000000100000000, 0x0000000100000000)
  eden space 236032K, 17% used [0x00000000eab00000,0x00000000ed2c0ff8,0x00000000f9180000)
  from space 55296K, 0% used [0x00000000f9180000,0x00000000f9180000,0x00000000fc780000)
  to   space 56320K, 0% used [0x00000000fc900000,0x00000000fc900000,0x0000000100000000)
 ParOldGen       total 699392K, used 699271K [0x00000000c0000000, 0x00000000eab00000, 0x00000000eab00000)
  object space 699392K, 99% used [0x00000000c0000000,0x00000000eaae1d48,0x00000000eab00000)
 Metaspace       used 15752K, capacity 16346K, committed 16768K, reserved 1062912K
  class space    used 2138K, capacity 2284K, committed 2432K, reserved 1048576K
}
Event: 66544.772 GC heap before
{Heap before GC invocations=5708 (full 3819):
 PSYoungGen      total 291328K, used 236032K [0x00000000eab00000, 0x0000000100000000, 0x0000000100000000)
  eden space 236032K, 100% used [0x00000000eab00000,0x00000000f9180000,0x00000000f9180000)
  from space 55296K, 0% used [0x00000000f9180000,0x00000000f9180000,0x00000000fc780000)
  to   space 56320K, 0% used [0x00000000fc900000,0x00000000fc900000,0x0000000100000000)
 ParOldGen       total 699392K, used 699271K [0x00000000c0000000, 0x00000000eab00000, 0x00000000eab00000)
  object space 699392K, 99% used [0x00000000c0000000,0x00000000eaae1d48,0x00000000eab00000)
 Metaspace       used 15752K, capacity 16346K, committed 16768K, reserved 1062912K
  class space    used 2138K, capacity 2284K, committed 2432K, reserved 1048576K
Event: 66544.992 GC heap after
Heap after GC invocations=5708 (full 3819):
 PSYoungGen      total 291328K, used 40967K [0x00000000eab00000, 0x0000000100000000, 0x0000000100000000)
  eden space 236032K, 17% used [0x00000000eab00000,0x00000000ed301ce8,0x00000000f9180000)
  from space 55296K, 0% used [0x00000000f9180000,0x00000000f9180000,0x00000000fc780000)
  to   space 56320K, 0% used [0x00000000fc900000,0x00000000fc900000,0x0000000100000000)
 ParOldGen       total 699392K, used 699271K [0x00000000c0000000, 0x00000000eab00000, 0x00000000eab00000)
  object space 699392K, 99% used [0x00000000c0000000,0x00000000eaae1d48,0x00000000eab00000)
 Metaspace       used 15752K, capacity 16346K, committed 16768K, reserved 1062912K
  class space    used 2138K, capacity 2284K, committed 2432K, reserved 1048576K
}
Event: 66545.082 GC heap before
{Heap before GC invocations=5709 (full 3820):
 PSYoungGen      total 291328K, used 236032K [0x00000000eab00000, 0x0000000100000000, 0x0000000100000000)
  eden space 236032K, 100% used [0x00000000eab00000,0x00000000f9180000,0x00000000f9180000)
  from space 55296K, 0% used [0x00000000f9180000,0x00000000f9180000,0x00000000fc780000)
  to   space 56320K, 0% used [0x00000000fc900000,0x00000000fc900000,0x0000000100000000)
 ParOldGen       total 699392K, used 699271K [0x00000000c0000000, 0x00000000eab00000, 0x00000000eab00000)
  object space 699392K, 99% used [0x00000000c0000000,0x00000000eaae1d48,0x00000000eab00000)
 Metaspace       used 15752K, capacity 16346K, committed 16768K, reserved 1062912K
  class space    used 2138K, capacity 2284K, committed 2432K, reserved 1048576K
Event: 66545.301 GC heap after
Heap after GC invocations=5709 (full 3820):
 PSYoungGen      total 291328K, used 41170K [0x00000000eab00000, 0x0000000100000000, 0x0000000100000000)
  eden space 236032K, 17% used [0x00000000eab00000,0x00000000ed334908,0x00000000f9180000)
  from space 55296K, 0% used [0x00000000f9180000,0x00000000f9180000,0x00000000fc780000)
  to   space 56320K, 0% used [0x00000000fc900000,0x00000000fc900000,0x0000000100000000)
 ParOldGen       total 699392K, used 699271K [0x00000000c0000000, 0x00000000eab00000, 0x00000000eab00000)
  object space 699392K, 99% used [0x00000000c0000000,0x00000000eaae1d48,0x00000000eab00000)
 Metaspace       used 15752K, capacity 16346K, committed 16768K, reserved 1062912K
  class space    used 2138K, capacity 2284K, committed 2432K, reserved 1048576K
}
Event: 66545.434 GC heap before
{Heap before GC invocations=5710 (full 3821):
 PSYoungGen      total 291328K, used 236032K [0x00000000eab00000, 0x0000000100000000, 0x0000000100000000)
  eden space 236032K, 100% used [0x00000000eab00000,0x00000000f9180000,0x00000000f9180000)
  from space 55296K, 0% used [0x00000000f9180000,0x00000000f9180000,0x00000000fc780000)
  to   space 56320K, 0% used [0x00000000fc900000,0x00000000fc900000,0x0000000100000000)
 ParOldGen       total 699392K, used 699271K [0x00000000c0000000, 0x00000000eab00000, 0x00000000eab00000)
  object space 699392K, 99% used [0x00000000c0000000,0x00000000eaae1d48,0x00000000eab00000)
 Metaspace       used 15752K, capacity 16346K, committed 16768K, reserved 1062912K
  class space    used 2138K, capacity 2284K, committed 2432K, reserved 1048576K
Event: 66545.641 GC heap after
Heap after GC invocations=5710 (full 3821):
 PSYoungGen      total 291328K, used 39855K [0x00000000eab00000, 0x0000000100000000, 0x0000000100000000)
  eden space 236032K, 16% used [0x00000000eab00000,0x00000000ed1ebdd8,0x00000000f9180000)
  from space 55296K, 0% used [0x00000000f9180000,0x00000000f9180000,0x00000000fc780000)
  to   space 56320K, 0% used [0x00000000fc900000,0x00000000fc900000,0x0000000100000000)
 ParOldGen       total 699392K, used 699271K [0x00000000c0000000, 0x00000000eab00000, 0x00000000eab00000)
  object space 699392K, 99% used [0x00000000c0000000,0x00000000eaae1d48,0x00000000eab00000)
 Metaspace       used 15752K, capacity 16346K, committed 16768K, reserved 1062912K
  class space    used 2138K, capacity 2284K, committed 2432K, reserved 1048576K
}
Event: 66545.730 GC heap before
{Heap before GC invocations=5711 (full 3822):
 PSYoungGen      total 291328K, used 236032K [0x00000000eab00000, 0x0000000100000000, 0x0000000100000000)
  eden space 236032K, 100% used [0x00000000eab00000,0x00000000f9180000,0x00000000f9180000)
  from space 55296K, 0% used [0x00000000f9180000,0x00000000f9180000,0x00000000fc780000)
  to   space 56320K, 0% used [0x00000000fc900000,0x00000000fc900000,0x0000000100000000)
 ParOldGen       total 699392K, used 699271K [0x00000000c0000000, 0x00000000eab00000, 0x00000000eab00000)
  object space 699392K, 99% used [0x00000000c0000000,0x00000000eaae1d48,0x00000000eab00000)
 Metaspace       used 15752K, capacity 16346K, committed 16768K, reserved 1062912K
  class space    used 2138K, capacity 2284K, committed 2432K, reserved 1048576K
Event: 66545.937 GC heap after
Heap after GC invocations=5711 (full 3822):
 PSYoungGen      total 291328K, used 40118K [0x00000000eab00000, 0x0000000100000000, 0x0000000100000000)
  eden space 236032K, 16% used [0x00000000eab00000,0x00000000ed22d998,0x00000000f9180000)
  from space 55296K, 0% used [0x00000000f9180000,0x00000000f9180000,0x00000000fc780000)
  to   space 56320K, 0% used [0x00000000fc900000,0x00000000fc900000,0x0000000100000000)
 ParOldGen       total 699392K, used 699271K [0x00000000c0000000, 0x00000000eab00000, 0x00000000eab00000)
  object space 699392K, 99% used [0x00000000c0000000,0x00000000eaae1d48,0x00000000eab00000)
 Metaspace       used 15752K, capacity 16346K, committed 16768K, reserved 1062912K
  class space    used 2138K, capacity 2284K, committed 2432K, reserved 1048576K
}
Event: 66546.026 GC heap before
{Heap before GC invocations=5712 (full 3823):
 PSYoungGen      total 291328K, used 236032K [0x00000000eab00000, 0x0000000100000000, 0x0000000100000000)
  eden space 236032K, 100% used [0x00000000eab00000,0x00000000f9180000,0x00000000f9180000)
  from space 55296K, 0% used [0x00000000f9180000,0x00000000f9180000,0x00000000fc780000)
  to   space 56320K, 0% used [0x00000000fc900000,0x00000000fc900000,0x0000000100000000)
 ParOldGen       total 699392K, used 699271K [0x00000000c0000000, 0x00000000eab00000, 0x00000000eab00000)
  object space 699392K, 99% used [0x00000000c0000000,0x00000000eaae1d48,0x00000000eab00000)
 Metaspace       used 15752K, capacity 16346K, committed 16768K, reserved 1062912K
  class space    used 2138K, capacity 2284K, committed 2432K, reserved 1048576K
Event: 66546.240 GC heap after
Heap after GC invocations=5712 (full 3823):
 PSYoungGen      total 291328K, used 40290K [0x00000000eab00000, 0x0000000100000000, 0x0000000100000000)
  eden space 236032K, 17% used [0x00000000eab00000,0x00000000ed258be8,0x00000000f9180000)
  from space 55296K, 0% used [0x00000000f9180000,0x00000000f9180000,0x00000000fc780000)
  to   space 56320K, 0% used [0x00000000fc900000,0x00000000fc900000,0x0000000100000000)
 ParOldGen       total 699392K, used 699271K [0x00000000c0000000, 0x00000000eab00000, 0x00000000eab00000)
  object space 699392K, 99% used [0x00000000c0000000,0x00000000eaae1d48,0x00000000eab00000)
 Metaspace       used 15752K, capacity 16346K, committed 16768K, reserved 1062912K
  class space    used 2138K, capacity 2284K, committed 2432K, reserved 1048576K
}
Event: 66546.329 GC heap before
{Heap before GC invocations=5713 (full 3824):
 PSYoungGen      total 291328K, used 236032K [0x00000000eab00000, 0x0000000100000000, 0x0000000100000000)
  eden space 236032K, 100% used [0x00000000eab00000,0x00000000f9180000,0x00000000f9180000)
  from space 55296K, 0% used [0x00000000f9180000,0x00000000f9180000,0x00000000fc780000)
  to   space 56320K, 0% used [0x00000000fc900000,0x00000000fc900000,0x0000000100000000)
 ParOldGen       total 699392K, used 699271K [0x00000000c0000000, 0x00000000eab00000, 0x00000000eab00000)
  object space 699392K, 99% used [0x00000000c0000000,0x00000000eaae1d48,0x00000000eab00000)
 Metaspace       used 15752K, capacity 16346K, committed 16768K, reserved 1062912K
  class space    used 2138K, capacity 2284K, committed 2432K, reserved 1048576K
Event: 66546.540 GC heap after
Heap after GC invocations=5713 (full 3824):
 PSYoungGen      total 291328K, used 40522K [0x00000000eab00000, 0x0000000100000000, 0x0000000100000000)
  eden space 236032K, 17% used [0x00000000eab00000,0x00000000ed292960,0x00000000f9180000)
  from space 55296K, 0% used [0x00000000f9180000,0x00000000f9180000,0x00000000fc780000)
  to   space 56320K, 0% used [0x00000000fc900000,0x00000000fc900000,0x0000000100000000)
 ParOldGen       total 699392K, used 699271K [0x00000000c0000000, 0x00000000eab00000, 0x00000000eab00000)
  object space 699392K, 99% used [0x00000000c0000000,0x00000000eaae1d48,0x00000000eab00000)
 Metaspace       used 15752K, capacity 16346K, committed 16768K, reserved 1062912K
  class space    used 2138K, capacity 2284K, committed 2432K, reserved 1048576K
}
Event: 66546.628 GC heap before
{Heap before GC invocations=5714 (full 3825):
 PSYoungGen      total 291328K, used 236032K [0x00000000eab00000, 0x0000000100000000, 0x0000000100000000)
  eden space 236032K, 100% used [0x00000000eab00000,0x00000000f9180000,0x00000000f9180000)
  from space 55296K, 0% used [0x00000000f9180000,0x00000000f9180000,0x00000000fc780000)
  to   space 56320K, 0% used [0x00000000fc900000,0x00000000fc900000,0x0000000100000000)
 ParOldGen       total 699392K, used 699271K [0x00000000c0000000, 0x00000000eab00000, 0x00000000eab00000)
  object space 699392K, 99% used [0x00000000c0000000,0x00000000eaae1d48,0x00000000eab00000)
 Metaspace       used 15752K, capacity 16346K, committed 16768K, reserved 1062912K
  class space    used 2138K, capacity 2284K, committed 2432K, reserved 1048576K
Event: 66546.835 GC heap after
Heap after GC invocations=5714 (full 3825):
 PSYoungGen      total 291328K, used 40752K [0x00000000eab00000, 0x0000000100000000, 0x0000000100000000)
  eden space 236032K, 17% used [0x00000000eab00000,0x00000000ed2cc1b0,0x00000000f9180000)
  from space 55296K, 0% used [0x00000000f9180000,0x00000000f9180000,0x00000000fc780000)
  to   space 56320K, 0% used [0x00000000fc900000,0x00000000fc900000,0x0000000100000000)
 ParOldGen       total 699392K, used 699271K [0x00000000c0000000, 0x00000000eab00000, 0x00000000eab00000)
  object space 699392K, 99% used [0x00000000c0000000,0x00000000eaae1d48,0x00000000eab00000)
 Metaspace       used 15752K, capacity 16346K, committed 16768K, reserved 1062912K
  class space    used 2138K, capacity 2284K, committed 2432K, reserved 1048576K
}
Event: 66546.925 GC heap before
{Heap before GC invocations=5715 (full 3826):
 PSYoungGen      total 291328K, used 236032K [0x00000000eab00000, 0x0000000100000000, 0x0000000100000000)
  eden space 236032K, 100% used [0x00000000eab00000,0x00000000f9180000,0x00000000f9180000)
  from space 55296K, 0% used [0x00000000f9180000,0x00000000f9180000,0x00000000fc780000)
  to   space 56320K, 0% used [0x00000000fc900000,0x00000000fc900000,0x0000000100000000)
 ParOldGen       total 699392K, used 699271K [0x00000000c0000000, 0x00000000eab00000, 0x00000000eab00000)
  object space 699392K, 99% used [0x00000000c0000000,0x00000000eaae1d48,0x00000000eab00000)
 Metaspace       used 15752K, capacity 16346K, committed 16768K, reserved 1062912K
  class space    used 2138K, capacity 2284K, committed 2432K, reserved 1048576K
Event: 66547.130 GC heap after
Heap after GC invocations=5715 (full 3826):
 PSYoungGen      total 291328K, used 40958K [0x00000000eab00000, 0x0000000100000000, 0x0000000100000000)
  eden space 236032K, 17% used [0x00000000eab00000,0x00000000ed2ff9b0,0x00000000f9180000)
  from space 55296K, 0% used [0x00000000f9180000,0x00000000f9180000,0x00000000fc780000)
  to   space 56320K, 0% used [0x00000000fc900000,0x00000000fc900000,0x0000000100000000)
 ParOldGen       total 699392K, used 699271K [0x00000000c0000000, 0x00000000eab00000, 0x00000000eab00000)
  object space 699392K, 99% used [0x00000000c0000000,0x00000000eaae1d48,0x00000000eab00000)
 Metaspace       used 15752K, capacity 16346K, committed 16768K, reserved 1062912K
  class space    used 2138K, capacity 2284K, committed 2432K, reserved 1048576K
}
Event: 66547.220 GC heap before
{Heap before GC invocations=5716 (full 3827):
 PSYoungGen      total 291328K, used 236032K [0x00000000eab00000, 0x0000000100000000, 0x0000000100000000)
  eden space 236032K, 100% used [0x00000000eab00000,0x00000000f9180000,0x00000000f9180000)
  from space 55296K, 0% used [0x00000000f9180000,0x00000000f9180000,0x00000000fc780000)
  to   space 56320K, 0% used [0x00000000fc900000,0x00000000fc900000,0x0000000100000000)
 ParOldGen       total 699392K, used 699271K [0x00000000c0000000, 0x00000000eab00000, 0x00000000eab00000)
  object space 699392K, 99% used [0x00000000c0000000,0x00000000eaae1d48,0x00000000eab00000)
 Metaspace       used 15752K, capacity 16346K, committed 16768K, reserved 1062912K
  class space    used 2138K, capacity 2284K, committed 2432K, reserved 1048576K
Event: 66547.431 GC heap after
Heap after GC invocations=5716 (full 3827):
 PSYoungGen      total 291328K, used 41177K [0x00000000eab00000, 0x0000000100000000, 0x0000000100000000)
  eden space 236032K, 17% used [0x00000000eab00000,0x00000000ed336618,0x00000000f9180000)
  from space 55296K, 0% used [0x00000000f9180000,0x00000000f9180000,0x00000000fc780000)
  to   space 56320K, 0% used [0x00000000fc900000,0x00000000fc900000,0x0000000100000000)
 ParOldGen       total 699392K, used 699271K [0x00000000c0000000, 0x00000000eab00000, 0x00000000eab00000)
  object space 699392K, 99% used [0x00000000c0000000,0x00000000eaae1d48,0x00000000eab00000)
 Metaspace       used 15752K, capacity 16346K, committed 16768K, reserved 1062912K
  class space    used 2138K, capacity 2284K, committed 2432K, reserved 1048576K
}
Event: 66547.520 GC heap before
{Heap before GC invocations=5717 (full 3828):
 PSYoungGen      total 291328K, used 236032K [0x00000000eab00000, 0x0000000100000000, 0x0000000100000000)
  eden space 236032K, 100% used [0x00000000eab00000,0x00000000f9180000,0x00000000f9180000)
  from space 55296K, 0% used [0x00000000f9180000,0x00000000f9180000,0x00000000fc780000)
  to   space 56320K, 0% used [0x00000000fc900000,0x00000000fc900000,0x0000000100000000)
 ParOldGen       total 699392K, used 699271K [0x00000000c0000000, 0x00000000eab00000, 0x00000000eab00000)
  object space 699392K, 99% used [0x00000000c0000000,0x00000000eaae1d48,0x00000000eab00000)
 Metaspace       used 15752K, capacity 16346K, committed 16768K, reserved 1062912K
  class space    used 2138K, capacity 2284K, committed 2432K, reserved 1048576K
Event: 66547.729 GC heap after
Heap after GC invocations=5717 (full 3828):
 PSYoungGen      total 291328K, used 41456K [0x00000000eab00000, 0x0000000100000000, 0x0000000100000000)
  eden space 236032K, 17% used [0x00000000eab00000,0x00000000ed37c0d8,0x00000000f9180000)
  from space 55296K, 0% used [0x00000000f9180000,0x00000000f9180000,0x00000000fc780000)
  to   space 56320K, 0% used [0x00000000fc900000,0x00000000fc900000,0x0000000100000000)
 ParOldGen       total 699392K, used 699271K [0x00000000c0000000, 0x00000000eab00000, 0x00000000eab00000)
  object space 699392K, 99% used [0x00000000c0000000,0x00000000eaae1d48,0x00000000eab00000)
 Metaspace       used 15752K, capacity 16346K, committed 16768K, reserved 1062912K
  class space    used 2138K, capacity 2284K, committed 2432K, reserved 1048576K
}
Event: 66547.845 GC heap before
{Heap before GC invocations=5718 (full 3829):
 PSYoungGen      total 291328K, used 236032K [0x00000000eab00000, 0x0000000100000000, 0x0000000100000000)
  eden space 236032K, 100% used [0x00000000eab00000,0x00000000f9180000,0x00000000f9180000)
  from space 55296K, 0% used [0x00000000f9180000,0x00000000f9180000,0x00000000fc780000)
  to   space 56320K, 0% used [0x00000000fc900000,0x00000000fc900000,0x0000000100000000)
 ParOldGen       total 699392K, used 699271K [0x00000000c0000000, 0x00000000eab00000, 0x00000000eab00000)
  object space 699392K, 99% used [0x00000000c0000000,0x00000000eaae1d48,0x00000000eab00000)
 Metaspace       used 15752K, capacity 16346K, committed 16768K, reserved 1062912K
  class space    used 2138K, capacity 2284K, committed 2432K, reserved 1048576K
Event: 66548.053 GC heap after
Heap after GC invocations=5718 (full 3829):
 PSYoungGen      total 291328K, used 39702K [0x00000000eab00000, 0x0000000100000000, 0x0000000100000000)
  eden space 236032K, 16% used [0x00000000eab00000,0x00000000ed1c5a90,0x00000000f9180000)
  from space 55296K, 0% used [0x00000000f9180000,0x00000000f9180000,0x00000000fc780000)
  to   space 56320K, 0% used [0x00000000fc900000,0x00000000fc900000,0x0000000100000000)
 ParOldGen       total 699392K, used 699271K [0x00000000c0000000, 0x00000000eab00000, 0x00000000eab00000)
  object space 699392K, 99% used [0x00000000c0000000,0x00000000eaae1d48,0x00000000eab00000)
 Metaspace       used 15752K, capacity 16346K, committed 16768K, reserved 1062912K
  class space    used 2138K, capacity 2284K, committed 2432K, reserved 1048576K
}
Event: 66548.242 GC heap before
{Heap before GC invocations=5719 (full 3830):
 PSYoungGen      total 291328K, used 236032K [0x00000000eab00000, 0x0000000100000000, 0x0000000100000000)
  eden space 236032K, 100% used [0x00000000eab00000,0x00000000f9180000,0x00000000f9180000)
  from space 55296K, 0% used [0x00000000f9180000,0x00000000f9180000,0x00000000fc780000)
  to   space 56320K, 0% used [0x00000000fc900000,0x00000000fc900000,0x0000000100000000)
 ParOldGen       total 699392K, used 699271K [0x00000000c0000000, 0x00000000eab00000, 0x00000000eab00000)
  object space 699392K, 99% used [0x00000000c0000000,0x00000000eaae1d48,0x00000000eab00000)
 Metaspace       used 15752K, capacity 16346K, committed 16768K, reserved 1062912K
  class space    used 2138K, capacity 2284K, committed 2432K, reserved 1048576K
Event: 66548.446 GC heap after
Heap after GC invocations=5719 (full 3830):
 PSYoungGen      total 291328K, used 40036K [0x00000000eab00000, 0x0000000100000000, 0x0000000100000000)
  eden space 236032K, 16% used [0x00000000eab00000,0x00000000ed219000,0x00000000f9180000)
  from space 55296K, 0% used [0x00000000f9180000,0x00000000f9180000,0x00000000fc780000)
  to   space 56320K, 0% used [0x00000000fc900000,0x00000000fc900000,0x0000000100000000)
 ParOldGen       total 699392K, used 699271K [0x00000000c0000000, 0x00000000eab00000, 0x00000000eab00000)
  object space 699392K, 99% used [0x00000000c0000000,0x00000000eaae1d48,0x00000000eab00000)
 Metaspace       used 15752K, capacity 16346K, committed 16768K, reserved 1062912K
  class space    used 2138K, capacity 2284K, committed 2432K, reserved 1048576K
}
Event: 66548.534 GC heap before
{Heap before GC invocations=5720 (full 3831):
 PSYoungGen      total 291328K, used 236032K [0x00000000eab00000, 0x0000000100000000, 0x0000000100000000)
  eden space 236032K, 100% used [0x00000000eab00000,0x00000000f9180000,0x00000000f9180000)
  from space 55296K, 0% used [0x00000000f9180000,0x00000000f9180000,0x00000000fc780000)
  to   space 56320K, 0% used [0x00000000fc900000,0x00000000fc900000,0x0000000100000000)
 ParOldGen       total 699392K, used 699271K [0x00000000c0000000, 0x00000000eab00000, 0x00000000eab00000)
  object space 699392K, 99% used [0x00000000c0000000,0x00000000eaae1d48,0x00000000eab00000)
 Metaspace       used 15752K, capacity 16346K, committed 16768K, reserved 1062912K
  class space    used 2138K, capacity 2284K, committed 2432K, reserved 1048576K
Event: 66548.748 GC heap after
Heap after GC invocations=5720 (full 3831):
 PSYoungGen      total 291328K, used 40249K [0x00000000eab00000, 0x0000000100000000, 0x0000000100000000)
  eden space 236032K, 17% used [0x00000000eab00000,0x00000000ed24e640,0x00000000f9180000)
  from space 55296K, 0% used [0x00000000f9180000,0x00000000f9180000,0x00000000fc780000)
  to   space 56320K, 0% used [0x00000000fc900000,0x00000000fc900000,0x0000000100000000)
 ParOldGen       total 699392K, used 699271K [0x00000000c0000000, 0x00000000eab00000, 0x00000000eab00000)
  object space 699392K, 99% used [0x00000000c0000000,0x00000000eaae1d48,0x00000000eab00000)
 Metaspace       used 15752K, capacity 16346K, committed 16768K, reserved 1062912K
  class space    used 2138K, capacity 2284K, committed 2432K, reserved 1048576K
}
Event: 66548.838 GC heap before
{Heap before GC invocations=5721 (full 3832):
 PSYoungGen      total 291328K, used 236032K [0x00000000eab00000, 0x0000000100000000, 0x0000000100000000)
  eden space 236032K, 100% used [0x00000000eab00000,0x00000000f9180000,0x00000000f9180000)
  from space 55296K, 0% used [0x00000000f9180000,0x00000000f9180000,0x00000000fc780000)
  to   space 56320K, 0% used [0x00000000fc900000,0x00000000fc900000,0x0000000100000000)
 ParOldGen       total 699392K, used 699271K [0x00000000c0000000, 0x00000000eab00000, 0x00000000eab00000)
  object space 699392K, 99% used [0x00000000c0000000,0x00000000eaae1d48,0x00000000eab00000)
 Metaspace       used 15752K, capacity 16346K, committed 16768K, reserved 1062912K
  class space    used 2138K, capacity 2284K, committed 2432K, reserved 1048576K
Event: 66549.051 GC heap after
Heap after GC invocations=5721 (full 3832):
 PSYoungGen      total 291328K, used 40460K [0x00000000eab00000, 0x0000000100000000, 0x0000000100000000)
  eden space 236032K, 17% used [0x00000000eab00000,0x00000000ed283048,0x00000000f9180000)
  from space 55296K, 0% used [0x00000000f9180000,0x00000000f9180000,0x00000000fc780000)
  to   space 56320K, 0% used [0x00000000fc900000,0x00000000fc900000,0x0000000100000000)
 ParOldGen       total 699392K, used 699271K [0x00000000c0000000, 0x00000000eab00000, 0x00000000eab00000)
  object space 699392K, 99% used [0x00000000c0000000,0x00000000eaae1d48,0x00000000eab00000)
 Metaspace       used 15752K, capacity 16346K, committed 16768K, reserved 1062912K
  class space    used 2138K, capacity 2284K, committed 2432K, reserved 1048576K
}
Event: 66549.143 GC heap before
{Heap before GC invocations=5722 (full 3833):
 PSYoungGen      total 291328K, used 236032K [0x00000000eab00000, 0x0000000100000000, 0x0000000100000000)
  eden space 236032K, 100% used [0x00000000eab00000,0x00000000f9180000,0x00000000f9180000)
  from space 55296K, 0% used [0x00000000f9180000,0x00000000f9180000,0x00000000fc780000)
  to   space 56320K, 0% used [0x00000000fc900000,0x00000000fc900000,0x0000000100000000)
 ParOldGen       total 699392K, used 699271K [0x00000000c0000000, 0x00000000eab00000, 0x00000000eab00000)
  object space 699392K, 99% used [0x00000000c0000000,0x00000000eaae1d48,0x00000000eab00000)
 Metaspace       used 15752K, capacity 16346K, committed 16768K, reserved 1062912K
  class space    used 2138K, capacity 2284K, committed 2432K, reserved 1048576K

